[2015.08.02-02.15.42:906][  0]Log file open, 08/02/15 04:15:42
[2015.08.02-02.15.42:906][  0]LogInit:Display: Running engine for game: game
[2015.08.02-02.15.42:906][  0]LogInit:Display: RandInit(-1180156902) SRandInit(-1180156901).
[2015.08.02-02.15.42:906][  0]LogTaskGraph: Started task graph with 4 named threads and 7 total threads.
[2015.08.02-02.15.42:906][  0]LogStats: Stats thread started
[2015.08.02-02.15.42:906][  0]LogInit: Version: 4.8.3-2634408+++depot+UE4-Releases+4.8
[2015.08.02-02.15.42:906][  0]LogInit: API Version: 2579680
[2015.08.02-02.15.42:907][  0]LogInit: Compiled (64-bit): Jul 27 2015 16:24:33
[2015.08.02-02.15.42:907][  0]LogInit: Compiled with Visual C++: 18.00.21005.01
[2015.08.02-02.15.42:907][  0]LogInit: Build Configuration: Development
[2015.08.02-02.15.42:907][  0]LogInit: Branch Name: ++depot+UE4-Releases+4.8
[2015.08.02-02.15.42:907][  0]LogInit: Command line:  
[2015.08.02-02.15.42:907][  0]LogInit: Base directory: C:/Program Files/Epic Games/4.8/Engine/Binaries/Win64/
[2015.08.02-02.15.42:907][  0]LogInit: Rocket: 1
[2015.08.02-02.15.42:923][  0]LogInit: Using libcurl 7.41.0
[2015.08.02-02.15.42:923][  0]LogInit:  - built for x86_64-pc-win32
[2015.08.02-02.15.42:923][  0]LogInit:  - supports SSL with WinSSL
[2015.08.02-02.15.42:923][  0]LogInit:  - other features:
[2015.08.02-02.15.42:923][  0]LogInit:      CURL_VERSION_SSL
[2015.08.02-02.15.42:923][  0]LogInit:      CURL_VERSION_IPV6
[2015.08.02-02.15.42:923][  0]LogInit:      CURL_VERSION_ASYNCHDNS
[2015.08.02-02.15.42:923][  0]LogInit:      CURL_VERSION_LARGEFILE
[2015.08.02-02.15.42:923][  0]LogInit:      CURL_VERSION_IDN
[2015.08.02-02.15.42:923][  0]LogInit:  CurlRequestOptions (configurable via config and command line):
[2015.08.02-02.15.42:923][  0]LogInit:  - bVerifyPeer = true  - Libcurl will verify peer certificate
[2015.08.02-02.15.42:923][  0]LogInit:  - bUseHttpProxy = false  - Libcurl will NOT use HTTP proxy
[2015.08.02-02.15.42:923][  0]LogInit:  - bDontReuseConnections = false  - Libcurl will reuse connections
[2015.08.02-02.15.42:923][  0]LogInit:  - CertBundlePath = nullptr  - Libcurl will use whatever was configured at build time.
[2015.08.02-02.15.42:939][  0]LogOnline:Warning: No default platform service specified for OnlineSubsystem
[2015.08.02-02.15.42:961][  0]LogInit: Presizing for 0 objects not considered by GC, pre-allocating 0 bytes.
[2015.08.02-02.15.42:971][  0]LogInit: Object subsystem initialized
[2015.08.02-02.15.42:972][  0]LogConsoleResponse:Warning: Skipping Unknown console variable: 'TranslucentSortAxis = (X=0.000000,Y=-1.000000,Z=0.000000)'
[2015.08.02-02.15.42:972][  0]LogConsoleResponse:Warning:   Found in ini file 'C:/Users/Tokala/Documents/Unreal Projects/Game/Saved/Config/Windows/Engine.ini', in section '[/Script/Engine.RendererSettings]'
[2015.08.02-02.15.42:972][  0]LogConsoleResponse:Warning: Skipping Unknown console variable: 'UIScaleRule = ShortestSide'
[2015.08.02-02.15.42:972][  0]LogConsoleResponse:Warning:   Found in ini file 'C:/Users/Tokala/Documents/Unreal Projects/Game/Saved/Config/Windows/Engine.ini', in section '[/Script/Engine.RendererSettings]'
[2015.08.02-02.15.42:972][  0]LogConsoleResponse:Warning: Skipping Unknown console variable: 'UIScaleCurve = (EditorCurveData=(Keys=),ExternalCurve=None)'
[2015.08.02-02.15.42:972][  0]LogConsoleResponse:Warning:   Found in ini file 'C:/Users/Tokala/Documents/Unreal Projects/Game/Saved/Config/Windows/Engine.ini', in section '[/Script/Engine.RendererSettings]'
[2015.08.02-02.15.42:972][  0]LogInit: Selected Device Profile: [Windows]
[2015.08.02-02.15.42:972][  0]LogInit: Applying CVar settings loaded from the selected device profile: [Windows]
[2015.08.02-02.15.42:983][  0]LogInit: Computer: TOKALA-OTHER-PC
[2015.08.02-02.15.42:983][  0]LogInit: User: Tokala
[2015.08.02-02.15.42:983][  0]LogInit: CPU Page size=4096, Cores=4
[2015.08.02-02.15.42:983][  0]LogInit: High frequency timer resolution =3.433857 MHz
[2015.08.02-02.15.42:983][  0]LogMemory: Memory total: Physical=16.0GB (16GB approx)
[2015.08.02-02.15.42:983][  0]LogMemory: Platform Memory Stats for Windows
[2015.08.02-02.15.42:983][  0]LogMemory: Process Physical Memory: 50.49 MB used, 50.49 MB peak
[2015.08.02-02.15.42:983][  0]LogMemory: Process Virtual Memory: 24.38 MB used, 24.38 MB peak
[2015.08.02-02.15.42:983][  0]LogMemory: Physical Memory: 9865.56 MB used, 16366.65 MB total
[2015.08.02-02.15.42:983][  0]LogMemory: Virtual Memory: 281.98 MB used, 8388608.00 MB total
[2015.08.02-02.15.43:045][  0]LogTextLocalizationManager: The requested culture ('en_US') has no localization data; parent culture's ('en') localization data will be used.
[2015.08.02-02.15.43:354][  0]LogTextLocalizationManager:Warning: Loaded localization resources contain conflicting entries for (Namespace:ContentBrowser, Key:ImportAssetToolTip):
Localization Resource: (C:/Program Files/Epic Games/4.8/Engine/Content/Localization/Editor/en/Editor.locres) Source String Hash: (-630476809) Localized String: (Import to {0}...)
Localization Resource: (C:/Program Files/Epic Games/4.8/Engine/Content/Localization/Editor/en/Editor.locres) Source String Hash: (1271782899) Localized String: (Imports an asset from file to this folder.)
[2015.08.02-02.15.44:040][  0]LogD3D11RHI: Found D3D11 adapter 0: AMD Radeon R9 200 Series (Feature Level 11_0)
[2015.08.02-02.15.44:040][  0]LogD3D11RHI: Adapter has 3054MB of dedicated video memory, 0MB of dedicated system memory, and 3840MB of shared system memory, 2 output[s]
[2015.08.02-02.15.44:041][  0]LogD3D11RHI: Chosen D3D11 Adapter Id = 0
[2015.08.02-02.15.44:051][  0]LogD3D11RHI: InitD3DDevice
[2015.08.02-02.15.44:051][  0]LogD3D11RHI: !Direct3DDevice
[2015.08.02-02.15.44:051][  0]LogRHI: Texture pool is 1361 MB (70% of 1945 MB)
[2015.08.02-02.15.44:057][  0]LogD3D11RHI: Async texture creation disabled: no driver support
[2015.08.02-02.15.44:069][  0]LogShaderCompilers:Display: Using Local Shader Compiler.
[2015.08.02-02.15.45:241][  0]LogTemp:Display: Loaded TP DesktopTargetPlatform
[2015.08.02-02.15.45:268][  0]LogTemp:Display: Loaded TP WindowsClientTargetPlatform
[2015.08.02-02.15.45:292][  0]LogTemp:Display: Loaded TP WindowsNoEditorTargetPlatform
[2015.08.02-02.15.45:311][  0]LogTemp:Display: Loaded TP WindowsServerTargetPlatform
[2015.08.02-02.15.45:334][  0]LogTemp:Display: Loaded TP WindowsTargetPlatform
[2015.08.02-02.15.45:353][  0]LogTemp:Display: Loaded TP AndroidTargetPlatform
[2015.08.02-02.15.45:370][  0]LogTemp:Display: Loaded TP Android_ASTCTargetPlatform
[2015.08.02-02.15.45:388][  0]LogTemp:Display: Loaded TP Android_ATCTargetPlatform
[2015.08.02-02.15.45:409][  0]LogTemp:Display: Loaded TP Android_DXTTargetPlatform
[2015.08.02-02.15.45:425][  0]LogTemp:Display: Loaded TP Android_ETC1TargetPlatform
[2015.08.02-02.15.45:441][  0]LogTemp:Display: Loaded TP Android_ETC2TargetPlatform
[2015.08.02-02.15.45:459][  0]LogTemp:Display: Loaded TP Android_PVRTCTargetPlatform
[2015.08.02-02.15.45:524][  0]LogTemp:Display: Loaded TP IOSTargetPlatform
[2015.08.02-02.15.45:541][  0]LogTemp:Display: Loaded TP LinuxNoEditorTargetPlatform
[2015.08.02-02.15.45:561][  0]LogTemp:Display: Loaded TP LinuxServerTargetPlatform
[2015.08.02-02.15.45:585][  0]LogTemp:Display: Loaded TP LinuxTargetPlatform
[2015.08.02-02.15.45:585][  0]LogTargetPlatformManager:Display: Building Assets For Windows
[2015.08.02-02.15.45:908][  0]LogDerivedDataCache:Display: Max Cache Size: 512 MB
[2015.08.02-02.15.46:062][  0]LogDerivedDataCache: Loaded boot cache 0.15s 53MB C:/Users/Tokala/AppData/Local/UnrealEngine/4.8/DerivedDataCache/Boot.ddc.
[2015.08.02-02.15.46:062][  0]LogDerivedDataCache:Display: Loaded Boot cache: C:/Users/Tokala/AppData/Local/UnrealEngine/4.8/DerivedDataCache/Boot.ddc
[2015.08.02-02.15.46:062][  0]LogDerivedDataCache: FDerivedDataBackendGraph:  Pak pak cache file ../../../../../../Users/Tokala/Documents/Unreal Projects/Game/DerivedDataCache/DDC.ddp not found, will not use a pak cache.
[2015.08.02-02.15.46:062][  0]LogDerivedDataCache: Unable to find inner node Pak for hierarchical cache Hierarchy.
[2015.08.02-02.15.46:062][  0]LogDerivedDataCache: FDerivedDataBackendGraph:  CompressedPak pak cache file ../../../../../../Users/Tokala/Documents/Unreal Projects/Game/DerivedDataCache/Compressed.ddp not found, will not use a pak cache.
[2015.08.02-02.15.46:062][  0]LogDerivedDataCache: Unable to find inner node CompressedPak for hierarchical cache Hierarchy.
[2015.08.02-02.15.46:271][  0]LogDerivedDataCache:Display: Pak cache opened for reading ../../../Engine/DerivedDataCache/Compressed.ddp.
[2015.08.02-02.15.46:282][  0]LogDerivedDataCache: Using Local data cache path C:/Users/Tokala/AppData/Local/UnrealEngine/Common/DerivedDataCache: Writable
[2015.08.02-02.15.46:646][  0]LogInit: Selected Device Profile: [Windows]
[2015.08.02-02.15.46:656][  0]ImportText (ComponentSweepMultiTests): Missing closing parenthesis: (RootShapeAsset="/Engine/BasicShapes/Cube.Cube",ShapeType="TriggerCapsule",HitResult=(Time=0.50,Location=(X=-100.000015,Y=0.0,Z=100.000015),ImpactPoint=(X=-50.0,Y=0.0,Z=50.0),Normal=(X=-1.0,Y=-0.0,Z=0.0),ImpactNormal=(X=0.0,Y=0.0,Z=1.0),TraceStart=(X=-200.0,Y=0.0,Z=200.0),TraceEnd=(X=0.0,Y=0.0,Z=0.0))
[2015.08.02-02.15.46:657][  0]ImportText (LineTraceSingleByChannelTests): Missing closing parenthesis: (RootShapeAsset="/Engine/BasicShapes/Cube.Cube",HitResult=(Time=0.50,Location=(X=-100.000015,Y=0.0,Z=100.000015),ImpactPoint=(X=-50.0,Y=0.0,Z=50.0),Normal=(X=-1.0,Y=-0.0,Z=0.0),ImpactNormal=(X=0.0,Y=0.0,Z=1.0),TraceStart=(X=-200.0,Y=0.0,Z=200.0),TraceEnd=(X=0.0,Y=0.0,Z=0.0))
[2015.08.02-02.15.46:695][  0]LogMeshUtilities: No automatic mesh reduction module available
[2015.08.02-02.15.46:695][  0]LogMeshUtilities: No automatic mesh merging module available
[2015.08.02-02.15.47:404][  0]LogInit: WinSock: version 1.1 (2.2), MaxSocks=32767, MaxUdp=65467
[2015.08.02-02.15.48:950][  0]UdpMessaging: Initializing bridge on interface 0.0.0.0:0 to multicast group 230.0.0.1:6666.
[2015.08.02-02.15.49:479][  0]SourceControl: Info Source control is disabled
[2015.08.02-02.15.49:908][  0]LogObj: 26273 objects as part of root set at end of initial load.
[2015.08.02-02.15.49:908][  0]LogUObjectAllocator: 5409248 out of 0 bytes used by permanent object pool.
[2015.08.02-02.15.50:026][  0]LogEngine: Initializing Engine...
[2015.08.02-02.15.50:030][  0]LogHMD: Can't find Oculus library dev build: is proper Runtime installed? Version: 0.6.0.0
[2015.08.02-02.15.50:045][  0]LogHMD:Warning: SteamVR failed to initialize.  Error: 108
[2015.08.02-02.15.50:296][  0]LogAIModule: Creating AISystem for world NewWorld
[2015.08.02-02.15.50:396][  0]LogInit: XAudio2 using 'Main Line 1 (Virtual Audio Cable)' : 2 channels at 48 kHz using 16 bits per sample (channel mask 0x3)
[2015.08.02-02.15.50:407][  0]LogInit: FAudioDevice initialized.
[2015.08.02-02.15.50:464][  0]LogDerivedDataCache: Saved boot cache 0.06s 53MB C:/Users/Tokala/AppData/Local/UnrealEngine/4.8/DerivedDataCache/Boot.ddc.
[2015.08.02-02.15.50:477][  0]LogInit: Texture streaming: Disabled
[2015.08.02-02.15.50:509][  0]LogAnalytics: Creating configured Analytics provider AnalyticsET
[2015.08.02-02.15.50:509][  0]LogAnalytics: [UEEditor.Rocket.Release] APIServer = http://et2.epicgames.com/ET2/. AppVersion = 4.8.3-2634408+++depot+UE4-Releases+4.8
[2015.08.02-02.15.50:509][  0]LogAnalytics: [UEEditor.Rocket.Release] SetUserId 65de31594905b462db7181a8aa4b7a14|f5b1aae818df46afbd515a2ebd6af19b|a0e22b3b-da03-459e-827f-7f7c36f8cd2d
[2015.08.02-02.15.50:509][  0]LogAnalytics: [UEEditor.Rocket.Release] AnalyticsET::StartSession
[2015.08.02-02.15.50:549][  0]LogInit: Transaction tracking system initialized
[2015.08.02-02.15.50:746][  0]BlueprintLog: New page: Editor Load
[2015.08.02-02.15.50:798][  0]LogAssetRegistry: FAssetRegistry took 0.0095 seconds to start up
[2015.08.02-02.15.50:798][  0]LogDirectoryWatcher:Warning: Failed to begin reading directory changes for ../../../Engine/Plugins/Experimental/CharacterAI/Content/. Error: 0
[2015.08.02-02.15.51:994][  0]LogConsoleManager:Warning: Console variable 'r.VSync' wasn't set ('GameSetting' has a lower priority than 'SystemSettingsIni')
[2015.08.02-02.15.51:995][  0]LogConsoleResponse:Display: 
[2015.08.02-02.15.52:143][  0]LogCook:Display: Done creating registry. It took  0.00s.
[2015.08.02-02.15.52:464][  0]Cmd: MAP LOAD FILE="../../../Engine/Content/Maps/Templates/Template_Default.umap" TEMPLATE=1 SHOWPROGRESS=1 FEATURELEVEL=3
[2015.08.02-02.15.52:465][  0]LightingResults: New page: Lighting Build
[2015.08.02-02.15.52:483][  0]MapCheck: New page: Map Check
[2015.08.02-02.15.52:483][  0]LightingResults: New page: Lighting Build
[2015.08.02-02.15.52:499][  0]LogParticles: Destroying 0 GPU particle simulations for FXSystem 0x0000000015434B80
[2015.08.02-02.15.53:135][  0]LogAIModule: Creating AISystem for world Untitled_1
[2015.08.02-02.15.53:143][  0]LogEditorServer: Finished looking for orphan Actors (0.000 secs)
[2015.08.02-02.15.53:199][  0]Cmd: MAP CHECKDEP NOCLEARLOG
[2015.08.02-02.15.53:244][  0]MapCheck: Info Map check complete: 0 Error(s), 0 Warning(s), took 44.905ms to complete.
[2015.08.02-02.15.53:244][  0]LogFileHelpers: Loading map 'Template_Default' took 0.780
[2015.08.02-02.15.53:465][  0]LogCollectionManager: Loaded 0 collections in 0.002224 seconds
[2015.08.02-02.15.53:476][  0]LogContentBrowser: Native class hierarchy populated in 0.0105 seconds. Added 1792 classes and 301 folders.
[2015.08.02-02.15.53:561][  0]LogContentBrowser: Native class hierarchy updated for 'WidgetCarousel' in 0.0004 seconds. Added 0 classes and 0 folders.
[2015.08.02-02.15.53:598][  0]LogContentBrowser: Native class hierarchy updated for 'AddContentDialog' in 0.0005 seconds. Added 0 classes and 0 folders.
[2015.08.02-02.15.53:622][  0]LogContentBrowser: Native class hierarchy updated for 'SceneOutliner' in 0.0004 seconds. Added 1 classes and 2 folders.
[2015.08.02-02.15.53:699][  0]LogCrashTracker: Crashtracker disabled due to settings.
[2015.08.02-02.15.53:701][  0]LogD3D11RHI: InitD3DDevice
[2015.08.02-02.15.53:708][  0]LogUObjectGlobals:Warning: Failed to find object 'Class None.'
[2015.08.02-02.15.53:729][  0]LogLoad: Full Startup: 13.54 seconds (BP compile: 0.27 seconds)
[2015.08.02-02.15.53:846][  0]LogContentStreaming: Texture pool size is 0.000000MB
[2015.08.02-02.15.53:896][  0]LogContentStreaming: Texture pool size now 200 MB
[2015.08.02-02.15.54:066][  0]LogRenderer: Reallocating scene render targets to support 1208x576 (Frame:2).
[2015.08.02-02.15.54:561][  6]LogAssetRegistry: Asset discovery search completed in 3.7737 seconds
[2015.08.02-02.15.59:979][496]LogD3D11RHI: InitD3DDevice
[2015.08.02-02.16.01:413][619]LogD3D11RHI: InitD3DDevice
[2015.08.02-02.16.01:566][619]LogLinker:Warning: Can't find file '/Game/street_decor/lightpost__1_'
[2015.08.02-02.16.01:566][619]LogLinker:Warning: Can't find file for asset '/Game/street_decor/lightpost__1_' while loading ../../../../../../Users/Tokala/Documents/Unreal Projects/Game/Content/Maps/Noob_land_01.umap.
[2015.08.02-02.16.01:567][619]LoadErrors:Error: Error /Game/Maps/Noob_land_01 : Can't find file for asset. /Game/street_decor/lightpost__1_
[2015.08.02-02.16.01:568][619]LogLinker:Warning: Can't find file '/Game/street_decor/lightpost__1_'
[2015.08.02-02.16.01:568][619]LogLinker:Warning: Can't find file for asset '/Game/street_decor/lightpost__1_' while loading ../../../../../../Users/Tokala/Documents/Unreal Projects/Game/Content/Maps/Noob_land_01.umap.
[2015.08.02-02.16.01:584][619]LogUObjectGlobals:Warning: Guid is in use by ArrowComponent /Temp/Untitled_1.Untitled_1:PersistentLevel.LightSource.ArrowComponent0 and ArrowComponent /Game/Maps/Noob_land_01.Noob_land_01:PersistentLevel.LightSource.ArrowComponent0, which should never happen in the editor but could happen at runtime with duplicate level loading or PIE
[2015.08.02-02.16.01:585][619]LogUObjectGlobals:Warning: Guid is in use by ArrowComponent /Temp/Untitled_1.Untitled_1:PersistentLevel.PlayerStart.Arrow and ArrowComponent /Game/Maps/Noob_land_01.Noob_land_01:PersistentLevel.PlayerStart.Arrow, which should never happen in the editor but could happen at runtime with duplicate level loading or PIE
[2015.08.02-02.16.01:585][619]LogUObjectGlobals:Warning: Guid is in use by BillboardComponent /Temp/Untitled_1.Untitled_1:PersistentLevel.PlayerStart.Sprite and BillboardComponent /Game/Maps/Noob_land_01.Noob_land_01:PersistentLevel.PlayerStart.Sprite, which should never happen in the editor but could happen at runtime with duplicate level loading or PIE
[2015.08.02-02.16.01:585][619]LogUObjectGlobals:Warning: Guid is in use by BillboardComponent /Temp/Untitled_1.Untitled_1:PersistentLevel.PlayerStart.Sprite2 and BillboardComponent /Game/Maps/Noob_land_01.Noob_land_01:PersistentLevel.PlayerStart.Sprite2, which should never happen in the editor but could happen at runtime with duplicate level loading or PIE
[2015.08.02-02.16.01:585][619]LogUObjectGlobals:Warning: Guid is in use by BillboardComponent /Temp/Untitled_1.Untitled_1:PersistentLevel.SkyLight_1.Sprite and BillboardComponent /Game/Maps/Noob_land_01.Noob_land_01:PersistentLevel.SkyLight_1.Sprite, which should never happen in the editor but could happen at runtime with duplicate level loading or PIE
[2015.08.02-02.16.01:585][619]LogUObjectGlobals:Warning: Guid is in use by CapsuleComponent /Temp/Untitled_1.Untitled_1:PersistentLevel.PlayerStart.CollisionCapsule and CapsuleComponent /Game/Maps/Noob_land_01.Noob_land_01:PersistentLevel.PlayerStart.CollisionCapsule, which should never happen in the editor but could happen at runtime with duplicate level loading or PIE
[2015.08.02-02.16.01:585][619]LogUObjectGlobals:Warning: Guid is in use by DirectionalLightComponent /Temp/Untitled_1.Untitled_1:PersistentLevel.LightSource.LightComponent0 and DirectionalLightComponent /Game/Maps/Noob_land_01.Noob_land_01:PersistentLevel.LightSource.LightComponent0, which should never happen in the editor but could happen at runtime with duplicate level loading or PIE
[2015.08.02-02.16.01:593][619]LogUObjectGlobals:Warning: Guid is in use by SkyLightComponent /Temp/Untitled_1.Untitled_1:PersistentLevel.SkyLight_1.SkyLightComponent0 and SkyLightComponent /Game/Maps/Noob_land_01.Noob_land_01:PersistentLevel.SkyLight_1.SkyLightComponent0, which should never happen in the editor but could happen at runtime with duplicate level loading or PIE
[2015.08.02-02.16.01:594][619]LogLinker:Warning: Can't find file '/Game/street_decor/lightpost__1_'
[2015.08.02-02.16.01:594][619]LoadErrors: Info Failed to load /Game/street_decor/lightpost__1_.lightpost__1_ Referenced by lightpost__1__44
[2015.08.02-02.16.01:594][619]LogLinker:Warning: Can't find file for asset '/Game/street_decor/lightpost__1_' while loading NULL.
[2015.08.02-02.16.01:613][619]LogAIModule: Creating AISystem for world Noob_land_01
[2015.08.02-02.16.01:715][619]Cmd: MAP LOAD FILE="../../../../../../Users/Tokala/Documents/Unreal Projects/Game/Content/Maps/Noob_land_01.umap" TEMPLATE=0 SHOWPROGRESS=1 FEATURELEVEL=3
[2015.08.02-02.16.01:716][619]LightingResults: New page: Lighting Build
[2015.08.02-02.16.01:738][619]LoadErrors: New page: Loading map: Noob_land_01.umap
[2015.08.02-02.16.01:738][619]MapCheck: New page: Map Check
[2015.08.02-02.16.01:738][619]LightingResults: New page: Lighting Build
[2015.08.02-02.16.01:755][619]LogParticles: Destroying 0 GPU particle simulations for FXSystem 0x000000000EDA3560
[2015.08.02-02.16.01:862][619]LogLinker:Warning: Can't find file '/Game/street_decor/lightpost__1_'
[2015.08.02-02.16.01:862][619]LogLinker:Warning: Can't find file for asset '/Game/street_decor/lightpost__1_' while loading ../../../../../../Users/Tokala/Documents/Unreal Projects/Game/Content/Maps/Noob_land_01.umap.
[2015.08.02-02.16.01:862][619]LoadErrors:Error: Error /Game/Maps/Noob_land_01 : Can't find file for asset. /Game/street_decor/lightpost__1_
[2015.08.02-02.16.01:863][619]LogLinker:Warning: Can't find file '/Game/street_decor/lightpost__1_'
[2015.08.02-02.16.01:864][619]LogLinker:Warning: Can't find file for asset '/Game/street_decor/lightpost__1_' while loading ../../../../../../Users/Tokala/Documents/Unreal Projects/Game/Content/Maps/Noob_land_01.umap.
[2015.08.02-02.16.01:892][619]LogLinker:Warning: Can't find file '/Game/street_decor/lightpost__1_'
[2015.08.02-02.16.01:893][619]LoadErrors: Info Failed to load /Game/street_decor/lightpost__1_.lightpost__1_ Referenced by lightpost__1__44
[2015.08.02-02.16.01:893][619]LogLinker:Warning: Can't find file for asset '/Game/street_decor/lightpost__1_' while loading NULL.
[2015.08.02-02.16.01:901][619]LogAIModule: Creating AISystem for world Noob_land_01
[2015.08.02-02.16.01:960][619]LogEditorServer: Finished looking for orphan Actors (0.000 secs)
[2015.08.02-02.16.02:011][619]LogD3D11RHI: InitD3DDevice
[2015.08.02-02.16.02:063][619]Cmd: MAP CHECKDEP NOCLEARLOG
[2015.08.02-02.16.02:107][619]MapCheck: Info Map check complete: 0 Error(s), 0 Warning(s), took 43.429ms to complete.
[2015.08.02-02.16.02:107][619]LogFileHelpers: Loading map 'Noob_land_01' took 0.393
[2015.08.02-02.16.02:178][620]Cmd: UpdateLandscapeEditorData -warnings
[2015.08.02-02.16.02:180][620]Cmd: UpdateLandscapeEditorData
[2015.08.02-02.16.14:807][731]LogD3D11RHI: InitD3DDevice
[2015.08.02-02.16.14:843][732]LogActorFactory: Actor Factory created TrafficLight
[2015.08.02-02.16.15:697][793]LogActorFactory: Actor Factory created TrafficLight
[2015.08.02-02.16.20:388][129]LogD3D11RHI: InitD3DDevice
[2015.08.02-02.16.21:772][212]LogD3D11RHI: InitD3DDevice
[2015.08.02-02.16.22:408][258]LogEditorFactories: Performing atomic reimport of [C:/Users/Tokala/Documents/Unreal Projects/Game/non U4 Models/TrafficLight.obj]
[2015.08.02-02.16.22:454][258]LogD3D11RHI: InitD3DDevice
[2015.08.02-02.16.22:501][258]LogFbx: Loading FBX Scene from C:/Users/Tokala/Documents/Unreal Projects/Game/non U4 Models/TrafficLight.obj
[2015.08.02-02.16.22:515][258]LogFbx: FBX Scene Loaded Succesfully
[2015.08.02-02.16.22:519][258]LogFbx:Warning: Warning Warning: No smoothing group information was found in this FBX scene.  Please make sure to enable the 'Export Smoothing Groups' option in the FBX Exporter plug-in before exporting the file.  Even for tools that don't support smoothing groups, the FBX Exporter will generate appropriate smoothing data at export-time so that correct vertex normals can be inferred while importing.
[2015.08.02-02.16.22:520][258]LogFbx:Warning: Triangulating static mesh default
[2015.08.02-02.16.22:887][258]LogD3D11RHI: InitD3DDevice
[2015.08.02-02.16.22:906][258]LogStaticMesh: Building static mesh TrafficLight...
[2015.08.02-02.16.22:938][258]LogStaticMesh: Built static mesh [0.032588.2s] /Game/street_decor/TrafficLight.TrafficLight
[2015.08.02-02.16.22:952][258]LogStaticMesh:Warning: TrafficLight has degenerate tangent bases which will result in incorrect shading. 
[2015.08.02-02.16.22:962][258]LogFbx:Warning: Warning TrafficLight has degenerate tangent bases which will result in incorrect shading. 
[2015.08.02-02.16.22:974][258]LogEditorFactories: -- imported successfully
[2015.08.02-02.16.23:006][258]LogD3D11RHI: InitD3DDevice
[2015.08.02-02.17.33:624][951]LogD3D11RHI: InitD3DDevice
[2015.08.02-02.17.34:111][975]LogD3D11RHI: InitD3DDevice
[2015.08.02-02.17.35:652][ 88]LogD3D11RHI: InitD3DDevice
[2015.08.02-02.17.35:704][ 88]Cmd: OBJ SAVEPACKAGE PACKAGE="/Game/street_decor/TrafficLight" FILE="../../../../../../Users/Tokala/Documents/Unreal Projects/Game/Content/street_decor/TrafficLight.uasset" SILENT=true
[2015.08.02-02.17.35:732][ 88]LogSavePackage: Save=12.313268ms
[2015.08.02-02.17.35:732][ 88]LogSavePackage: Moving '../../../../../../Users/Tokala/Documents/Unreal Projects/Game/Saved/TrafficLight35B2FD044F779E638EFC4BA7A3EE8DF3.tmp' to '../../../../../../Users/Tokala/Documents/Unreal Projects/Game/Content/street_decor/TrafficLight.uasset'
[2015.08.02-02.25.53:041][848]LogD3D11RHI: InitD3DDevice
[2015.08.02-02.26.02:052][875]LogD3D11RHI: InitD3DDevice
[2015.08.02-02.26.02:349][875]LogSavePackage: Save=87.886009ms
[2015.08.02-02.26.02:349][875]LogSavePackage: Moving '../../../../../../Users/Tokala/Documents/Unreal Projects/Game/Saved/Noob_land_01_Auto1DDD4CF8B483703FE26A4DCA09A96E54B.tmp' to '../../../../../../Users/Tokala/Documents/Unreal Projects/Game/Saved/Autosaves/Game/Maps/Noob_land_01_Auto1.umap'
[2015.08.02-02.26.02:352][875]LogFileHelpers: Editor autosave (incl. sublevels) for '/Game/Maps/Noob_land_01' took 0.135
[2015.08.02-02.26.02:352][875]LogFileHelpers: Editor autosave (incl. sublevels) for all levels took 0.135
[2015.08.02-02.29.59:597][768]LogD3D11RHI: InitD3DDevice
[2015.08.02-02.30.01:656][908]LogD3D11RHI: InitD3DDevice
[2015.08.02-02.30.01:724][908]Cmd: OBJ SAVEPACKAGE PACKAGE="/Game/Maps/Noob_land_01" FILE="../../../../../../Users/Tokala/Documents/Unreal Projects/Game/Content/Maps/Noob_land_01.umap" SILENT=true AUTOSAVING=false KEEPDIRTY=false
[2015.08.02-02.30.01:853][908]LogSavePackage: Save=92.039940ms
[2015.08.02-02.30.01:853][908]LogSavePackage: Moving '../../../../../../Users/Tokala/Documents/Unreal Projects/Game/Saved/Noob_land_01F1DB3C2C45FA87D961AEE7B4CF2755DC.tmp' to '../../../../../../Users/Tokala/Documents/Unreal Projects/Game/Content/Maps/Noob_land_01.umap'
[2015.08.02-02.30.01:887][908]LogFileHelpers: Saving map 'Noob_land_01' took 0.209
[2015.08.02-02.33.44:630][384]LogD3D11RHI: InitD3DDevice
[2015.08.02-02.33.45:056][414]LogD3D11RHI: InitD3DDevice
[2015.08.02-02.35.00:365][ 73]LogD3D11RHI: InitD3DDevice
[2015.08.02-02.35.00:462][ 73]LogD3D11RHI: InitD3DDevice
[2015.08.02-02.35.00:464][ 73]LogAssetTools:Warning: Failed to import 'C:\Users\Tokala\Documents\Unreal Projects\Game\Content\Maps\Asset_map.umap'. Unknown extension 'umap'.
[2015.08.02-02.35.12:023][224]Cmd: QUIT_EDITOR
[2015.08.02-02.35.12:359][224]LogExit: Preparing to exit.
[2015.08.02-02.35.13:106][224]LogExit: Editor shut down
[2015.08.02-02.35.13:107][224]LogExit: Transaction tracking system shut down
[2015.08.02-02.35.13:108][224]LogParticles: Destroying 0 GPU particle simulations for FXSystem 0x000000001D4BB9C0
[2015.08.02-02.35.13:108][224]LogParticles: Destroying 0 GPU particle simulations for FXSystem 0x00000000107FC900
[2015.08.02-02.35.13:108][224]LogParticles: Destroying 0 GPU particle simulations for FXSystem 0x000000000C81E0C0
[2015.08.02-02.35.13:293][224]LogParticles: Destroying 0 GPU particle simulations for FXSystem 0x000000002306C220
[2015.08.02-02.35.13:293][224]LogExit: Object subsystem successfully closed.
[2015.08.02-02.35.13:312][224]LogD3D11RHI: Shutdown
[2015.08.02-02.35.13:312][224]LogD3D11RHI: CleanupD3DDevice
[2015.08.02-02.35.13:358][224]LogD3D11RHI: ~FD3D11DynamicRHI
[2015.08.02-02.35.13:380][224]LogModuleManager: Shutting down and abandoning module CrashTracker (188)
[2015.08.02-02.35.13:380][224]LogModuleManager: Shutting down and abandoning module SceneOutliner (187)
[2015.08.02-02.35.13:380][224]LogModuleManager: Shutting down and abandoning module SuperSearch (186)
[2015.08.02-02.35.13:380][224]LogModuleManager: Shutting down and abandoning module WidgetCarousel (185)
[2015.08.02-02.35.13:380][224]LogModuleManager: Shutting down and abandoning module AddContentDialog (184)
[2015.08.02-02.35.13:381][224]LogModuleManager: Shutting down and abandoning module EditorWidgets (183)
[2015.08.02-02.35.13:381][224]LogModuleManager: Shutting down and abandoning module CollectionManager (182)
[2015.08.02-02.35.13:381][224]LogModuleManager: Shutting down and abandoning module StatsViewer (181)
[2015.08.02-02.35.13:381][224]LogModuleManager: Shutting down and abandoning module FoliageEdit (180)
[2015.08.02-02.35.13:381][224]LogModuleManager: Shutting down and abandoning module LandscapeEditor (179)
[2015.08.02-02.35.13:381][224]LogModuleManager: Shutting down and abandoning module ActorPickerMode (178)
[2015.08.02-02.35.13:381][224]LogModuleManager: Shutting down and abandoning module GeometryMode (177)
[2015.08.02-02.35.13:381][224]LogModuleManager: Shutting down and abandoning module TextureAlignMode (176)
[2015.08.02-02.35.13:381][224]LogModuleManager: Shutting down and abandoning module BspMode (175)
[2015.08.02-02.35.13:382][224]LogModuleManager: Shutting down and abandoning module PlacementMode (174)
[2015.08.02-02.35.13:382][224]LogModuleManager: Shutting down and abandoning module AutomationWorker (173)
[2015.08.02-02.35.13:382][224]LogModuleManager: Shutting down and abandoning module CharacterAI (172)
[2015.08.02-02.35.13:382][224]LogModuleManager: Shutting down and abandoning module SmartSnapping (171)
[2015.08.02-02.35.13:382][224]LogModuleManager: Shutting down and abandoning module ViewportSnapping (170)
[2015.08.02-02.35.13:382][224]LogModuleManager: Shutting down and abandoning module LogVisualizer (169)
[2015.08.02-02.35.13:382][224]LogModuleManager: Shutting down and abandoning module GameProjectGeneration (168)
[2015.08.02-02.35.13:382][224]LogModuleManager: Shutting down and abandoning module IntroTutorials (167)
[2015.08.02-02.35.13:382][224]LogModuleManager: Shutting down and abandoning module EditorLiveStreaming (166)
[2015.08.02-02.35.13:382][224]LogModuleManager: Shutting down and abandoning module IOSPlatformEditor (165)
[2015.08.02-02.35.13:382][224]LogModuleManager: Shutting down and abandoning module HTML5PlatformEditor (164)
[2015.08.02-02.35.13:382][224]LogModuleManager: Shutting down and abandoning module AndroidDeviceDetection (163)
[2015.08.02-02.35.13:696][224]LogModuleManager: Shutting down and abandoning module AndroidPlatformEditor (162)
[2015.08.02-02.35.13:696][224]LogModuleManager: Shutting down and abandoning module IOSRuntimeSettings (161)
[2015.08.02-02.35.13:696][224]LogModuleManager: Shutting down and abandoning module AndroidRuntimeSettings (160)
[2015.08.02-02.35.13:696][224]LogModuleManager: Shutting down and abandoning module MergeActors (159)
[2015.08.02-02.35.13:696][224]LogModuleManager: Shutting down and abandoning module SizeMap (158)
[2015.08.02-02.35.13:696][224]LogModuleManager: Shutting down and abandoning module TreeMap (157)
[2015.08.02-02.35.13:696][224]LogModuleManager: Shutting down and abandoning module ReferenceViewer (156)
[2015.08.02-02.35.13:696][224]LogModuleManager: Shutting down and abandoning module LocalizationDashboard (155)
[2015.08.02-02.35.13:696][224]LogModuleManager: Shutting down and abandoning module HardwareTargeting (154)
[2015.08.02-02.35.13:696][224]LogModuleManager: Shutting down and abandoning module DeviceProfileEditor (153)
[2015.08.02-02.35.13:696][224]LogModuleManager: Shutting down and abandoning module UndoHistory (152)
[2015.08.02-02.35.13:696][224]LogModuleManager: Shutting down and abandoning module GameplayTagsEditor (151)
[2015.08.02-02.35.13:696][224]LogModuleManager: Shutting down and abandoning module UserFeedback (150)
[2015.08.02-02.35.13:696][224]LogModuleManager: Shutting down and abandoning module XmlParser (149)
[2015.08.02-02.35.13:696][224]LogModuleManager: Shutting down and abandoning module Blutility (148)
[2015.08.02-02.35.13:696][224]LogModuleManager: Shutting down and abandoning module ProjectTargetPlatformEditor (147)
[2015.08.02-02.35.13:696][224]LogModuleManager: Shutting down and abandoning module ProjectSettingsViewer (146)
[2015.08.02-02.35.13:696][224]LogModuleManager: Shutting down and abandoning module InputBindingEditor (145)
[2015.08.02-02.35.13:696][224]LogModuleManager: Shutting down and abandoning module EditorSettingsViewer (144)
[2015.08.02-02.35.13:696][224]LogModuleManager: Shutting down and abandoning module SettingsEditor (143)
[2015.08.02-02.35.13:696][224]LogModuleManager: Shutting down and abandoning module ProjectLauncher (142)
[2015.08.02-02.35.13:696][224]LogModuleManager: Shutting down and abandoning module SessionFrontend (141)
[2015.08.02-02.35.13:696][224]LogModuleManager: Shutting down and abandoning module ProfilerClient (140)
[2015.08.02-02.35.13:696][224]LogModuleManager: Shutting down and abandoning module TargetDeviceServices (139)
[2015.08.02-02.35.13:696][224]LogModuleManager: Shutting down and abandoning module DeviceManager (138)
[2015.08.02-02.35.13:696][224]LogModuleManager: Shutting down and abandoning module AutomationController (137)
[2015.08.02-02.35.13:697][224]LogModuleManager: Shutting down and abandoning module AutomationWindow (136)
[2015.08.02-02.35.13:697][224]LogModuleManager: Shutting down and abandoning module Layers (135)
[2015.08.02-02.35.13:697][224]LogModuleManager: Shutting down and abandoning module ComponentVisualizers (134)
[2015.08.02-02.35.13:697][224]LogModuleManager: Shutting down and abandoning module DetailCustomizations (133)
[2015.08.02-02.35.13:697][224]LogModuleManager: Shutting down and abandoning module PackagesDialog (132)
[2015.08.02-02.35.13:697][224]LogModuleManager: Shutting down and abandoning module AssetRegistry (131)
[2015.08.02-02.35.13:813][224]LogModuleManager: Shutting down and abandoning module Persona (130)
[2015.08.02-02.35.13:813][224]LogModuleManager: Shutting down and abandoning module Kismet (129)
[2015.08.02-02.35.13:813][224]LogModuleManager: Shutting down and abandoning module GraphEditor (128)
[2015.08.02-02.35.13:813][224]LogModuleManager: Shutting down and abandoning module ClassViewer (127)
[2015.08.02-02.35.13:813][224]LogModuleManager: Shutting down and abandoning module Toolbox (126)
[2015.08.02-02.35.13:813][224]LogModuleManager: Shutting down and abandoning module ModuleUI (125)
[2015.08.02-02.35.13:813][224]LogModuleManager: Shutting down and abandoning module MovieSceneTools (124)
[2015.08.02-02.35.13:813][224]LogModuleManager: Shutting down and abandoning module OutputLog (123)
[2015.08.02-02.35.13:813][224]LogModuleManager: Shutting down and abandoning module GammaUI (122)
[2015.08.02-02.35.13:813][224]LogModuleManager: Shutting down and abandoning module Documentation (121)
[2015.08.02-02.35.13:813][224]LogModuleManager: Shutting down and abandoning module GameLiveStreaming (120)
[2015.08.02-02.35.13:813][224]LogModuleManager: Shutting down and abandoning module StreamingPauseRendering (119)
[2015.08.02-02.35.13:814][224]LogModuleManager: Shutting down and abandoning module AnalyticsET (118)
[2015.08.02-02.35.13:814][224]LogModuleManager: Shutting down and abandoning module Analytics (117)
[2015.08.02-02.35.13:814][224]LogModuleManager: Shutting down and abandoning module AITestSuite (116)
[2015.08.02-02.35.13:814][224]LogModuleManager: Shutting down and abandoning module GameplayDebugger (115)
[2015.08.02-02.35.13:814][224]LogModuleManager: Shutting down and abandoning module AIModule (114)
[2015.08.02-02.35.13:814][224]LogModuleManager: Shutting down and abandoning module ProfilerService (113)
[2015.08.02-02.35.14:037][224]LogModuleManager: Shutting down and abandoning module TaskGraph (112)
[2015.08.02-02.35.14:037][224]LogModuleManager: Shutting down and abandoning module SlateRemote (111)
[2015.08.02-02.35.14:037][224]LogModuleManager: Shutting down and abandoning module SteamVRController (110)
[2015.08.02-02.35.14:037][224]LogModuleManager: Shutting down and abandoning module SteamVR (109)
[2015.08.02-02.35.14:037][224]LogModuleManager: Shutting down and abandoning module ProceduralMeshComponent (108)
[2015.08.02-02.35.14:037][224]LogModuleManager: Shutting down and abandoning module OculusRift (107)
[2015.08.02-02.35.14:037][224]LogModuleManager: Shutting down and abandoning module LeapMotionController (106)
[2015.08.02-02.35.14:069][224]LogModuleManager: Shutting down and abandoning module CustomMeshComponent (105)
[2015.08.02-02.35.14:069][224]LogModuleManager: Shutting down and abandoning module CableComponent (104)
[2015.08.02-02.35.14:069][224]LogModuleManager: Shutting down and abandoning module MessagingDebugger (103)
[2015.08.02-02.35.14:069][224]LogModuleManager: Shutting down and abandoning module MediaPlayerEditor (102)
[2015.08.02-02.35.14:069][224]LogModuleManager: Shutting down and abandoning module SpeedTreeImporter (101)
[2015.08.02-02.35.14:069][224]LogModuleManager: Shutting down and abandoning module PluginBrowser (100)
[2015.08.02-02.35.14:069][224]LogModuleManager: Shutting down and abandoning module EpicSurvey (99)
[2015.08.02-02.35.14:069][224]LogModuleManager: Shutting down and abandoning module DesktopPlatform (98)
[2015.08.02-02.35.14:069][224]LogModuleManager: Shutting down and abandoning module VisualStudioSourceCodeAccess (97)
[2015.08.02-02.35.14:069][224]LogModuleManager: Shutting down and abandoning module UObjectPlugin (96)
[2015.08.02-02.35.14:069][224]LogModuleManager: Shutting down and abandoning module SubversionSourceControl (95)
[2015.08.02-02.35.14:069][224]LogModuleManager: Shutting down and abandoning module PerforceSourceControl (94)
[2015.08.02-02.35.14:069][224]LogModuleManager: Shutting down and abandoning module SourceControl (93)
[2015.08.02-02.35.14:069][224]LogModuleManager: Shutting down and abandoning module GitSourceControl (92)
[2015.08.02-02.35.14:069][224]LogModuleManager: Shutting down and abandoning module BlankPlugin (91)
[2015.08.02-02.35.14:069][224]LogModuleManager: Shutting down and abandoning module PaperTiledImporter (90)
[2015.08.02-02.35.14:069][224]LogModuleManager: Shutting down and abandoning module PaperSpriteSheetImporter (89)
[2015.08.02-02.35.14:069][224]LogModuleManager: Shutting down and abandoning module MeshPaint (88)
[2015.08.02-02.35.14:069][224]LogModuleManager: Shutting down and abandoning module SlateReflector (87)
[2015.08.02-02.35.14:069][224]LogModuleManager: Shutting down and abandoning module DirectoryWatcher (86)
[2015.08.02-02.35.14:070][224]LogModuleManager: Shutting down and abandoning module HotReload (85)
[2015.08.02-02.35.14:070][224]LogModuleManager: Shutting down and abandoning module MainFrame (84)
[2015.08.02-02.35.14:070][224]LogModuleManager: Shutting down and abandoning module LevelEditor (83)
[2015.08.02-02.35.14:071][224]LogModuleManager: Shutting down and abandoning module ContentBrowser (82)
[2015.08.02-02.35.14:072][224]LogModuleManager: Shutting down and abandoning module Paper2DEditor (81)
[2015.08.02-02.35.14:072][224]LogModuleManager: Shutting down and abandoning module UdpMessaging (80)
[2015.08.02-02.35.14:172][224]LogModuleManager: Shutting down and abandoning module Paper2D (79)
[2015.08.02-02.35.14:172][224]LogModuleManager: Shutting down and abandoning module WindowsMoviePlayer (78)
[2015.08.02-02.35.14:177][224]LogModuleManager: Shutting down and abandoning module Media (77)
[2015.08.02-02.35.14:177][224]LogModuleManager: Shutting down and abandoning module WmfMedia (76)
[2015.08.02-02.35.14:177][224]LogModuleManager: Shutting down and abandoning module OnlineBlueprintSupport (75)
[2015.08.02-02.35.14:177][224]LogModuleManager: Shutting down and abandoning module PropertyEditor (74)
[2015.08.02-02.35.14:177][224]LogModuleManager: Shutting down and abandoning module BehaviorTreeEditor (73)
[2015.08.02-02.35.14:177][224]LogModuleManager: Shutting down and abandoning module FunctionalTesting (72)
[2015.08.02-02.35.14:177][224]LogModuleManager: Shutting down and abandoning module CollisionAnalyzer (71)
[2015.08.02-02.35.14:177][224]LogModuleManager: Shutting down and abandoning module WorkspaceMenuStructure (70)
[2015.08.02-02.35.14:177][224]LogModuleManager: Shutting down and abandoning module MessageLog (69)
[2015.08.02-02.35.14:177][224]LogModuleManager: Shutting down and abandoning module Sequencer (68)
[2015.08.02-02.35.14:177][224]LogModuleManager: Shutting down and abandoning module AssetTools (67)
[2015.08.02-02.35.14:177][224]LogModuleManager: Shutting down and abandoning module UMGEditor (66)
[2015.08.02-02.35.14:177][224]LogModuleManager: Shutting down and abandoning module UMG (65)
[2015.08.02-02.35.14:177][224]LogModuleManager: Shutting down and abandoning module Slate (64)
[2015.08.02-02.35.14:177][224]LogModuleManager: Shutting down and abandoning module EditorStyle (63)
[2015.08.02-02.35.14:181][224]LogModuleManager: Shutting down and abandoning module SessionServices (62)
[2015.08.02-02.35.14:181][224]LogModuleManager: Shutting down and abandoning module SourceCodeAccess (61)
[2015.08.02-02.35.14:181][224]LogModuleManager: Shutting down and abandoning module HeadMountedDisplay (60)
[2015.08.02-02.35.14:181][224]LogModuleManager: Shutting down and abandoning module XAudio2 (59)
[2015.08.02-02.35.14:181][224]LogModuleManager: Shutting down and abandoning module Networking (57)
[2015.08.02-02.35.14:181][224]LogModuleManager: Shutting down and abandoning module Core (56)
[2015.08.02-02.35.14:181][224]LogModuleManager: Shutting down and abandoning module KismetCompiler (55)
[2015.08.02-02.35.14:182][224]LogModuleManager: Shutting down and abandoning module PhysXFormats (54)
[2015.08.02-02.35.14:182][224]LogModuleManager: Shutting down and abandoning module MeshUtilities (53)
[2015.08.02-02.35.14:182][224]LogModuleManager: Shutting down and abandoning module DerivedDataCache (52)
[2015.08.02-02.35.14:218][224]LogDerivedDataCache: Shutdown
[2015.08.02-02.35.14:218][224]LogModuleManager: Shutting down and abandoning module ShaderFormatOpenGL (51)
[2015.08.02-02.35.14:218][224]LogModuleManager: Shutting down and abandoning module ShaderFormatD3D (50)
[2015.08.02-02.35.14:218][224]LogModuleManager: Shutting down and abandoning module MetalShaderFormat (49)
[2015.08.02-02.35.14:218][224]LogModuleManager: Shutting down and abandoning module TextureFormatUncompressed (48)
[2015.08.02-02.35.14:218][224]LogModuleManager: Shutting down and abandoning module TextureFormatPVR (47)
[2015.08.02-02.35.14:218][224]LogModuleManager: Shutting down and abandoning module TextureFormatIntelISPCTexComp (46)
[2015.08.02-02.35.14:218][224]LogModuleManager: Shutting down and abandoning module TextureFormatDXT (45)
[2015.08.02-02.35.14:218][224]LogModuleManager: Shutting down and abandoning module ImageWrapper (44)
[2015.08.02-02.35.14:218][224]LogModuleManager: Shutting down and abandoning module TextureFormatASTC (43)
[2015.08.02-02.35.14:218][224]LogModuleManager: Shutting down and abandoning module TextureFormatAndroid (42)
[2015.08.02-02.35.14:218][224]LogModuleManager: Shutting down and abandoning module AudioFormatOpus (41)
[2015.08.02-02.35.14:218][224]LogModuleManager: Shutting down and abandoning module AudioFormatOgg (40)
[2015.08.02-02.35.14:218][224]LogModuleManager: Shutting down and abandoning module AudioFormatADPCM (39)
[2015.08.02-02.35.14:218][224]LogModuleManager: Shutting down and abandoning module LinuxTargetPlatform (38)
[2015.08.02-02.35.14:218][224]LogModuleManager: Shutting down and abandoning module LinuxServerTargetPlatform (37)
[2015.08.02-02.35.14:218][224]LogModuleManager: Shutting down and abandoning module LinuxNoEditorTargetPlatform (36)
[2015.08.02-02.35.14:218][224]LogModuleManager: Shutting down and abandoning module Messaging (35)
[2015.08.02-02.35.14:218][224]LogModuleManager: Shutting down and abandoning module IOSTargetPlatform (34)
[2015.08.02-02.35.14:218][224]LogModuleManager: Shutting down and abandoning module HTML5TargetPlatform (33)
[2015.08.02-02.35.14:218][224]LogModuleManager: Shutting down and abandoning module Android_PVRTCTargetPlatform (32)
[2015.08.02-02.35.14:218][224]LogModuleManager: Shutting down and abandoning module Android_ETC2TargetPlatform (31)
[2015.08.02-02.35.14:218][224]LogModuleManager: Shutting down and abandoning module Android_ETC1TargetPlatform (30)
[2015.08.02-02.35.14:218][224]LogModuleManager: Shutting down and abandoning module Android_DXTTargetPlatform (29)
[2015.08.02-02.35.14:218][224]LogModuleManager: Shutting down and abandoning module Android_ATCTargetPlatform (28)
[2015.08.02-02.35.14:218][224]LogModuleManager: Shutting down and abandoning module Android_ASTCTargetPlatform (27)
[2015.08.02-02.35.14:218][224]LogModuleManager: Shutting down and abandoning module AndroidTargetPlatform (26)
[2015.08.02-02.35.14:218][224]LogModuleManager: Shutting down and abandoning module WindowsTargetPlatform (25)
[2015.08.02-02.35.14:218][224]LogModuleManager: Shutting down and abandoning module WindowsServerTargetPlatform (24)
[2015.08.02-02.35.14:218][224]LogModuleManager: Shutting down and abandoning module WindowsNoEditorTargetPlatform (23)
[2015.08.02-02.35.14:218][224]LogModuleManager: Shutting down and abandoning module WindowsClientTargetPlatform (22)
[2015.08.02-02.35.14:218][224]LogModuleManager: Shutting down and abandoning module DesktopTargetPlatform (21)
[2015.08.02-02.35.14:218][224]LogModuleManager: Shutting down and abandoning module TargetPlatform (20)
[2015.08.02-02.35.14:218][224]LogModuleManager: Shutting down and abandoning module InputCore (19)
[2015.08.02-02.35.14:218][224]LogModuleManager: Shutting down and abandoning module Settings (18)
[2015.08.02-02.35.14:219][224]LogModuleManager: Shutting down and abandoning module OnlineSubsystem (16)
[2015.08.02-02.35.14:219][224]LogModuleManager: Shutting down and abandoning module HTTP (15)
[2015.08.02-02.35.14:219][224]LogModuleManager: Shutting down and abandoning module ExampleDeviceProfileSelector (14)
[2015.08.02-02.35.14:219][224]LogModuleManager: Shutting down and abandoning module TextureCompressor (13)
[2015.08.02-02.35.14:219][224]LogModuleManager: Shutting down and abandoning module ShaderCore (12)
[2015.08.02-02.35.14:219][224]LogModuleManager: Shutting down and abandoning module Landscape (11)
[2015.08.02-02.35.14:219][224]LogModuleManager: Shutting down and abandoning module SlateRHIRenderer (10)
[2015.08.02-02.35.14:221][224]LogModuleManager: Shutting down and abandoning module OpenGLDrv (9)
[2015.08.02-02.35.14:221][224]LogModuleManager: Shutting down and abandoning module D3D11RHI (8)
[2015.08.02-02.35.14:221][224]LogModuleManager: Shutting down and abandoning module Renderer (7)
[2015.08.02-02.35.14:222][224]LogModuleManager: Shutting down and abandoning module Engine (6)
[2015.08.02-02.35.14:222][224]LogModuleManager: Shutting down and abandoning module CoreUObject (5)
[2015.08.02-02.35.14:222][224]LogModuleManager: Shutting down and abandoning module NetworkFile (4)
[2015.08.02-02.35.14:222][224]LogModuleManager: Shutting down and abandoning module StreamingFile (3)
[2015.08.02-02.35.14:222][224]LogModuleManager: Shutting down and abandoning module SandboxFile (2)
[2015.08.02-02.35.14:222][224]LogModuleManager: Shutting down and abandoning module PakFile (1)
[2015.08.02-02.35.14:222][224]LogExit: Exiting.
[2015.08.02-02.35.14:224][224]Log file closed, 08/02/15 04:35:14
