[2015.08.01-19.04.08:243][  0]Log file open, 08/01/15 21:04:08
[2015.08.01-19.04.08:243][  0]LogInit:Display: Running engine without a game
[2015.08.01-19.04.08:243][  0]LogInit:Display: Loading recent project file: ../../../../../../Users/Tokala/Documents/Unreal Projects/Game/game.uproject
[2015.08.01-19.04.08:243][  0]LogInit:Display: RandInit(120095250) SRandInit(120095254).
[2015.08.01-19.04.08:243][  0]LogTaskGraph: Started task graph with 4 named threads and 7 total threads.
[2015.08.01-19.04.08:243][  0]LogStats: Stats thread started
[2015.08.01-19.04.08:243][  0]LogInit: Version: 4.8.3-2634408+++depot+UE4-Releases+4.8
[2015.08.01-19.04.08:243][  0]LogInit: API Version: 2579680
[2015.08.01-19.04.08:243][  0]LogInit: Compiled (64-bit): Jul 27 2015 16:24:33
[2015.08.01-19.04.08:243][  0]LogInit: Compiled with Visual C++: 18.00.21005.01
[2015.08.01-19.04.08:243][  0]LogInit: Build Configuration: Development
[2015.08.01-19.04.08:243][  0]LogInit: Branch Name: ++depot+UE4-Releases+4.8
[2015.08.01-19.04.08:243][  0]LogInit: Command line: 
[2015.08.01-19.04.08:243][  0]LogInit: Base directory: C:/Program Files/Epic Games/4.8/Engine/Binaries/Win64/
[2015.08.01-19.04.08:243][  0]LogInit: Rocket: 1
[2015.08.01-19.04.08:260][  0]LogInit: Using libcurl 7.41.0
[2015.08.01-19.04.08:260][  0]LogInit:  - built for x86_64-pc-win32
[2015.08.01-19.04.08:260][  0]LogInit:  - supports SSL with WinSSL
[2015.08.01-19.04.08:260][  0]LogInit:  - other features:
[2015.08.01-19.04.08:260][  0]LogInit:      CURL_VERSION_SSL
[2015.08.01-19.04.08:260][  0]LogInit:      CURL_VERSION_IPV6
[2015.08.01-19.04.08:260][  0]LogInit:      CURL_VERSION_ASYNCHDNS
[2015.08.01-19.04.08:260][  0]LogInit:      CURL_VERSION_LARGEFILE
[2015.08.01-19.04.08:260][  0]LogInit:      CURL_VERSION_IDN
[2015.08.01-19.04.08:260][  0]LogInit:  CurlRequestOptions (configurable via config and command line):
[2015.08.01-19.04.08:260][  0]LogInit:  - bVerifyPeer = true  - Libcurl will verify peer certificate
[2015.08.01-19.04.08:260][  0]LogInit:  - bUseHttpProxy = false  - Libcurl will NOT use HTTP proxy
[2015.08.01-19.04.08:260][  0]LogInit:  - bDontReuseConnections = false  - Libcurl will reuse connections
[2015.08.01-19.04.08:260][  0]LogInit:  - CertBundlePath = nullptr  - Libcurl will use whatever was configured at build time.
[2015.08.01-19.04.08:276][  0]LogOnline:Warning: No default platform service specified for OnlineSubsystem
[2015.08.01-19.04.08:300][  0]LogInit: Presizing for 0 objects not considered by GC, pre-allocating 0 bytes.
[2015.08.01-19.04.08:312][  0]LogInit: Object subsystem initialized
[2015.08.01-19.04.08:314][  0]LogConsoleResponse:Warning: Skipping Unknown console variable: 'TranslucentSortAxis = (X=0.000000,Y=-1.000000,Z=0.000000)'
[2015.08.01-19.04.08:314][  0]LogConsoleResponse:Warning:   Found in ini file 'C:/Users/Tokala/Documents/Unreal Projects/Game/Saved/Config/Windows/Engine.ini', in section '[/Script/Engine.RendererSettings]'
[2015.08.01-19.04.08:314][  0]LogConsoleResponse:Warning: Skipping Unknown console variable: 'UIScaleRule = ShortestSide'
[2015.08.01-19.04.08:314][  0]LogConsoleResponse:Warning:   Found in ini file 'C:/Users/Tokala/Documents/Unreal Projects/Game/Saved/Config/Windows/Engine.ini', in section '[/Script/Engine.RendererSettings]'
[2015.08.01-19.04.08:314][  0]LogConsoleResponse:Warning: Skipping Unknown console variable: 'UIScaleCurve = (EditorCurveData=(Keys=),ExternalCurve=None)'
[2015.08.01-19.04.08:314][  0]LogConsoleResponse:Warning:   Found in ini file 'C:/Users/Tokala/Documents/Unreal Projects/Game/Saved/Config/Windows/Engine.ini', in section '[/Script/Engine.RendererSettings]'
[2015.08.01-19.04.08:315][  0]LogInit: Selected Device Profile: [Windows]
[2015.08.01-19.04.08:315][  0]LogInit: Applying CVar settings loaded from the selected device profile: [Windows]
[2015.08.01-19.04.08:324][  0]LogInit: Computer: TOKALA-OTHER-PC
[2015.08.01-19.04.08:324][  0]LogInit: User: Tokala
[2015.08.01-19.04.08:324][  0]LogInit: CPU Page size=4096, Cores=4
[2015.08.01-19.04.08:324][  0]LogInit: High frequency timer resolution =3.433857 MHz
[2015.08.01-19.04.08:324][  0]LogMemory: Memory total: Physical=16.0GB (16GB approx)
[2015.08.01-19.04.08:324][  0]LogMemory: Platform Memory Stats for Windows
[2015.08.01-19.04.08:324][  0]LogMemory: Process Physical Memory: 50.25 MB used, 50.25 MB peak
[2015.08.01-19.04.08:324][  0]LogMemory: Process Virtual Memory: 24.26 MB used, 24.26 MB peak
[2015.08.01-19.04.08:324][  0]LogMemory: Physical Memory: 8411.91 MB used, 16366.65 MB total
[2015.08.01-19.04.08:324][  0]LogMemory: Virtual Memory: 281.98 MB used, 8388608.00 MB total
[2015.08.01-19.04.08:392][  0]LogTextLocalizationManager: The requested culture ('en_US') has no localization data; parent culture's ('en') localization data will be used.
[2015.08.01-19.04.08:693][  0]LogTextLocalizationManager:Warning: Loaded localization resources contain conflicting entries for (Namespace:ContentBrowser, Key:ImportAssetToolTip):
Localization Resource: (C:/Program Files/Epic Games/4.8/Engine/Content/Localization/Editor/en/Editor.locres) Source String Hash: (-630476809) Localized String: (Import to {0}...)
Localization Resource: (C:/Program Files/Epic Games/4.8/Engine/Content/Localization/Editor/en/Editor.locres) Source String Hash: (1271782899) Localized String: (Imports an asset from file to this folder.)
[2015.08.01-19.04.09:353][  0]LogD3D11RHI: Found D3D11 adapter 0: AMD Radeon R9 200 Series (Feature Level 11_0)
[2015.08.01-19.04.09:353][  0]LogD3D11RHI: Adapter has 3054MB of dedicated video memory, 0MB of dedicated system memory, and 3840MB of shared system memory, 2 output[s]
[2015.08.01-19.04.09:354][  0]LogD3D11RHI: Chosen D3D11 Adapter Id = 0
[2015.08.01-19.04.09:367][  0]LogD3D11RHI: InitD3DDevice
[2015.08.01-19.04.09:367][  0]LogD3D11RHI: !Direct3DDevice
[2015.08.01-19.04.09:367][  0]LogRHI: Texture pool is 1361 MB (70% of 1945 MB)
[2015.08.01-19.04.09:372][  0]LogD3D11RHI: Async texture creation disabled: no driver support
[2015.08.01-19.04.09:385][  0]LogShaderCompilers:Display: Using Local Shader Compiler.
[2015.08.01-19.04.10:547][  0]LogTemp:Display: Loaded TP DesktopTargetPlatform
[2015.08.01-19.04.10:565][  0]LogTemp:Display: Loaded TP WindowsClientTargetPlatform
[2015.08.01-19.04.10:584][  0]LogTemp:Display: Loaded TP WindowsNoEditorTargetPlatform
[2015.08.01-19.04.10:606][  0]LogTemp:Display: Loaded TP WindowsServerTargetPlatform
[2015.08.01-19.04.10:627][  0]LogTemp:Display: Loaded TP WindowsTargetPlatform
[2015.08.01-19.04.10:643][  0]LogTemp:Display: Loaded TP AndroidTargetPlatform
[2015.08.01-19.04.10:660][  0]LogTemp:Display: Loaded TP Android_ASTCTargetPlatform
[2015.08.01-19.04.10:680][  0]LogTemp:Display: Loaded TP Android_ATCTargetPlatform
[2015.08.01-19.04.10:700][  0]LogTemp:Display: Loaded TP Android_DXTTargetPlatform
[2015.08.01-19.04.10:716][  0]LogTemp:Display: Loaded TP Android_ETC1TargetPlatform
[2015.08.01-19.04.10:735][  0]LogTemp:Display: Loaded TP Android_ETC2TargetPlatform
[2015.08.01-19.04.10:755][  0]LogTemp:Display: Loaded TP Android_PVRTCTargetPlatform
[2015.08.01-19.04.10:818][  0]LogTemp:Display: Loaded TP IOSTargetPlatform
[2015.08.01-19.04.10:834][  0]LogTemp:Display: Loaded TP LinuxNoEditorTargetPlatform
[2015.08.01-19.04.10:851][  0]LogTemp:Display: Loaded TP LinuxServerTargetPlatform
[2015.08.01-19.04.10:873][  0]LogTemp:Display: Loaded TP LinuxTargetPlatform
[2015.08.01-19.04.10:873][  0]LogTargetPlatformManager:Display: Building Assets For Windows
[2015.08.01-19.04.11:161][  0]LogDerivedDataCache:Display: Max Cache Size: 512 MB
[2015.08.01-19.04.11:257][  0]LogDerivedDataCache: Loaded boot cache 0.10s 53MB C:/Users/Tokala/AppData/Local/UnrealEngine/4.8/DerivedDataCache/Boot.ddc.
[2015.08.01-19.04.11:257][  0]LogDerivedDataCache:Display: Loaded Boot cache: C:/Users/Tokala/AppData/Local/UnrealEngine/4.8/DerivedDataCache/Boot.ddc
[2015.08.01-19.04.11:257][  0]LogDerivedDataCache: FDerivedDataBackendGraph:  Pak pak cache file ../../../../../../Users/Tokala/Documents/Unreal Projects/Game/DerivedDataCache/DDC.ddp not found, will not use a pak cache.
[2015.08.01-19.04.11:257][  0]LogDerivedDataCache: Unable to find inner node Pak for hierarchical cache Hierarchy.
[2015.08.01-19.04.11:257][  0]LogDerivedDataCache: FDerivedDataBackendGraph:  CompressedPak pak cache file ../../../../../../Users/Tokala/Documents/Unreal Projects/Game/DerivedDataCache/Compressed.ddp not found, will not use a pak cache.
[2015.08.01-19.04.11:257][  0]LogDerivedDataCache: Unable to find inner node CompressedPak for hierarchical cache Hierarchy.
[2015.08.01-19.04.11:471][  0]LogDerivedDataCache:Display: Pak cache opened for reading ../../../Engine/DerivedDataCache/Compressed.ddp.
[2015.08.01-19.04.11:482][  0]LogDerivedDataCache: Using Local data cache path C:/Users/Tokala/AppData/Local/UnrealEngine/Common/DerivedDataCache: Writable
[2015.08.01-19.04.11:829][  0]LogInit: Selected Device Profile: [Windows]
[2015.08.01-19.04.11:839][  0]ImportText (ComponentSweepMultiTests): Missing closing parenthesis: (RootShapeAsset="/Engine/BasicShapes/Cube.Cube",ShapeType="TriggerCapsule",HitResult=(Time=0.50,Location=(X=-100.000015,Y=0.0,Z=100.000015),ImpactPoint=(X=-50.0,Y=0.0,Z=50.0),Normal=(X=-1.0,Y=-0.0,Z=0.0),ImpactNormal=(X=0.0,Y=0.0,Z=1.0),TraceStart=(X=-200.0,Y=0.0,Z=200.0),TraceEnd=(X=0.0,Y=0.0,Z=0.0))
[2015.08.01-19.04.11:840][  0]ImportText (LineTraceSingleByChannelTests): Missing closing parenthesis: (RootShapeAsset="/Engine/BasicShapes/Cube.Cube",HitResult=(Time=0.50,Location=(X=-100.000015,Y=0.0,Z=100.000015),ImpactPoint=(X=-50.0,Y=0.0,Z=50.0),Normal=(X=-1.0,Y=-0.0,Z=0.0),ImpactNormal=(X=0.0,Y=0.0,Z=1.0),TraceStart=(X=-200.0,Y=0.0,Z=200.0),TraceEnd=(X=0.0,Y=0.0,Z=0.0))
[2015.08.01-19.04.11:884][  0]LogMeshUtilities: No automatic mesh reduction module available
[2015.08.01-19.04.11:884][  0]LogMeshUtilities: No automatic mesh merging module available
[2015.08.01-19.04.12:493][  0]LogInit: WinSock: version 1.1 (2.2), MaxSocks=32767, MaxUdp=65467
[2015.08.01-19.04.13:913][  0]UdpMessaging: Initializing bridge on interface 0.0.0.0:0 to multicast group 230.0.0.1:6666.
[2015.08.01-19.04.14:400][  0]SourceControl: Info Source control is disabled
[2015.08.01-19.04.14:400][  0]SourceControl: Info Source control is disabled
[2015.08.01-19.04.14:415][  0]SourceControl: Info Source control is disabled
[2015.08.01-19.04.14:428][  0]SourceControl: Info Source control is disabled
[2015.08.01-19.04.14:786][  0]LogObj: 26273 objects as part of root set at end of initial load.
[2015.08.01-19.04.14:786][  0]LogUObjectAllocator: 5409248 out of 0 bytes used by permanent object pool.
[2015.08.01-19.04.14:882][  0]LogEngine: Initializing Engine...
[2015.08.01-19.04.14:885][  0]LogHMD: Can't find Oculus library dev build: is proper Runtime installed? Version: 0.6.0.0
[2015.08.01-19.04.14:904][  0]LogHMD:Warning: SteamVR failed to initialize.  Error: 108
[2015.08.01-19.04.15:167][  0]LogAIModule: Creating AISystem for world NewWorld
[2015.08.01-19.04.15:268][  0]LogInit: XAudio2 using 'Main Line 1 (Virtual Audio Cable)' : 2 channels at 48 kHz using 16 bits per sample (channel mask 0x3)
[2015.08.01-19.04.15:282][  0]LogInit: FAudioDevice initialized.
[2015.08.01-19.04.15:389][  0]LogDerivedDataCache: Saved boot cache 0.11s 53MB C:/Users/Tokala/AppData/Local/UnrealEngine/4.8/DerivedDataCache/Boot.ddc.
[2015.08.01-19.04.15:401][  0]LogInit: Texture streaming: Disabled
[2015.08.01-19.04.15:434][  0]LogAnalytics: Creating configured Analytics provider AnalyticsET
[2015.08.01-19.04.15:434][  0]LogAnalytics: [UEEditor.Rocket.Release] APIServer = http://et2.epicgames.com/ET2/. AppVersion = 4.8.3-2634408+++depot+UE4-Releases+4.8
[2015.08.01-19.04.15:434][  0]LogAnalytics: [UEEditor.Rocket.Release] SetUserId 65de31594905b462db7181a8aa4b7a14|f5b1aae818df46afbd515a2ebd6af19b|a0e22b3b-da03-459e-827f-7f7c36f8cd2d
[2015.08.01-19.04.15:434][  0]LogAnalytics: [UEEditor.Rocket.Release] AnalyticsET::StartSession
[2015.08.01-19.04.15:473][  0]LogInit: Transaction tracking system initialized
[2015.08.01-19.04.15:684][  0]BlueprintLog: New page: Editor Load
[2015.08.01-19.04.15:736][  0]LogAssetRegistry: FAssetRegistry took 0.0099 seconds to start up
[2015.08.01-19.04.15:736][  0]LogDirectoryWatcher:Warning: Failed to begin reading directory changes for ../../../Engine/Plugins/Experimental/CharacterAI/Content/. Error: 0
[2015.08.01-19.04.16:912][  0]LogConsoleManager:Warning: Console variable 'r.VSync' wasn't set ('GameSetting' has a lower priority than 'SystemSettingsIni')
[2015.08.01-19.04.16:912][  0]LogConsoleResponse:Display: 
[2015.08.01-19.04.17:079][  0]LogCook:Display: Done creating registry. It took  0.00s.
[2015.08.01-19.04.17:422][  0]SourceControl: Info Source control is disabled
[2015.08.01-19.04.17:422][  0]Cmd: MAP LOAD FILE="../../../Engine/Content/Maps/Templates/Template_Default.umap" TEMPLATE=1 SHOWPROGRESS=1 FEATURELEVEL=3
[2015.08.01-19.04.17:423][  0]LightingResults: New page: Lighting Build
[2015.08.01-19.04.17:449][  0]MapCheck: New page: Map Check
[2015.08.01-19.04.17:449][  0]LightingResults: New page: Lighting Build
[2015.08.01-19.04.17:463][  0]LogParticles: Destroying 0 GPU particle simulations for FXSystem 0x0000000015300B80
[2015.08.01-19.04.18:129][  0]LogAIModule: Creating AISystem for world Untitled_1
[2015.08.01-19.04.18:141][  0]LogEditorServer: Finished looking for orphan Actors (0.000 secs)
[2015.08.01-19.04.18:190][  0]Cmd: MAP CHECKDEP NOCLEARLOG
[2015.08.01-19.04.18:236][  0]MapCheck: Info Map check complete: 0 Error(s), 0 Warning(s), took 46.08ms to complete.
[2015.08.01-19.04.18:236][  0]LogFileHelpers: Loading map 'Template_Default' took 0.814
[2015.08.01-19.04.18:517][  0]LogCollectionManager: Loaded 0 collections in 0.003517 seconds
[2015.08.01-19.04.18:530][  0]LogContentBrowser: Native class hierarchy populated in 0.0128 seconds. Added 1792 classes and 301 folders.
[2015.08.01-19.04.18:628][  0]LogContentBrowser: Native class hierarchy updated for 'WidgetCarousel' in 0.0005 seconds. Added 0 classes and 0 folders.
[2015.08.01-19.04.18:667][  0]LogContentBrowser: Native class hierarchy updated for 'AddContentDialog' in 0.0004 seconds. Added 0 classes and 0 folders.
[2015.08.01-19.04.18:693][  0]LogContentBrowser: Native class hierarchy updated for 'SceneOutliner' in 0.0007 seconds. Added 1 classes and 2 folders.
[2015.08.01-19.04.18:758][  0]LogCrashTracker: Crashtracker disabled due to settings.
[2015.08.01-19.04.18:759][  0]LogD3D11RHI: InitD3DDevice
[2015.08.01-19.04.18:765][  0]LogUObjectGlobals:Warning: Failed to find object 'Class None.'
[2015.08.01-19.04.18:786][  0]LogLoad: Full Startup: 13.37 seconds (BP compile: 0.29 seconds)
[2015.08.01-19.04.19:209][  0]LogContentStreaming: Texture pool size is 0.000000MB
[2015.08.01-19.04.19:246][  0]LogContentStreaming: Texture pool size now 1000 MB
[2015.08.01-19.04.19:417][  0]LogRenderer: Reallocating scene render targets to support 1208x576 (Frame:2).
[2015.08.01-19.04.21:668][  7]LogAssetRegistry: Asset discovery search completed in 5.9424 seconds
[2015.08.01-19.04.54:697][832]LogD3D11RHI: InitD3DDevice
[2015.08.01-19.04.56:569][980]LogD3D11RHI: InitD3DDevice
[2015.08.01-19.04.56:623][980]LogUObjectGlobals:Warning: Guid is in use by ArrowComponent /Temp/Untitled_1.Untitled_1:PersistentLevel.LightSource.ArrowComponent0 and ArrowComponent /Game/Maps/Noob_land_01.Noob_land_01:PersistentLevel.LightSource.ArrowComponent0, which should never happen in the editor but could happen at runtime with duplicate level loading or PIE
[2015.08.01-19.04.56:623][980]LogUObjectGlobals:Warning: Guid is in use by ArrowComponent /Temp/Untitled_1.Untitled_1:PersistentLevel.PlayerStart.Arrow and ArrowComponent /Game/Maps/Noob_land_01.Noob_land_01:PersistentLevel.PlayerStart.Arrow, which should never happen in the editor but could happen at runtime with duplicate level loading or PIE
[2015.08.01-19.04.56:623][980]LogUObjectGlobals:Warning: Guid is in use by BillboardComponent /Temp/Untitled_1.Untitled_1:PersistentLevel.PlayerStart.Sprite and BillboardComponent /Game/Maps/Noob_land_01.Noob_land_01:PersistentLevel.PlayerStart.Sprite, which should never happen in the editor but could happen at runtime with duplicate level loading or PIE
[2015.08.01-19.04.56:623][980]LogUObjectGlobals:Warning: Guid is in use by BillboardComponent /Temp/Untitled_1.Untitled_1:PersistentLevel.PlayerStart.Sprite2 and BillboardComponent /Game/Maps/Noob_land_01.Noob_land_01:PersistentLevel.PlayerStart.Sprite2, which should never happen in the editor but could happen at runtime with duplicate level loading or PIE
[2015.08.01-19.04.56:623][980]LogUObjectGlobals:Warning: Guid is in use by BillboardComponent /Temp/Untitled_1.Untitled_1:PersistentLevel.SkyLight_1.Sprite and BillboardComponent /Game/Maps/Noob_land_01.Noob_land_01:PersistentLevel.SkyLight_1.Sprite, which should never happen in the editor but could happen at runtime with duplicate level loading or PIE
[2015.08.01-19.04.56:623][980]LogUObjectGlobals:Warning: Guid is in use by CapsuleComponent /Temp/Untitled_1.Untitled_1:PersistentLevel.PlayerStart.CollisionCapsule and CapsuleComponent /Game/Maps/Noob_land_01.Noob_land_01:PersistentLevel.PlayerStart.CollisionCapsule, which should never happen in the editor but could happen at runtime with duplicate level loading or PIE
[2015.08.01-19.04.56:624][980]LogUObjectGlobals:Warning: Guid is in use by DirectionalLightComponent /Temp/Untitled_1.Untitled_1:PersistentLevel.LightSource.LightComponent0 and DirectionalLightComponent /Game/Maps/Noob_land_01.Noob_land_01:PersistentLevel.LightSource.LightComponent0, which should never happen in the editor but could happen at runtime with duplicate level loading or PIE
[2015.08.01-19.04.56:624][980]LogUObjectGlobals:Warning: Guid is in use by SkyLightComponent /Temp/Untitled_1.Untitled_1:PersistentLevel.SkyLight_1.SkyLightComponent0 and SkyLightComponent /Game/Maps/Noob_land_01.Noob_land_01:PersistentLevel.SkyLight_1.SkyLightComponent0, which should never happen in the editor but could happen at runtime with duplicate level loading or PIE
[2015.08.01-19.04.56:628][980]LogAIModule: Creating AISystem for world Noob_land_01
[2015.08.01-19.04.56:703][980]Cmd: MAP LOAD FILE="../../../../../../Users/Tokala/Documents/Unreal Projects/Game/Content/Maps/Noob_land_01.umap" TEMPLATE=0 SHOWPROGRESS=1 FEATURELEVEL=3
[2015.08.01-19.04.56:703][980]LightingResults: New page: Lighting Build
[2015.08.01-19.04.56:724][980]LoadErrors: New page: Loading map: Noob_land_01.umap
[2015.08.01-19.04.56:725][980]MapCheck: New page: Map Check
[2015.08.01-19.04.56:725][980]LightingResults: New page: Lighting Build
[2015.08.01-19.04.56:742][980]LogParticles: Destroying 0 GPU particle simulations for FXSystem 0x000000000E65B6A0
[2015.08.01-19.04.56:842][980]LogAIModule: Creating AISystem for world Noob_land_01
[2015.08.01-19.04.56:848][980]LogEditorServer: Finished looking for orphan Actors (0.000 secs)
[2015.08.01-19.04.56:888][980]Cmd: MAP CHECKDEP NOCLEARLOG
[2015.08.01-19.04.56:932][980]MapCheck: Info Map check complete: 0 Error(s), 0 Warning(s), took 43.865ms to complete.
[2015.08.01-19.04.56:932][980]LogFileHelpers: Loading map 'Noob_land_01' took 0.231
[2015.08.01-19.05.28:173][360]LogD3D11RHI: InitD3DDevice
[2015.08.01-19.05.28:219][360]LogUObjectGlobals:Warning: Guid is in use by ArrowComponent /Game/Maps/Noob_land_01.Noob_land_01:PersistentLevel.LightSource.ArrowComponent0 and ArrowComponent /Game/map.map:PersistentLevel.LightSource.ArrowComponent0, which should never happen in the editor but could happen at runtime with duplicate level loading or PIE
[2015.08.01-19.05.28:220][360]LogUObjectGlobals:Warning: Guid is in use by ArrowComponent /Game/Maps/Noob_land_01.Noob_land_01:PersistentLevel.PlayerStart.Arrow and ArrowComponent /Game/map.map:PersistentLevel.PlayerStart.Arrow, which should never happen in the editor but could happen at runtime with duplicate level loading or PIE
[2015.08.01-19.05.28:220][360]LogUObjectGlobals:Warning: Guid is in use by BillboardComponent /Game/Maps/Noob_land_01.Noob_land_01:PersistentLevel.PlayerStart.Sprite and BillboardComponent /Game/map.map:PersistentLevel.PlayerStart.Sprite, which should never happen in the editor but could happen at runtime with duplicate level loading or PIE
[2015.08.01-19.05.28:220][360]LogUObjectGlobals:Warning: Guid is in use by BillboardComponent /Game/Maps/Noob_land_01.Noob_land_01:PersistentLevel.PlayerStart.Sprite2 and BillboardComponent /Game/map.map:PersistentLevel.PlayerStart.Sprite2, which should never happen in the editor but could happen at runtime with duplicate level loading or PIE
[2015.08.01-19.05.28:220][360]LogUObjectGlobals:Warning: Guid is in use by BillboardComponent /Game/Maps/Noob_land_01.Noob_land_01:PersistentLevel.SkyLight_1.Sprite and BillboardComponent /Game/map.map:PersistentLevel.SkyLight_1.Sprite, which should never happen in the editor but could happen at runtime with duplicate level loading or PIE
[2015.08.01-19.05.28:220][360]LogUObjectGlobals:Warning: Guid is in use by CapsuleComponent /Game/Maps/Noob_land_01.Noob_land_01:PersistentLevel.PlayerStart.CollisionCapsule and CapsuleComponent /Game/map.map:PersistentLevel.PlayerStart.CollisionCapsule, which should never happen in the editor but could happen at runtime with duplicate level loading or PIE
[2015.08.01-19.05.28:220][360]LogUObjectGlobals:Warning: Guid is in use by DirectionalLightComponent /Game/Maps/Noob_land_01.Noob_land_01:PersistentLevel.LightSource.LightComponent0 and DirectionalLightComponent /Game/map.map:PersistentLevel.LightSource.LightComponent0, which should never happen in the editor but could happen at runtime with duplicate level loading or PIE
[2015.08.01-19.05.28:221][360]LogUObjectGlobals:Warning: Guid is in use by SkyLightComponent /Game/Maps/Noob_land_01.Noob_land_01:PersistentLevel.SkyLight_1.SkyLightComponent0 and SkyLightComponent /Game/map.map:PersistentLevel.SkyLight_1.SkyLightComponent0, which should never happen in the editor but could happen at runtime with duplicate level loading or PIE
[2015.08.01-19.05.28:222][360]LogAIModule: Creating AISystem for world map
[2015.08.01-19.05.28:280][360]LogD3D11RHI: InitD3DDevice
[2015.08.01-19.05.37:419][679]LogD3D11RHI: InitD3DDevice
[2015.08.01-19.05.39:811][848]LogD3D11RHI: InitD3DDevice
[2015.08.01-19.05.39:852][848]Cmd: MAP LOAD FILE="../../../../../../Users/Tokala/Documents/Unreal Projects/Game/Content/map.umap" TEMPLATE=0 SHOWPROGRESS=1 FEATURELEVEL=3
[2015.08.01-19.05.39:852][848]LightingResults: New page: Lighting Build
[2015.08.01-19.05.39:877][848]LoadErrors: New page: Loading map: map.umap
[2015.08.01-19.05.39:878][848]MapCheck: New page: Map Check
[2015.08.01-19.05.39:878][848]LightingResults: New page: Lighting Build
[2015.08.01-19.05.39:897][848]LogParticles: Destroying 0 GPU particle simulations for FXSystem 0x000000000E7193A0
[2015.08.01-19.05.39:988][848]LogAIModule: Creating AISystem for world map
[2015.08.01-19.05.39:991][848]LogEditorServer: Finished looking for orphan Actors (0.000 secs)
[2015.08.01-19.05.40:028][848]Cmd: MAP CHECKDEP NOCLEARLOG
[2015.08.01-19.05.40:069][848]MapCheck: Info Map check complete: 0 Error(s), 0 Warning(s), took 40.614ms to complete.
[2015.08.01-19.05.40:070][848]LogFileHelpers: Loading map 'map' took 0.219
[2015.08.01-19.05.49:925][686]LogD3D11RHI: InitD3DDevice
[2015.08.01-19.06.27:186][223]LogD3D11RHI: InitD3DDevice
[2015.08.01-19.06.38:437][209]LogD3D11RHI: InitD3DDevice
[2015.08.01-19.08.15:886][641]LogD3D11RHI: InitD3DDevice
[2015.08.01-19.08.21:935][111]LogD3D11RHI: InitD3DDevice
[2015.08.01-19.08.21:965][111]LogUObjectGlobals:Warning: Guid is in use by ArrowComponent /Game/map.map:PersistentLevel.LightSource.ArrowComponent0 and ArrowComponent /Game/Maps/Noob_land_01.Noob_land_01:PersistentLevel.LightSource.ArrowComponent0, which should never happen in the editor but could happen at runtime with duplicate level loading or PIE
[2015.08.01-19.08.21:965][111]LogUObjectGlobals:Warning: Guid is in use by ArrowComponent /Game/map.map:PersistentLevel.PlayerStart.Arrow and ArrowComponent /Game/Maps/Noob_land_01.Noob_land_01:PersistentLevel.PlayerStart.Arrow, which should never happen in the editor but could happen at runtime with duplicate level loading or PIE
[2015.08.01-19.08.21:965][111]LogUObjectGlobals:Warning: Guid is in use by BillboardComponent /Game/map.map:PersistentLevel.PlayerStart.Sprite and BillboardComponent /Game/Maps/Noob_land_01.Noob_land_01:PersistentLevel.PlayerStart.Sprite, which should never happen in the editor but could happen at runtime with duplicate level loading or PIE
[2015.08.01-19.08.21:965][111]LogUObjectGlobals:Warning: Guid is in use by BillboardComponent /Game/map.map:PersistentLevel.PlayerStart.Sprite2 and BillboardComponent /Game/Maps/Noob_land_01.Noob_land_01:PersistentLevel.PlayerStart.Sprite2, which should never happen in the editor but could happen at runtime with duplicate level loading or PIE
[2015.08.01-19.08.21:965][111]LogUObjectGlobals:Warning: Guid is in use by BillboardComponent /Game/map.map:PersistentLevel.SkyLight_1.Sprite and BillboardComponent /Game/Maps/Noob_land_01.Noob_land_01:PersistentLevel.SkyLight_1.Sprite, which should never happen in the editor but could happen at runtime with duplicate level loading or PIE
[2015.08.01-19.08.21:965][111]LogUObjectGlobals:Warning: Guid is in use by CapsuleComponent /Game/map.map:PersistentLevel.PlayerStart.CollisionCapsule and CapsuleComponent /Game/Maps/Noob_land_01.Noob_land_01:PersistentLevel.PlayerStart.CollisionCapsule, which should never happen in the editor but could happen at runtime with duplicate level loading or PIE
[2015.08.01-19.08.21:965][111]LogUObjectGlobals:Warning: Guid is in use by DirectionalLightComponent /Game/map.map:PersistentLevel.LightSource.LightComponent0 and DirectionalLightComponent /Game/Maps/Noob_land_01.Noob_land_01:PersistentLevel.LightSource.LightComponent0, which should never happen in the editor but could happen at runtime with duplicate level loading or PIE
[2015.08.01-19.08.21:966][111]LogUObjectGlobals:Warning: Guid is in use by SkyLightComponent /Game/map.map:PersistentLevel.SkyLight_1.SkyLightComponent0 and SkyLightComponent /Game/Maps/Noob_land_01.Noob_land_01:PersistentLevel.SkyLight_1.SkyLightComponent0, which should never happen in the editor but could happen at runtime with duplicate level loading or PIE
[2015.08.01-19.08.21:968][111]LogAIModule: Creating AISystem for world Noob_land_01
[2015.08.01-19.08.22:020][111]LogD3D11RHI: InitD3DDevice
[2015.08.01-19.08.25:252][397]LogD3D11RHI: InitD3DDevice
[2015.08.01-19.08.26:328][480]LogD3D11RHI: InitD3DDevice
[2015.08.01-19.08.31:987][939]SourceControl:Error: Error Failed to enable Git source control. You need to initialize the project as a Git repository first.
[2015.08.01-19.08.32:012][939]LogD3D11RHI: InitD3DDevice
[2015.08.01-19.08.37:186][328]Cmd: QUIT_EDITOR
[2015.08.01-19.08.37:565][328]LogExit: Preparing to exit.
[2015.08.01-19.08.37:960][328]LogExit: Editor shut down
[2015.08.01-19.08.37:961][328]LogExit: Transaction tracking system shut down
[2015.08.01-19.08.37:962][328]LogParticles: Destroying 0 GPU particle simulations for FXSystem 0x000000000E8A04A0
[2015.08.01-19.08.38:146][328]LogParticles: Destroying 0 GPU particle simulations for FXSystem 0x0000000017EED1C0
[2015.08.01-19.08.38:146][328]LogParticles: Destroying 0 GPU particle simulations for FXSystem 0x000000001F1F65C0
[2015.08.01-19.08.38:146][328]LogExit: Object subsystem successfully closed.
[2015.08.01-19.08.38:164][328]LogD3D11RHI: Shutdown
[2015.08.01-19.08.38:164][328]LogD3D11RHI: CleanupD3DDevice
[2015.08.01-19.08.38:222][328]LogD3D11RHI: ~FD3D11DynamicRHI
[2015.08.01-19.08.38:249][328]LogModuleManager: Shutting down and abandoning module CrashTracker (188)
[2015.08.01-19.08.38:249][328]LogModuleManager: Shutting down and abandoning module SceneOutliner (187)
[2015.08.01-19.08.38:249][328]LogModuleManager: Shutting down and abandoning module SuperSearch (186)
[2015.08.01-19.08.38:249][328]LogModuleManager: Shutting down and abandoning module WidgetCarousel (185)
[2015.08.01-19.08.38:249][328]LogModuleManager: Shutting down and abandoning module AddContentDialog (184)
[2015.08.01-19.08.38:253][328]LogModuleManager: Shutting down and abandoning module EditorWidgets (183)
[2015.08.01-19.08.38:253][328]LogModuleManager: Shutting down and abandoning module CollectionManager (182)
[2015.08.01-19.08.38:253][328]LogModuleManager: Shutting down and abandoning module StatsViewer (181)
[2015.08.01-19.08.38:253][328]LogModuleManager: Shutting down and abandoning module FoliageEdit (180)
[2015.08.01-19.08.38:253][328]LogModuleManager: Shutting down and abandoning module LandscapeEditor (179)
[2015.08.01-19.08.38:253][328]LogModuleManager: Shutting down and abandoning module ActorPickerMode (178)
[2015.08.01-19.08.38:253][328]LogModuleManager: Shutting down and abandoning module GeometryMode (177)
[2015.08.01-19.08.38:253][328]LogModuleManager: Shutting down and abandoning module TextureAlignMode (176)
[2015.08.01-19.08.38:253][328]LogModuleManager: Shutting down and abandoning module BspMode (175)
[2015.08.01-19.08.38:253][328]LogModuleManager: Shutting down and abandoning module PlacementMode (174)
[2015.08.01-19.08.38:253][328]LogModuleManager: Shutting down and abandoning module AutomationWorker (173)
[2015.08.01-19.08.38:253][328]LogModuleManager: Shutting down and abandoning module CharacterAI (172)
[2015.08.01-19.08.38:253][328]LogModuleManager: Shutting down and abandoning module SmartSnapping (171)
[2015.08.01-19.08.38:253][328]LogModuleManager: Shutting down and abandoning module ViewportSnapping (170)
[2015.08.01-19.08.38:253][328]LogModuleManager: Shutting down and abandoning module LogVisualizer (169)
[2015.08.01-19.08.38:253][328]LogModuleManager: Shutting down and abandoning module GameProjectGeneration (168)
[2015.08.01-19.08.38:253][328]LogModuleManager: Shutting down and abandoning module IntroTutorials (167)
[2015.08.01-19.08.38:253][328]LogModuleManager: Shutting down and abandoning module EditorLiveStreaming (166)
[2015.08.01-19.08.38:253][328]LogModuleManager: Shutting down and abandoning module IOSPlatformEditor (165)
[2015.08.01-19.08.38:253][328]LogModuleManager: Shutting down and abandoning module HTML5PlatformEditor (164)
[2015.08.01-19.08.38:253][328]LogModuleManager: Shutting down and abandoning module AndroidDeviceDetection (163)
[2015.08.01-19.08.38:530][328]LogModuleManager: Shutting down and abandoning module AndroidPlatformEditor (162)
[2015.08.01-19.08.38:530][328]LogModuleManager: Shutting down and abandoning module IOSRuntimeSettings (161)
[2015.08.01-19.08.38:530][328]LogModuleManager: Shutting down and abandoning module AndroidRuntimeSettings (160)
[2015.08.01-19.08.38:530][328]LogModuleManager: Shutting down and abandoning module MergeActors (159)
[2015.08.01-19.08.38:530][328]LogModuleManager: Shutting down and abandoning module SizeMap (158)
[2015.08.01-19.08.38:530][328]LogModuleManager: Shutting down and abandoning module TreeMap (157)
[2015.08.01-19.08.38:530][328]LogModuleManager: Shutting down and abandoning module ReferenceViewer (156)
[2015.08.01-19.08.38:530][328]LogModuleManager: Shutting down and abandoning module LocalizationDashboard (155)
[2015.08.01-19.08.38:530][328]LogModuleManager: Shutting down and abandoning module HardwareTargeting (154)
[2015.08.01-19.08.38:530][328]LogModuleManager: Shutting down and abandoning module DeviceProfileEditor (153)
[2015.08.01-19.08.38:530][328]LogModuleManager: Shutting down and abandoning module UndoHistory (152)
[2015.08.01-19.08.38:530][328]LogModuleManager: Shutting down and abandoning module GameplayTagsEditor (151)
[2015.08.01-19.08.38:530][328]LogModuleManager: Shutting down and abandoning module UserFeedback (150)
[2015.08.01-19.08.38:530][328]LogModuleManager: Shutting down and abandoning module XmlParser (149)
[2015.08.01-19.08.38:530][328]LogModuleManager: Shutting down and abandoning module Blutility (148)
[2015.08.01-19.08.38:530][328]LogModuleManager: Shutting down and abandoning module ProjectTargetPlatformEditor (147)
[2015.08.01-19.08.38:530][328]LogModuleManager: Shutting down and abandoning module ProjectSettingsViewer (146)
[2015.08.01-19.08.38:530][328]LogModuleManager: Shutting down and abandoning module InputBindingEditor (145)
[2015.08.01-19.08.38:530][328]LogModuleManager: Shutting down and abandoning module EditorSettingsViewer (144)
[2015.08.01-19.08.38:531][328]LogModuleManager: Shutting down and abandoning module SettingsEditor (143)
[2015.08.01-19.08.38:531][328]LogModuleManager: Shutting down and abandoning module ProjectLauncher (142)
[2015.08.01-19.08.38:531][328]LogModuleManager: Shutting down and abandoning module SessionFrontend (141)
[2015.08.01-19.08.38:531][328]LogModuleManager: Shutting down and abandoning module ProfilerClient (140)
[2015.08.01-19.08.38:531][328]LogModuleManager: Shutting down and abandoning module TargetDeviceServices (139)
[2015.08.01-19.08.38:531][328]LogModuleManager: Shutting down and abandoning module DeviceManager (138)
[2015.08.01-19.08.38:531][328]LogModuleManager: Shutting down and abandoning module AutomationController (137)
[2015.08.01-19.08.38:531][328]LogModuleManager: Shutting down and abandoning module AutomationWindow (136)
[2015.08.01-19.08.38:531][328]LogModuleManager: Shutting down and abandoning module Layers (135)
[2015.08.01-19.08.38:531][328]LogModuleManager: Shutting down and abandoning module ComponentVisualizers (134)
[2015.08.01-19.08.38:531][328]LogModuleManager: Shutting down and abandoning module DetailCustomizations (133)
[2015.08.01-19.08.38:531][328]LogModuleManager: Shutting down and abandoning module PackagesDialog (132)
[2015.08.01-19.08.38:531][328]LogModuleManager: Shutting down and abandoning module AssetRegistry (131)
[2015.08.01-19.08.38:606][328]LogModuleManager: Shutting down and abandoning module Persona (130)
[2015.08.01-19.08.38:606][328]LogModuleManager: Shutting down and abandoning module Kismet (129)
[2015.08.01-19.08.38:606][328]LogModuleManager: Shutting down and abandoning module GraphEditor (128)
[2015.08.01-19.08.38:606][328]LogModuleManager: Shutting down and abandoning module ClassViewer (127)
[2015.08.01-19.08.38:606][328]LogModuleManager: Shutting down and abandoning module Toolbox (126)
[2015.08.01-19.08.38:606][328]LogModuleManager: Shutting down and abandoning module ModuleUI (125)
[2015.08.01-19.08.38:606][328]LogModuleManager: Shutting down and abandoning module MovieSceneTools (124)
[2015.08.01-19.08.38:606][328]LogModuleManager: Shutting down and abandoning module OutputLog (123)
[2015.08.01-19.08.38:606][328]LogModuleManager: Shutting down and abandoning module GammaUI (122)
[2015.08.01-19.08.38:606][328]LogModuleManager: Shutting down and abandoning module Documentation (121)
[2015.08.01-19.08.38:607][328]LogModuleManager: Shutting down and abandoning module GameLiveStreaming (120)
[2015.08.01-19.08.38:607][328]LogModuleManager: Shutting down and abandoning module StreamingPauseRendering (119)
[2015.08.01-19.08.38:607][328]LogModuleManager: Shutting down and abandoning module AnalyticsET (118)
[2015.08.01-19.08.38:607][328]LogModuleManager: Shutting down and abandoning module Analytics (117)
[2015.08.01-19.08.38:607][328]LogModuleManager: Shutting down and abandoning module AITestSuite (116)
[2015.08.01-19.08.38:607][328]LogModuleManager: Shutting down and abandoning module GameplayDebugger (115)
[2015.08.01-19.08.38:607][328]LogModuleManager: Shutting down and abandoning module AIModule (114)
[2015.08.01-19.08.38:607][328]LogModuleManager: Shutting down and abandoning module ProfilerService (113)
[2015.08.01-19.08.38:839][328]LogModuleManager: Shutting down and abandoning module TaskGraph (112)
[2015.08.01-19.08.38:839][328]LogModuleManager: Shutting down and abandoning module SlateRemote (111)
[2015.08.01-19.08.38:839][328]LogModuleManager: Shutting down and abandoning module SteamVRController (110)
[2015.08.01-19.08.38:839][328]LogModuleManager: Shutting down and abandoning module SteamVR (109)
[2015.08.01-19.08.38:839][328]LogModuleManager: Shutting down and abandoning module ProceduralMeshComponent (108)
[2015.08.01-19.08.38:839][328]LogModuleManager: Shutting down and abandoning module OculusRift (107)
[2015.08.01-19.08.38:839][328]LogModuleManager: Shutting down and abandoning module LeapMotionController (106)
[2015.08.01-19.08.38:870][328]LogModuleManager: Shutting down and abandoning module CustomMeshComponent (105)
[2015.08.01-19.08.38:870][328]LogModuleManager: Shutting down and abandoning module CableComponent (104)
[2015.08.01-19.08.38:870][328]LogModuleManager: Shutting down and abandoning module MessagingDebugger (103)
[2015.08.01-19.08.38:871][328]LogModuleManager: Shutting down and abandoning module MediaPlayerEditor (102)
[2015.08.01-19.08.38:871][328]LogModuleManager: Shutting down and abandoning module SpeedTreeImporter (101)
[2015.08.01-19.08.38:871][328]LogModuleManager: Shutting down and abandoning module PluginBrowser (100)
[2015.08.01-19.08.38:871][328]LogModuleManager: Shutting down and abandoning module EpicSurvey (99)
[2015.08.01-19.08.38:871][328]LogModuleManager: Shutting down and abandoning module DesktopPlatform (98)
[2015.08.01-19.08.38:871][328]LogModuleManager: Shutting down and abandoning module VisualStudioSourceCodeAccess (97)
[2015.08.01-19.08.38:871][328]LogModuleManager: Shutting down and abandoning module UObjectPlugin (96)
[2015.08.01-19.08.38:871][328]LogModuleManager: Shutting down and abandoning module SubversionSourceControl (95)
[2015.08.01-19.08.38:871][328]LogModuleManager: Shutting down and abandoning module PerforceSourceControl (94)
[2015.08.01-19.08.38:871][328]LogModuleManager: Shutting down and abandoning module SourceControl (93)
[2015.08.01-19.08.38:871][328]LogModuleManager: Shutting down and abandoning module GitSourceControl (92)
[2015.08.01-19.08.38:871][328]LogModuleManager: Shutting down and abandoning module BlankPlugin (91)
[2015.08.01-19.08.38:871][328]LogModuleManager: Shutting down and abandoning module PaperTiledImporter (90)
[2015.08.01-19.08.38:871][328]LogModuleManager: Shutting down and abandoning module PaperSpriteSheetImporter (89)
[2015.08.01-19.08.38:871][328]LogModuleManager: Shutting down and abandoning module MeshPaint (88)
[2015.08.01-19.08.38:871][328]LogModuleManager: Shutting down and abandoning module SlateReflector (87)
[2015.08.01-19.08.38:871][328]LogModuleManager: Shutting down and abandoning module DirectoryWatcher (86)
[2015.08.01-19.08.38:872][328]LogModuleManager: Shutting down and abandoning module HotReload (85)
[2015.08.01-19.08.38:872][328]LogModuleManager: Shutting down and abandoning module MainFrame (84)
[2015.08.01-19.08.38:872][328]LogModuleManager: Shutting down and abandoning module LevelEditor (83)
[2015.08.01-19.08.38:873][328]LogModuleManager: Shutting down and abandoning module ContentBrowser (82)
[2015.08.01-19.08.38:875][328]LogModuleManager: Shutting down and abandoning module Paper2DEditor (81)
[2015.08.01-19.08.38:875][328]LogModuleManager: Shutting down and abandoning module UdpMessaging (80)
[2015.08.01-19.08.38:975][328]LogModuleManager: Shutting down and abandoning module Paper2D (79)
[2015.08.01-19.08.38:975][328]LogModuleManager: Shutting down and abandoning module WindowsMoviePlayer (78)
[2015.08.01-19.08.38:980][328]LogModuleManager: Shutting down and abandoning module Media (77)
[2015.08.01-19.08.38:980][328]LogModuleManager: Shutting down and abandoning module WmfMedia (76)
[2015.08.01-19.08.38:980][328]LogModuleManager: Shutting down and abandoning module OnlineBlueprintSupport (75)
[2015.08.01-19.08.38:980][328]LogModuleManager: Shutting down and abandoning module PropertyEditor (74)
[2015.08.01-19.08.38:980][328]LogModuleManager: Shutting down and abandoning module BehaviorTreeEditor (73)
[2015.08.01-19.08.38:980][328]LogModuleManager: Shutting down and abandoning module FunctionalTesting (72)
[2015.08.01-19.08.38:980][328]LogModuleManager: Shutting down and abandoning module CollisionAnalyzer (71)
[2015.08.01-19.08.38:980][328]LogModuleManager: Shutting down and abandoning module WorkspaceMenuStructure (70)
[2015.08.01-19.08.38:980][328]LogModuleManager: Shutting down and abandoning module MessageLog (69)
[2015.08.01-19.08.38:980][328]LogModuleManager: Shutting down and abandoning module Sequencer (68)
[2015.08.01-19.08.38:980][328]LogModuleManager: Shutting down and abandoning module AssetTools (67)
[2015.08.01-19.08.38:980][328]LogModuleManager: Shutting down and abandoning module UMGEditor (66)
[2015.08.01-19.08.38:980][328]LogModuleManager: Shutting down and abandoning module UMG (65)
[2015.08.01-19.08.38:981][328]LogModuleManager: Shutting down and abandoning module Slate (64)
[2015.08.01-19.08.38:981][328]LogModuleManager: Shutting down and abandoning module EditorStyle (63)
[2015.08.01-19.08.38:983][328]LogModuleManager: Shutting down and abandoning module SessionServices (62)
[2015.08.01-19.08.38:983][328]LogModuleManager: Shutting down and abandoning module SourceCodeAccess (61)
[2015.08.01-19.08.38:983][328]LogModuleManager: Shutting down and abandoning module HeadMountedDisplay (60)
[2015.08.01-19.08.38:983][328]LogModuleManager: Shutting down and abandoning module XAudio2 (59)
[2015.08.01-19.08.38:983][328]LogModuleManager: Shutting down and abandoning module Networking (57)
[2015.08.01-19.08.38:984][328]LogModuleManager: Shutting down and abandoning module Core (56)
[2015.08.01-19.08.38:984][328]LogModuleManager: Shutting down and abandoning module KismetCompiler (55)
[2015.08.01-19.08.38:984][328]LogModuleManager: Shutting down and abandoning module PhysXFormats (54)
[2015.08.01-19.08.38:984][328]LogModuleManager: Shutting down and abandoning module MeshUtilities (53)
[2015.08.01-19.08.38:984][328]LogModuleManager: Shutting down and abandoning module DerivedDataCache (52)
[2015.08.01-19.08.38:996][328]LogDerivedDataCache: Shutdown
[2015.08.01-19.08.38:996][328]LogModuleManager: Shutting down and abandoning module ShaderFormatOpenGL (51)
[2015.08.01-19.08.38:996][328]LogModuleManager: Shutting down and abandoning module ShaderFormatD3D (50)
[2015.08.01-19.08.38:996][328]LogModuleManager: Shutting down and abandoning module MetalShaderFormat (49)
[2015.08.01-19.08.38:996][328]LogModuleManager: Shutting down and abandoning module TextureFormatUncompressed (48)
[2015.08.01-19.08.38:996][328]LogModuleManager: Shutting down and abandoning module TextureFormatPVR (47)
[2015.08.01-19.08.38:996][328]LogModuleManager: Shutting down and abandoning module TextureFormatIntelISPCTexComp (46)
[2015.08.01-19.08.38:996][328]LogModuleManager: Shutting down and abandoning module TextureFormatDXT (45)
[2015.08.01-19.08.38:996][328]LogModuleManager: Shutting down and abandoning module ImageWrapper (44)
[2015.08.01-19.08.38:996][328]LogModuleManager: Shutting down and abandoning module TextureFormatASTC (43)
[2015.08.01-19.08.38:996][328]LogModuleManager: Shutting down and abandoning module TextureFormatAndroid (42)
[2015.08.01-19.08.38:996][328]LogModuleManager: Shutting down and abandoning module AudioFormatOpus (41)
[2015.08.01-19.08.38:996][328]LogModuleManager: Shutting down and abandoning module AudioFormatOgg (40)
[2015.08.01-19.08.38:996][328]LogModuleManager: Shutting down and abandoning module AudioFormatADPCM (39)
[2015.08.01-19.08.38:996][328]LogModuleManager: Shutting down and abandoning module LinuxTargetPlatform (38)
[2015.08.01-19.08.38:996][328]LogModuleManager: Shutting down and abandoning module LinuxServerTargetPlatform (37)
[2015.08.01-19.08.38:996][328]LogModuleManager: Shutting down and abandoning module LinuxNoEditorTargetPlatform (36)
[2015.08.01-19.08.38:996][328]LogModuleManager: Shutting down and abandoning module Messaging (35)
[2015.08.01-19.08.38:996][328]LogModuleManager: Shutting down and abandoning module IOSTargetPlatform (34)
[2015.08.01-19.08.38:996][328]LogModuleManager: Shutting down and abandoning module HTML5TargetPlatform (33)
[2015.08.01-19.08.38:996][328]LogModuleManager: Shutting down and abandoning module Android_PVRTCTargetPlatform (32)
[2015.08.01-19.08.38:996][328]LogModuleManager: Shutting down and abandoning module Android_ETC2TargetPlatform (31)
[2015.08.01-19.08.38:996][328]LogModuleManager: Shutting down and abandoning module Android_ETC1TargetPlatform (30)
[2015.08.01-19.08.38:996][328]LogModuleManager: Shutting down and abandoning module Android_DXTTargetPlatform (29)
[2015.08.01-19.08.38:996][328]LogModuleManager: Shutting down and abandoning module Android_ATCTargetPlatform (28)
[2015.08.01-19.08.38:996][328]LogModuleManager: Shutting down and abandoning module Android_ASTCTargetPlatform (27)
[2015.08.01-19.08.38:996][328]LogModuleManager: Shutting down and abandoning module AndroidTargetPlatform (26)
[2015.08.01-19.08.38:996][328]LogModuleManager: Shutting down and abandoning module WindowsTargetPlatform (25)
[2015.08.01-19.08.38:996][328]LogModuleManager: Shutting down and abandoning module WindowsServerTargetPlatform (24)
[2015.08.01-19.08.38:996][328]LogModuleManager: Shutting down and abandoning module WindowsNoEditorTargetPlatform (23)
[2015.08.01-19.08.38:996][328]LogModuleManager: Shutting down and abandoning module WindowsClientTargetPlatform (22)
[2015.08.01-19.08.38:996][328]LogModuleManager: Shutting down and abandoning module DesktopTargetPlatform (21)
[2015.08.01-19.08.38:996][328]LogModuleManager: Shutting down and abandoning module TargetPlatform (20)
[2015.08.01-19.08.38:996][328]LogModuleManager: Shutting down and abandoning module InputCore (19)
[2015.08.01-19.08.38:996][328]LogModuleManager: Shutting down and abandoning module Settings (18)
[2015.08.01-19.08.38:996][328]LogModuleManager: Shutting down and abandoning module OnlineSubsystem (16)
[2015.08.01-19.08.38:996][328]LogModuleManager: Shutting down and abandoning module HTTP (15)
[2015.08.01-19.08.38:996][328]LogModuleManager: Shutting down and abandoning module ExampleDeviceProfileSelector (14)
[2015.08.01-19.08.38:996][328]LogModuleManager: Shutting down and abandoning module TextureCompressor (13)
[2015.08.01-19.08.38:996][328]LogModuleManager: Shutting down and abandoning module ShaderCore (12)
[2015.08.01-19.08.38:996][328]LogModuleManager: Shutting down and abandoning module Landscape (11)
[2015.08.01-19.08.38:996][328]LogModuleManager: Shutting down and abandoning module SlateRHIRenderer (10)
[2015.08.01-19.08.38:999][328]LogModuleManager: Shutting down and abandoning module OpenGLDrv (9)
[2015.08.01-19.08.38:999][328]LogModuleManager: Shutting down and abandoning module D3D11RHI (8)
[2015.08.01-19.08.38:999][328]LogModuleManager: Shutting down and abandoning module Renderer (7)
[2015.08.01-19.08.38:999][328]LogModuleManager: Shutting down and abandoning module Engine (6)
[2015.08.01-19.08.38:999][328]LogModuleManager: Shutting down and abandoning module CoreUObject (5)
[2015.08.01-19.08.38:999][328]LogModuleManager: Shutting down and abandoning module NetworkFile (4)
[2015.08.01-19.08.38:999][328]LogModuleManager: Shutting down and abandoning module StreamingFile (3)
[2015.08.01-19.08.38:999][328]LogModuleManager: Shutting down and abandoning module SandboxFile (2)
[2015.08.01-19.08.38:999][328]LogModuleManager: Shutting down and abandoning module PakFile (1)
[2015.08.01-19.08.39:000][328]LogExit: Exiting.
[2015.08.01-19.08.39:015][328]Log file closed, 08/01/15 21:08:39
