[2015.08.02-03.58.39:881][  0]Log file open, 08/01/15 23:58:39
[2015.08.02-03.58.39:881][  0]LogInit:Display: Running engine without a game
[2015.08.02-03.58.39:881][  0]LogInit:Display: Loading recent project file: ../../../../../../Users/Matt/Documents/Game/game.uproject
[2015.08.02-03.58.39:881][  0]LogInit:Display: RandInit(-1446615332) SRandInit(-1446615326).
[2015.08.02-03.58.39:881][  0]LogTaskGraph: Started task graph with 4 named threads and 6 total threads.
[2015.08.02-03.58.39:881][  0]LogStats: Stats thread started
[2015.08.02-03.58.39:881][  0]LogInit: Version: 4.8.3-2634408+++depot+UE4-Releases+4.8
[2015.08.02-03.58.39:881][  0]LogInit: API Version: 2579680
[2015.08.02-03.58.39:881][  0]LogInit: Compiled (64-bit): Jul 27 2015 16:24:33
[2015.08.02-03.58.39:881][  0]LogInit: Compiled with Visual C++: 18.00.21005.01
[2015.08.02-03.58.39:881][  0]LogInit: Build Configuration: Development
[2015.08.02-03.58.39:881][  0]LogInit: Branch Name: ++depot+UE4-Releases+4.8
[2015.08.02-03.58.39:881][  0]LogInit: Command line: 
[2015.08.02-03.58.39:881][  0]LogInit: Base directory: C:/Program Files/Epic Games/4.8/Engine/Binaries/Win64/
[2015.08.02-03.58.39:881][  0]LogInit: Rocket: 1
[2015.08.02-03.58.39:900][  0]LogInit: Using libcurl 7.41.0
[2015.08.02-03.58.39:900][  0]LogInit:  - built for x86_64-pc-win32
[2015.08.02-03.58.39:900][  0]LogInit:  - supports SSL with WinSSL
[2015.08.02-03.58.39:900][  0]LogInit:  - other features:
[2015.08.02-03.58.39:900][  0]LogInit:      CURL_VERSION_SSL
[2015.08.02-03.58.39:900][  0]LogInit:      CURL_VERSION_IPV6
[2015.08.02-03.58.39:900][  0]LogInit:      CURL_VERSION_ASYNCHDNS
[2015.08.02-03.58.39:900][  0]LogInit:      CURL_VERSION_LARGEFILE
[2015.08.02-03.58.39:900][  0]LogInit:      CURL_VERSION_IDN
[2015.08.02-03.58.39:901][  0]LogInit:  CurlRequestOptions (configurable via config and command line):
[2015.08.02-03.58.39:901][  0]LogInit:  - bVerifyPeer = true  - Libcurl will verify peer certificate
[2015.08.02-03.58.39:901][  0]LogInit:  - bUseHttpProxy = false  - Libcurl will NOT use HTTP proxy
[2015.08.02-03.58.39:901][  0]LogInit:  - bDontReuseConnections = false  - Libcurl will reuse connections
[2015.08.02-03.58.39:901][  0]LogInit:  - CertBundlePath = nullptr  - Libcurl will use whatever was configured at build time.
[2015.08.02-03.58.39:918][  0]LogOnline:Warning: No default platform service specified for OnlineSubsystem
[2015.08.02-03.58.39:938][  0]LogInit: Presizing for 0 objects not considered by GC, pre-allocating 0 bytes.
[2015.08.02-03.58.39:950][  0]LogInit: Object subsystem initialized
[2015.08.02-03.58.39:951][  0]LogConsoleResponse:Warning: Skipping Unknown console variable: 'TranslucentSortAxis = (X=0.000000,Y=-1.000000,Z=0.000000)'
[2015.08.02-03.58.39:951][  0]LogConsoleResponse:Warning:   Found in ini file 'C:/Users/Matt/Documents/Game/Saved/Config/Windows/Engine.ini', in section '[/Script/Engine.RendererSettings]'
[2015.08.02-03.58.39:951][  0]LogConsoleResponse:Warning: Skipping Unknown console variable: 'UIScaleRule = ShortestSide'
[2015.08.02-03.58.39:951][  0]LogConsoleResponse:Warning:   Found in ini file 'C:/Users/Matt/Documents/Game/Saved/Config/Windows/Engine.ini', in section '[/Script/Engine.RendererSettings]'
[2015.08.02-03.58.39:951][  0]LogConsoleResponse:Warning: Skipping Unknown console variable: 'UIScaleCurve = (EditorCurveData=(Keys=),ExternalCurve=None)'
[2015.08.02-03.58.39:951][  0]LogConsoleResponse:Warning:   Found in ini file 'C:/Users/Matt/Documents/Game/Saved/Config/Windows/Engine.ini', in section '[/Script/Engine.RendererSettings]'
[2015.08.02-03.58.39:952][  0]LogInit: Selected Device Profile: [Windows]
[2015.08.02-03.58.39:952][  0]LogInit: Applying CVar settings loaded from the selected device profile: [Windows]
[2015.08.02-03.58.39:977][  0]LogInit: Computer: NEWDZ-PC
[2015.08.02-03.58.39:977][  0]LogInit: User: Matt
[2015.08.02-03.58.39:977][  0]LogInit: CPU Page size=4096, Cores=3
[2015.08.02-03.58.39:977][  0]LogInit: High frequency timer resolution =3.409472 MHz
[2015.08.02-03.58.39:977][  0]LogMemory: Memory total: Physical=9.7GB (10GB approx)
[2015.08.02-03.58.39:978][  0]LogMemory: Platform Memory Stats for Windows
[2015.08.02-03.58.39:978][  0]LogMemory: Process Physical Memory: 49.77 MB used, 49.77 MB peak
[2015.08.02-03.58.39:978][  0]LogMemory: Process Virtual Memory: 22.83 MB used, 23.67 MB peak
[2015.08.02-03.58.39:978][  0]LogMemory: Physical Memory: 5468.75 MB used, 9966.29 MB total
[2015.08.02-03.58.39:978][  0]LogMemory: Virtual Memory: 282.23 MB used, 8388608.00 MB total
[2015.08.02-03.58.40:041][  0]LogTextLocalizationManager: The requested culture ('en_US') has no localization data; parent culture's ('en') localization data will be used.
[2015.08.02-03.58.40:316][  0]LogTextLocalizationManager:Warning: Loaded localization resources contain conflicting entries for (Namespace:ContentBrowser, Key:ImportAssetToolTip):
Localization Resource: (C:/Program Files/Epic Games/4.8/Engine/Content/Localization/Editor/en/Editor.locres) Source String Hash: (-630476809) Localized String: (Import to {0}...)
Localization Resource: (C:/Program Files/Epic Games/4.8/Engine/Content/Localization/Editor/en/Editor.locres) Source String Hash: (1271782899) Localized String: (Imports an asset from file to this folder.)
[2015.08.02-03.58.40:986][  0]LogD3D11RHI: Found D3D11 adapter 0: AMD Radeon (TM) R9 200 Series (Feature Level 11_0)
[2015.08.02-03.58.40:986][  0]LogD3D11RHI: Adapter has 2027MB of dedicated video memory, 0MB of dedicated system memory, and 3840MB of shared system memory, 2 output[s]
[2015.08.02-03.58.40:986][  0]LogD3D11RHI: Chosen D3D11 Adapter Id = 0
[2015.08.02-03.58.40:995][  0]LogD3D11RHI: InitD3DDevice
[2015.08.02-03.58.40:995][  0]LogD3D11RHI: !Direct3DDevice
[2015.08.02-03.58.40:996][  0]LogRHI: Texture pool is 1361 MB (70% of 1945 MB)
[2015.08.02-03.58.41:005][  0]LogD3D11RHI: Async texture creation disabled: no driver support
[2015.08.02-03.58.41:018][  0]LogShaderCompilers:Display: Using Local Shader Compiler.
[2015.08.02-03.58.42:170][  0]LogTemp:Display: Loaded TP DesktopTargetPlatform
[2015.08.02-03.58.42:192][  0]LogTemp:Display: Loaded TP WindowsClientTargetPlatform
[2015.08.02-03.58.42:216][  0]LogTemp:Display: Loaded TP WindowsNoEditorTargetPlatform
[2015.08.02-03.58.42:238][  0]LogTemp:Display: Loaded TP WindowsServerTargetPlatform
[2015.08.02-03.58.42:264][  0]LogTemp:Display: Loaded TP WindowsTargetPlatform
[2015.08.02-03.58.42:282][  0]LogTemp:Display: Loaded TP AndroidTargetPlatform
[2015.08.02-03.58.42:301][  0]LogTemp:Display: Loaded TP Android_ASTCTargetPlatform
[2015.08.02-03.58.42:320][  0]LogTemp:Display: Loaded TP Android_ATCTargetPlatform
[2015.08.02-03.58.42:339][  0]LogTemp:Display: Loaded TP Android_DXTTargetPlatform
[2015.08.02-03.58.42:358][  0]LogTemp:Display: Loaded TP Android_ETC1TargetPlatform
[2015.08.02-03.58.42:378][  0]LogTemp:Display: Loaded TP Android_ETC2TargetPlatform
[2015.08.02-03.58.42:398][  0]LogTemp:Display: Loaded TP Android_PVRTCTargetPlatform
[2015.08.02-03.58.42:464][  0]LogTemp:Display: Loaded TP IOSTargetPlatform
[2015.08.02-03.58.42:482][  0]LogTemp:Display: Loaded TP LinuxNoEditorTargetPlatform
[2015.08.02-03.58.42:500][  0]LogTemp:Display: Loaded TP LinuxServerTargetPlatform
[2015.08.02-03.58.42:522][  0]LogTemp:Display: Loaded TP LinuxTargetPlatform
[2015.08.02-03.58.42:522][  0]LogTargetPlatformManager:Display: Building Assets For Windows
[2015.08.02-03.58.42:831][  0]LogDerivedDataCache:Display: Max Cache Size: 512 MB
[2015.08.02-03.58.43:542][  0]LogDerivedDataCache: Loaded boot cache 0.71s 53MB C:/Users/Matt/AppData/Local/UnrealEngine/4.8/DerivedDataCache/Boot.ddc.
[2015.08.02-03.58.43:542][  0]LogDerivedDataCache:Display: Loaded Boot cache: C:/Users/Matt/AppData/Local/UnrealEngine/4.8/DerivedDataCache/Boot.ddc
[2015.08.02-03.58.43:542][  0]LogDerivedDataCache: FDerivedDataBackendGraph:  Pak pak cache file ../../../../../../Users/Matt/Documents/Game/DerivedDataCache/DDC.ddp not found, will not use a pak cache.
[2015.08.02-03.58.43:542][  0]LogDerivedDataCache: Unable to find inner node Pak for hierarchical cache Hierarchy.
[2015.08.02-03.58.43:542][  0]LogDerivedDataCache: FDerivedDataBackendGraph:  CompressedPak pak cache file ../../../../../../Users/Matt/Documents/Game/DerivedDataCache/Compressed.ddp not found, will not use a pak cache.
[2015.08.02-03.58.43:542][  0]LogDerivedDataCache: Unable to find inner node CompressedPak for hierarchical cache Hierarchy.
[2015.08.02-03.58.43:719][  0]LogDerivedDataCache:Display: Pak cache opened for reading ../../../Engine/DerivedDataCache/Compressed.ddp.
[2015.08.02-03.58.43:730][  0]LogDerivedDataCache: Using Local data cache path C:/Users/Matt/AppData/Local/UnrealEngine/Common/DerivedDataCache: Writable
[2015.08.02-03.58.44:091][  0]LogInit: Selected Device Profile: [Windows]
[2015.08.02-03.58.44:103][  0]ImportText (ComponentSweepMultiTests): Missing closing parenthesis: (RootShapeAsset="/Engine/BasicShapes/Cube.Cube",ShapeType="TriggerCapsule",HitResult=(Time=0.50,Location=(X=-100.000015,Y=0.0,Z=100.000015),ImpactPoint=(X=-50.0,Y=0.0,Z=50.0),Normal=(X=-1.0,Y=-0.0,Z=0.0),ImpactNormal=(X=0.0,Y=0.0,Z=1.0),TraceStart=(X=-200.0,Y=0.0,Z=200.0),TraceEnd=(X=0.0,Y=0.0,Z=0.0))
[2015.08.02-03.58.44:103][  0]ImportText (LineTraceSingleByChannelTests): Missing closing parenthesis: (RootShapeAsset="/Engine/BasicShapes/Cube.Cube",HitResult=(Time=0.50,Location=(X=-100.000015,Y=0.0,Z=100.000015),ImpactPoint=(X=-50.0,Y=0.0,Z=50.0),Normal=(X=-1.0,Y=-0.0,Z=0.0),ImpactNormal=(X=0.0,Y=0.0,Z=1.0),TraceStart=(X=-200.0,Y=0.0,Z=200.0),TraceEnd=(X=0.0,Y=0.0,Z=0.0))
[2015.08.02-03.58.44:145][  0]LogMeshUtilities: No automatic mesh reduction module available
[2015.08.02-03.58.44:145][  0]LogMeshUtilities: No automatic mesh merging module available
[2015.08.02-03.58.44:768][  0]LogInit: WinSock: version 1.1 (2.2), MaxSocks=32767, MaxUdp=65467
[2015.08.02-03.58.46:249][  0]UdpMessaging: Initializing bridge on interface 0.0.0.0:0 to multicast group 230.0.0.1:6666.
[2015.08.02-03.58.46:831][  0]SourceControl: Info Source control is disabled
[2015.08.02-03.58.47:301][  0]LogObj: 26273 objects as part of root set at end of initial load.
[2015.08.02-03.58.47:301][  0]LogUObjectAllocator: 5409248 out of 0 bytes used by permanent object pool.
[2015.08.02-03.58.47:432][  0]LogEngine: Initializing Engine...
[2015.08.02-03.58.47:437][  0]LogHMD: Can't find Oculus library dev build: is proper Runtime installed? Version: 0.6.0.0
[2015.08.02-03.58.47:450][  0]LogHMD:Warning: SteamVR failed to initialize.  Error: 108
[2015.08.02-03.58.47:722][  0]LogAIModule: Creating AISystem for world NewWorld
[2015.08.02-03.58.47:757][  0]LogInit: XAudio2 using 'Line 1 (Virtual Audio Cable)' : 2 channels at 48 kHz using 16 bits per sample (channel mask 0x3)
[2015.08.02-03.58.47:767][  0]LogInit: FAudioDevice initialized.
[2015.08.02-03.58.47:829][  0]LogDerivedDataCache: Saved boot cache 0.06s 53MB C:/Users/Matt/AppData/Local/UnrealEngine/4.8/DerivedDataCache/Boot.ddc.
[2015.08.02-03.58.47:842][  0]LogInit: Texture streaming: Disabled
[2015.08.02-03.58.47:883][  0]LogAnalytics: Creating configured Analytics provider AnalyticsET
[2015.08.02-03.58.47:883][  0]LogAnalytics: [UEEditor.Rocket.Release] APIServer = http://et2.epicgames.com/ET2/. AppVersion = 4.8.3-2634408+++depot+UE4-Releases+4.8
[2015.08.02-03.58.47:883][  0]LogAnalytics: [UEEditor.Rocket.Release] SetUserId 36a022504283e224e04eae936ba2e775|c7d90b2c7e7c4247916b0f9a634d96ff|19fb9140-ac48-4fab-ab43-fc5af99d0360
[2015.08.02-03.58.47:884][  0]LogAnalytics: [UEEditor.Rocket.Release] AnalyticsET::StartSession
[2015.08.02-03.58.47:926][  0]LogInit: Transaction tracking system initialized
[2015.08.02-03.58.48:178][  0]BlueprintLog: New page: Editor Load
[2015.08.02-03.58.48:228][  0]LogAssetRegistry: FAssetRegistry took 0.0098 seconds to start up
[2015.08.02-03.58.48:228][  0]LogDirectoryWatcher:Warning: Failed to begin reading directory changes for ../../../Engine/Plugins/Experimental/CharacterAI/Content/. Error: 0
[2015.08.02-03.58.49:441][  0]LogConsoleManager:Warning: Console variable 'r.VSync' wasn't set ('GameSetting' has a lower priority than 'SystemSettingsIni')
[2015.08.02-03.58.49:441][  0]LogConsoleResponse:Display: 
[2015.08.02-03.58.50:081][  0]LogCook:Display: Done creating registry. It took  0.00s.
[2015.08.02-03.58.50:447][  0]Cmd: MAP LOAD FILE="../../../Engine/Content/Maps/Templates/Template_Default.umap" TEMPLATE=1 SHOWPROGRESS=1 FEATURELEVEL=3
[2015.08.02-03.58.50:448][  0]LightingResults: New page: Lighting Build
[2015.08.02-03.58.50:471][  0]MapCheck: New page: Map Check
[2015.08.02-03.58.50:471][  0]LightingResults: New page: Lighting Build
[2015.08.02-03.58.50:490][  0]LogParticles: Destroying 0 GPU particle simulations for FXSystem 0x0000000015768B80
[2015.08.02-03.58.51:217][  0]LogAIModule: Creating AISystem for world Untitled_1
[2015.08.02-03.58.51:226][  0]LogEditorServer: Finished looking for orphan Actors (0.000 secs)
[2015.08.02-03.58.51:281][  0]Cmd: MAP CHECKDEP NOCLEARLOG
[2015.08.02-03.58.51:330][  0]MapCheck: Info Map check complete: 0 Error(s), 0 Warning(s), took 48.519ms to complete.
[2015.08.02-03.58.51:330][  0]LogFileHelpers: Loading map 'Template_Default' took 0.883
[2015.08.02-03.58.52:618][  0]LogCollectionManager: Loaded 0 collections in 0.002903 seconds
[2015.08.02-03.58.52:629][  0]LogContentBrowser: Native class hierarchy populated in 0.0116 seconds. Added 1792 classes and 301 folders.
[2015.08.02-03.58.52:708][  0]LogContentBrowser: Native class hierarchy updated for 'WidgetCarousel' in 0.0006 seconds. Added 0 classes and 0 folders.
[2015.08.02-03.58.52:743][  0]LogContentBrowser: Native class hierarchy updated for 'AddContentDialog' in 0.0004 seconds. Added 0 classes and 0 folders.
[2015.08.02-03.58.52:767][  0]LogContentBrowser: Native class hierarchy updated for 'SceneOutliner' in 0.0006 seconds. Added 1 classes and 2 folders.
[2015.08.02-03.58.52:815][  0]LogCrashTracker: Crashtracker disabled due to settings.
[2015.08.02-03.58.52:817][  0]LogD3D11RHI: InitD3DDevice
[2015.08.02-03.58.52:820][  0]LogUObjectGlobals:Warning: Failed to find object 'Class None.'
[2015.08.02-03.58.52:841][  0]LogLoad: Full Startup: 16.55 seconds (BP compile: 0.23 seconds)
[2015.08.02-03.58.53:257][  0]LogContentStreaming: Texture pool size is 0.000000MB
[2015.08.02-03.58.53:289][  0]LogContentStreaming: Texture pool size now 1000 MB
[2015.08.02-03.58.53:590][  0]LogRenderer: Reallocating scene render targets to support 1208x600 (Frame:2).
[2015.08.02-03.58.56:394][  7]LogAssetRegistry: Asset discovery search completed in 8.1768 seconds
[2015.08.02-03.59.02:018][ 24]LogD3D11RHI: InitD3DDevice
[2015.08.02-03.59.10:763][635]LogD3D11RHI: InitD3DDevice
[2015.08.02-03.59.11:183][635]LogAIModule: Creating AISystem for world Asset_map
[2015.08.02-03.59.11:326][635]Cmd: MAP LOAD FILE="../../../../../../Users/Matt/Documents/Game/Content/Maps/Asset_map.umap" TEMPLATE=0 SHOWPROGRESS=1 FEATURELEVEL=3
[2015.08.02-03.59.11:326][635]LightingResults: New page: Lighting Build
[2015.08.02-03.59.11:350][635]LoadErrors: New page: Loading map: Asset_map.umap
[2015.08.02-03.59.11:350][635]MapCheck: New page: Map Check
[2015.08.02-03.59.11:350][635]LightingResults: New page: Lighting Build
[2015.08.02-03.59.11:366][635]LogParticles: Destroying 0 GPU particle simulations for FXSystem 0x0000000011E820C0
[2015.08.02-03.59.11:489][635]LogAIModule: Creating AISystem for world Asset_map
[2015.08.02-03.59.11:821][635]LogEditorServer: Finished looking for orphan Actors (0.000 secs)
[2015.08.02-03.59.11:952][635]Cmd: MAP CHECKDEP NOCLEARLOG
[2015.08.02-03.59.12:010][635]MapCheck: Info Map check complete: 0 Error(s), 0 Warning(s), took 57.471ms to complete.
[2015.08.02-03.59.12:010][635]LogFileHelpers: Loading map 'Asset_map' took 0.686
[2015.08.02-03.59.12:120][636]Cmd: UpdateLandscapeEditorData -warnings
[2015.08.02-03.59.12:122][636]Cmd: UpdateLandscapeEditorData
[2015.08.02-03.59.42:187][174]LogD3D11RHI: InitD3DDevice
[2015.08.02-03.59.42:434][174]LogAIModule: Creating AISystem for world Cosmic_test
[2015.08.02-03.59.42:496][174]Cmd: MAP LOAD FILE="../../../../../../Users/Matt/Documents/Game/Content/Maps/Cosmic_test.umap" TEMPLATE=0 SHOWPROGRESS=1 FEATURELEVEL=3
[2015.08.02-03.59.42:496][174]LightingResults: New page: Lighting Build
[2015.08.02-03.59.42:523][174]LoadErrors: New page: Loading map: Cosmic_test.umap
[2015.08.02-03.59.42:524][174]MapCheck: New page: Map Check
[2015.08.02-03.59.42:524][174]LightingResults: New page: Lighting Build
[2015.08.02-03.59.42:541][174]LogParticles: Destroying 0 GPU particle simulations for FXSystem 0x00000000228200E0
[2015.08.02-03.59.42:677][174]LogAIModule: Creating AISystem for world Cosmic_test
[2015.08.02-03.59.43:115][174]LogEditorServer: Finished looking for orphan Actors (0.000 secs)
[2015.08.02-03.59.43:316][174]Cmd: MAP CHECKDEP NOCLEARLOG
[2015.08.02-03.59.43:373][174]MapCheck: Info Map check complete: 0 Error(s), 0 Warning(s), took 57.117ms to complete.
[2015.08.02-03.59.43:373][174]LogFileHelpers: Loading map 'Cosmic_test' took 0.879
[2015.08.02-03.59.43:438][175]Cmd: UpdateLandscapeEditorData -warnings
[2015.08.02-03.59.43:440][175]Cmd: UpdateLandscapeEditorData
[2015.08.02-03.59.46:222][459]LogD3D11RHI: InitD3DDevice
[2015.08.02-03.59.46:287][459]LogAIModule: Creating AISystem for world Noob_land_01
[2015.08.02-03.59.46:332][459]Cmd: MAP LOAD FILE="../../../../../../Users/Matt/Documents/Game/Content/Maps/Noob_land_01.umap" TEMPLATE=0 SHOWPROGRESS=1 FEATURELEVEL=3
[2015.08.02-03.59.46:332][459]LightingResults: New page: Lighting Build
[2015.08.02-03.59.46:360][459]LoadErrors: New page: Loading map: Noob_land_01.umap
[2015.08.02-03.59.46:361][459]MapCheck: New page: Map Check
[2015.08.02-03.59.46:361][459]LightingResults: New page: Lighting Build
[2015.08.02-03.59.46:379][459]LogParticles: Destroying 0 GPU particle simulations for FXSystem 0x00000000107C8220
[2015.08.02-03.59.46:509][459]LogAIModule: Creating AISystem for world Noob_land_01
[2015.08.02-03.59.46:538][459]LogEditorServer: Finished looking for orphan Actors (0.000 secs)
[2015.08.02-03.59.46:576][459]Cmd: MAP CHECKDEP NOCLEARLOG
[2015.08.02-03.59.46:625][459]MapCheck: Info Map check complete: 0 Error(s), 0 Warning(s), took 49.236ms to complete.
[2015.08.02-03.59.46:625][459]LogFileHelpers: Loading map 'Noob_land_01' took 0.296
[2015.08.02-03.59.46:691][460]Cmd: UpdateLandscapeEditorData -warnings
[2015.08.02-03.59.46:692][460]Cmd: UpdateLandscapeEditorData
[2015.08.02-03.59.51:928][ 18]LogD3D11RHI: InitD3DDevice
[2015.08.02-03.59.51:982][ 18]LogAIModule: Creating AISystem for world Cosmic_test
[2015.08.02-03.59.52:029][ 18]Cmd: MAP LOAD FILE="../../../../../../Users/Matt/Documents/Game/Content/Maps/Cosmic_test.umap" TEMPLATE=0 SHOWPROGRESS=1 FEATURELEVEL=3
[2015.08.02-03.59.52:029][ 18]LightingResults: New page: Lighting Build
[2015.08.02-03.59.52:054][ 18]LoadErrors: New page: Loading map: Cosmic_test.umap
[2015.08.02-03.59.52:056][ 18]MapCheck: New page: Map Check
[2015.08.02-03.59.52:056][ 18]LightingResults: New page: Lighting Build
[2015.08.02-03.59.52:073][ 18]LogParticles: Destroying 0 GPU particle simulations for FXSystem 0x00000000107C80E0
[2015.08.02-03.59.52:206][ 18]LogAIModule: Creating AISystem for world Cosmic_test
[2015.08.02-03.59.52:239][ 18]LogEditorServer: Finished looking for orphan Actors (0.000 secs)
[2015.08.02-03.59.52:280][ 18]Cmd: MAP CHECKDEP NOCLEARLOG
[2015.08.02-03.59.52:332][ 18]MapCheck: Info Map check complete: 0 Error(s), 0 Warning(s), took 51.722ms to complete.
[2015.08.02-03.59.52:332][ 18]LogFileHelpers: Loading map 'Cosmic_test' took 0.305
[2015.08.02-03.59.52:398][ 19]Cmd: UpdateLandscapeEditorData -warnings
[2015.08.02-03.59.52:399][ 19]Cmd: UpdateLandscapeEditorData
[2015.08.02-03.59.53:131][ 96]LogD3D11RHI: InitD3DDevice
[2015.08.02-03.59.53:181][ 96]LogAIModule: Creating AISystem for world Asset_map
[2015.08.02-03.59.53:224][ 96]Cmd: MAP LOAD FILE="../../../../../../Users/Matt/Documents/Game/Content/Maps/Asset_map.umap" TEMPLATE=0 SHOWPROGRESS=1 FEATURELEVEL=3
[2015.08.02-03.59.53:224][ 96]LightingResults: New page: Lighting Build
[2015.08.02-03.59.53:253][ 96]LoadErrors: New page: Loading map: Asset_map.umap
[2015.08.02-03.59.53:254][ 96]MapCheck: New page: Map Check
[2015.08.02-03.59.53:254][ 96]LightingResults: New page: Lighting Build
[2015.08.02-03.59.53:273][ 96]LogParticles: Destroying 0 GPU particle simulations for FXSystem 0x000000000CC077E0
[2015.08.02-03.59.53:401][ 96]LogAIModule: Creating AISystem for world Asset_map
[2015.08.02-03.59.53:428][ 96]LogEditorServer: Finished looking for orphan Actors (0.000 secs)
[2015.08.02-03.59.53:465][ 96]Cmd: MAP CHECKDEP NOCLEARLOG
[2015.08.02-03.59.53:514][ 96]MapCheck: Info Map check complete: 0 Error(s), 0 Warning(s), took 49.247ms to complete.
[2015.08.02-03.59.53:514][ 96]LogFileHelpers: Loading map 'Asset_map' took 0.293
[2015.08.02-03.59.53:579][ 97]Cmd: UpdateLandscapeEditorData -warnings
[2015.08.02-03.59.53:579][ 97]Cmd: UpdateLandscapeEditorData
[2015.08.02-04.00.05:408][464]LogEditorViewport: Clicking on Actor (LMB): BP_Sky_Sphere_C (Sky Sphere)
[2015.08.02-04.00.09:012][781]LogEditorViewport: Clicking on Actor (LMB): AtmosphericFog (AtmosphericFog)
[2015.08.02-04.00.21:381][761]EditorErrors:Warning: Warning
[2015.08.02-04.00.21:403][761]LogD3D11RHI: InitD3DDevice
[2015.08.02-04.00.21:780][778]LogEditorViewport: Clicking on Actor (LMB): Landscape (Landscape2)
[2015.08.02-04.00.21:932][784]LogEditorViewport: Clicking on Actor (context menu): Landscape (Landscape2)
[2015.08.02-04.00.21:958][784]LogD3D11RHI: InitD3DDevice
[2015.08.02-04.00.22:516][834]LogEditorViewport: Clicking on Actor (LMB): Landscape (Landscape2)
[2015.08.02-04.00.25:940][109]LogEditorViewport: Clicking on Actor (LMB): AtmosphericFog (AtmosphericFog)
[2015.08.02-04.00.26:720][171]LogEditorViewport: Clicking on Actor (context menu): Landscape (Landscape2)
[2015.08.02-04.00.26:767][171]LogD3D11RHI: InitD3DDevice
[2015.08.02-04.00.27:544][237]LogEditorViewport: Clicking on Actor (context menu): Landscape (Landscape2)
[2015.08.02-04.00.27:570][237]LogD3D11RHI: InitD3DDevice
[2015.08.02-04.00.48:900][192]Cmd: POLY SELECT ADJACENT WALLS
[2015.08.02-04.00.49:165][201]Cmd: POLY SELECT ADJACENT WALLS
[2015.08.02-04.00.49:240][204]Cmd: POLY SELECT MEMORY UNION
[2015.08.02-04.00.49:764][246]Cmd: POLY SELECT MEMORY UNION
[2015.08.02-04.00.49:884][255]Cmd: POLY SELECT ALL
[2015.08.02-04.00.53:872][684]Cmd: POLY SELECT ALL
[2015.08.02-04.01.08:018][252]LogD3D11RHI: InitD3DDevice
[2015.08.02-04.01.09:382][396]LogD3D11RHI: InitD3DDevice
[2015.08.02-04.01.09:411][396]Cmd: OBJ SAVEPACKAGE PACKAGE="/Game/Maps/Asset_map" FILE="../../../../../../Users/Matt/Documents/Game/Content/Maps/Asset_map.umap" SILENT=true AUTOSAVING=false KEEPDIRTY=false
[2015.08.02-04.01.09:621][396]LogSavePackage: Save=165.589569ms
[2015.08.02-04.01.09:621][396]LogSavePackage: Moving '../../../../../../Users/Matt/Documents/Game/Saved/Asset_mapEDBD829D4F5AE9B3908475A3936C8B6C.tmp' to '../../../../../../Users/Matt/Documents/Game/Content/Maps/Asset_map.umap'
[2015.08.02-04.01.11:489][556]Cmd: QUIT_EDITOR
[2015.08.02-04.01.11:791][556]LogExit: Preparing to exit.
[2015.08.02-04.01.12:359][556]LogExit: Editor shut down
[2015.08.02-04.01.12:360][556]LogExit: Transaction tracking system shut down
[2015.08.02-04.01.12:361][556]LogParticles: Destroying 0 GPU particle simulations for FXSystem 0x0000000017D579C0
[2015.08.02-04.01.12:361][556]LogParticles: Destroying 0 GPU particle simulations for FXSystem 0x0000000022822B60
[2015.08.02-04.01.12:361][556]LogParticles: Destroying 0 GPU particle simulations for FXSystem 0x000000001A7031A0
[2015.08.02-04.01.12:561][556]LogParticles: Destroying 0 GPU particle simulations for FXSystem 0x0000000018218540
[2015.08.02-04.01.12:561][556]LogExit: Object subsystem successfully closed.
[2015.08.02-04.01.12:580][556]LogD3D11RHI: Shutdown
[2015.08.02-04.01.12:580][556]LogD3D11RHI: CleanupD3DDevice
[2015.08.02-04.01.12:632][556]LogD3D11RHI: ~FD3D11DynamicRHI
[2015.08.02-04.01.12:655][556]LogModuleManager: Shutting down and abandoning module CrashTracker (188)
[2015.08.02-04.01.12:655][556]LogModuleManager: Shutting down and abandoning module SceneOutliner (187)
[2015.08.02-04.01.12:655][556]LogModuleManager: Shutting down and abandoning module SuperSearch (186)
[2015.08.02-04.01.12:655][556]LogModuleManager: Shutting down and abandoning module WidgetCarousel (185)
[2015.08.02-04.01.12:655][556]LogModuleManager: Shutting down and abandoning module AddContentDialog (184)
[2015.08.02-04.01.12:656][556]LogModuleManager: Shutting down and abandoning module EditorWidgets (183)
[2015.08.02-04.01.12:656][556]LogModuleManager: Shutting down and abandoning module CollectionManager (182)
[2015.08.02-04.01.12:656][556]LogModuleManager: Shutting down and abandoning module StatsViewer (181)
[2015.08.02-04.01.12:656][556]LogModuleManager: Shutting down and abandoning module FoliageEdit (180)
[2015.08.02-04.01.12:656][556]LogModuleManager: Shutting down and abandoning module LandscapeEditor (179)
[2015.08.02-04.01.12:656][556]LogModuleManager: Shutting down and abandoning module ActorPickerMode (178)
[2015.08.02-04.01.12:656][556]LogModuleManager: Shutting down and abandoning module GeometryMode (177)
[2015.08.02-04.01.12:656][556]LogModuleManager: Shutting down and abandoning module TextureAlignMode (176)
[2015.08.02-04.01.12:656][556]LogModuleManager: Shutting down and abandoning module BspMode (175)
[2015.08.02-04.01.12:656][556]LogModuleManager: Shutting down and abandoning module PlacementMode (174)
[2015.08.02-04.01.12:656][556]LogModuleManager: Shutting down and abandoning module AutomationWorker (173)
[2015.08.02-04.01.12:656][556]LogModuleManager: Shutting down and abandoning module CharacterAI (172)
[2015.08.02-04.01.12:656][556]LogModuleManager: Shutting down and abandoning module SmartSnapping (171)
[2015.08.02-04.01.12:656][556]LogModuleManager: Shutting down and abandoning module ViewportSnapping (170)
[2015.08.02-04.01.12:656][556]LogModuleManager: Shutting down and abandoning module LogVisualizer (169)
[2015.08.02-04.01.12:657][556]LogModuleManager: Shutting down and abandoning module GameProjectGeneration (168)
[2015.08.02-04.01.12:657][556]LogModuleManager: Shutting down and abandoning module IntroTutorials (167)
[2015.08.02-04.01.12:657][556]LogModuleManager: Shutting down and abandoning module EditorLiveStreaming (166)
[2015.08.02-04.01.12:657][556]LogModuleManager: Shutting down and abandoning module IOSPlatformEditor (165)
[2015.08.02-04.01.12:657][556]LogModuleManager: Shutting down and abandoning module HTML5PlatformEditor (164)
[2015.08.02-04.01.12:657][556]LogModuleManager: Shutting down and abandoning module AndroidDeviceDetection (163)
[2015.08.02-04.01.13:172][556]LogModuleManager: Shutting down and abandoning module AndroidPlatformEditor (162)
[2015.08.02-04.01.13:172][556]LogModuleManager: Shutting down and abandoning module IOSRuntimeSettings (161)
[2015.08.02-04.01.13:172][556]LogModuleManager: Shutting down and abandoning module AndroidRuntimeSettings (160)
[2015.08.02-04.01.13:172][556]LogModuleManager: Shutting down and abandoning module MergeActors (159)
[2015.08.02-04.01.13:172][556]LogModuleManager: Shutting down and abandoning module SizeMap (158)
[2015.08.02-04.01.13:172][556]LogModuleManager: Shutting down and abandoning module TreeMap (157)
[2015.08.02-04.01.13:172][556]LogModuleManager: Shutting down and abandoning module ReferenceViewer (156)
[2015.08.02-04.01.13:172][556]LogModuleManager: Shutting down and abandoning module LocalizationDashboard (155)
[2015.08.02-04.01.13:172][556]LogModuleManager: Shutting down and abandoning module HardwareTargeting (154)
[2015.08.02-04.01.13:172][556]LogModuleManager: Shutting down and abandoning module DeviceProfileEditor (153)
[2015.08.02-04.01.13:172][556]LogModuleManager: Shutting down and abandoning module UndoHistory (152)
[2015.08.02-04.01.13:172][556]LogModuleManager: Shutting down and abandoning module GameplayTagsEditor (151)
[2015.08.02-04.01.13:172][556]LogModuleManager: Shutting down and abandoning module UserFeedback (150)
[2015.08.02-04.01.13:172][556]LogModuleManager: Shutting down and abandoning module XmlParser (149)
[2015.08.02-04.01.13:172][556]LogModuleManager: Shutting down and abandoning module Blutility (148)
[2015.08.02-04.01.13:172][556]LogModuleManager: Shutting down and abandoning module ProjectTargetPlatformEditor (147)
[2015.08.02-04.01.13:172][556]LogModuleManager: Shutting down and abandoning module ProjectSettingsViewer (146)
[2015.08.02-04.01.13:172][556]LogModuleManager: Shutting down and abandoning module InputBindingEditor (145)
[2015.08.02-04.01.13:172][556]LogModuleManager: Shutting down and abandoning module EditorSettingsViewer (144)
[2015.08.02-04.01.13:172][556]LogModuleManager: Shutting down and abandoning module SettingsEditor (143)
[2015.08.02-04.01.13:172][556]LogModuleManager: Shutting down and abandoning module ProjectLauncher (142)
[2015.08.02-04.01.13:172][556]LogModuleManager: Shutting down and abandoning module SessionFrontend (141)
[2015.08.02-04.01.13:172][556]LogModuleManager: Shutting down and abandoning module ProfilerClient (140)
[2015.08.02-04.01.13:173][556]LogModuleManager: Shutting down and abandoning module TargetDeviceServices (139)
[2015.08.02-04.01.13:173][556]LogModuleManager: Shutting down and abandoning module DeviceManager (138)
[2015.08.02-04.01.13:173][556]LogModuleManager: Shutting down and abandoning module AutomationController (137)
[2015.08.02-04.01.13:173][556]LogModuleManager: Shutting down and abandoning module AutomationWindow (136)
[2015.08.02-04.01.13:173][556]LogModuleManager: Shutting down and abandoning module Layers (135)
[2015.08.02-04.01.13:173][556]LogModuleManager: Shutting down and abandoning module ComponentVisualizers (134)
[2015.08.02-04.01.13:173][556]LogModuleManager: Shutting down and abandoning module DetailCustomizations (133)
[2015.08.02-04.01.13:173][556]LogModuleManager: Shutting down and abandoning module PackagesDialog (132)
[2015.08.02-04.01.13:173][556]LogModuleManager: Shutting down and abandoning module AssetRegistry (131)
[2015.08.02-04.01.13:256][556]LogModuleManager: Shutting down and abandoning module Persona (130)
[2015.08.02-04.01.13:256][556]LogModuleManager: Shutting down and abandoning module Kismet (129)
[2015.08.02-04.01.13:256][556]LogModuleManager: Shutting down and abandoning module GraphEditor (128)
[2015.08.02-04.01.13:256][556]LogModuleManager: Shutting down and abandoning module ClassViewer (127)
[2015.08.02-04.01.13:256][556]LogModuleManager: Shutting down and abandoning module Toolbox (126)
[2015.08.02-04.01.13:256][556]LogModuleManager: Shutting down and abandoning module ModuleUI (125)
[2015.08.02-04.01.13:256][556]LogModuleManager: Shutting down and abandoning module MovieSceneTools (124)
[2015.08.02-04.01.13:256][556]LogModuleManager: Shutting down and abandoning module OutputLog (123)
[2015.08.02-04.01.13:256][556]LogModuleManager: Shutting down and abandoning module GammaUI (122)
[2015.08.02-04.01.13:256][556]LogModuleManager: Shutting down and abandoning module Documentation (121)
[2015.08.02-04.01.13:256][556]LogModuleManager: Shutting down and abandoning module GameLiveStreaming (120)
[2015.08.02-04.01.13:256][556]LogModuleManager: Shutting down and abandoning module StreamingPauseRendering (119)
[2015.08.02-04.01.13:256][556]LogModuleManager: Shutting down and abandoning module AnalyticsET (118)
[2015.08.02-04.01.13:256][556]LogModuleManager: Shutting down and abandoning module Analytics (117)
[2015.08.02-04.01.13:256][556]LogModuleManager: Shutting down and abandoning module AITestSuite (116)
[2015.08.02-04.01.13:256][556]LogModuleManager: Shutting down and abandoning module GameplayDebugger (115)
[2015.08.02-04.01.13:256][556]LogModuleManager: Shutting down and abandoning module AIModule (114)
[2015.08.02-04.01.13:256][556]LogModuleManager: Shutting down and abandoning module ProfilerService (113)
[2015.08.02-04.01.13:359][556]LogModuleManager: Shutting down and abandoning module TaskGraph (112)
[2015.08.02-04.01.13:359][556]LogModuleManager: Shutting down and abandoning module SlateRemote (111)
[2015.08.02-04.01.13:359][556]LogModuleManager: Shutting down and abandoning module SteamVRController (110)
[2015.08.02-04.01.13:359][556]LogModuleManager: Shutting down and abandoning module SteamVR (109)
[2015.08.02-04.01.13:359][556]LogModuleManager: Shutting down and abandoning module ProceduralMeshComponent (108)
[2015.08.02-04.01.13:359][556]LogModuleManager: Shutting down and abandoning module OculusRift (107)
[2015.08.02-04.01.13:359][556]LogModuleManager: Shutting down and abandoning module LeapMotionController (106)
[2015.08.02-04.01.13:374][556]LogModuleManager: Shutting down and abandoning module CustomMeshComponent (105)
[2015.08.02-04.01.13:375][556]LogModuleManager: Shutting down and abandoning module CableComponent (104)
[2015.08.02-04.01.13:375][556]LogModuleManager: Shutting down and abandoning module MessagingDebugger (103)
[2015.08.02-04.01.13:375][556]LogModuleManager: Shutting down and abandoning module MediaPlayerEditor (102)
[2015.08.02-04.01.13:375][556]LogModuleManager: Shutting down and abandoning module SpeedTreeImporter (101)
[2015.08.02-04.01.13:375][556]LogModuleManager: Shutting down and abandoning module PluginBrowser (100)
[2015.08.02-04.01.13:375][556]LogModuleManager: Shutting down and abandoning module EpicSurvey (99)
[2015.08.02-04.01.13:375][556]LogModuleManager: Shutting down and abandoning module DesktopPlatform (98)
[2015.08.02-04.01.13:375][556]LogModuleManager: Shutting down and abandoning module VisualStudioSourceCodeAccess (97)
[2015.08.02-04.01.13:375][556]LogModuleManager: Shutting down and abandoning module UObjectPlugin (96)
[2015.08.02-04.01.13:375][556]LogModuleManager: Shutting down and abandoning module SubversionSourceControl (95)
[2015.08.02-04.01.13:375][556]LogModuleManager: Shutting down and abandoning module PerforceSourceControl (94)
[2015.08.02-04.01.13:375][556]LogModuleManager: Shutting down and abandoning module SourceControl (93)
[2015.08.02-04.01.13:375][556]LogModuleManager: Shutting down and abandoning module GitSourceControl (92)
[2015.08.02-04.01.13:375][556]LogModuleManager: Shutting down and abandoning module BlankPlugin (91)
[2015.08.02-04.01.13:375][556]LogModuleManager: Shutting down and abandoning module PaperTiledImporter (90)
[2015.08.02-04.01.13:375][556]LogModuleManager: Shutting down and abandoning module PaperSpriteSheetImporter (89)
[2015.08.02-04.01.13:375][556]LogModuleManager: Shutting down and abandoning module MeshPaint (88)
[2015.08.02-04.01.13:375][556]LogModuleManager: Shutting down and abandoning module SlateReflector (87)
[2015.08.02-04.01.13:375][556]LogModuleManager: Shutting down and abandoning module DirectoryWatcher (86)
[2015.08.02-04.01.13:376][556]LogModuleManager: Shutting down and abandoning module HotReload (85)
[2015.08.02-04.01.13:376][556]LogModuleManager: Shutting down and abandoning module MainFrame (84)
[2015.08.02-04.01.13:376][556]LogModuleManager: Shutting down and abandoning module LevelEditor (83)
[2015.08.02-04.01.13:377][556]LogModuleManager: Shutting down and abandoning module ContentBrowser (82)
[2015.08.02-04.01.13:378][556]LogModuleManager: Shutting down and abandoning module Paper2DEditor (81)
[2015.08.02-04.01.13:378][556]LogModuleManager: Shutting down and abandoning module UdpMessaging (80)
[2015.08.02-04.01.13:478][556]LogModuleManager: Shutting down and abandoning module Paper2D (79)
[2015.08.02-04.01.13:478][556]LogModuleManager: Shutting down and abandoning module WindowsMoviePlayer (78)
[2015.08.02-04.01.13:485][556]LogModuleManager: Shutting down and abandoning module Media (77)
[2015.08.02-04.01.13:485][556]LogModuleManager: Shutting down and abandoning module WmfMedia (76)
[2015.08.02-04.01.13:485][556]LogModuleManager: Shutting down and abandoning module OnlineBlueprintSupport (75)
[2015.08.02-04.01.13:485][556]LogModuleManager: Shutting down and abandoning module PropertyEditor (74)
[2015.08.02-04.01.13:485][556]LogModuleManager: Shutting down and abandoning module BehaviorTreeEditor (73)
[2015.08.02-04.01.13:485][556]LogModuleManager: Shutting down and abandoning module FunctionalTesting (72)
[2015.08.02-04.01.13:485][556]LogModuleManager: Shutting down and abandoning module CollisionAnalyzer (71)
[2015.08.02-04.01.13:485][556]LogModuleManager: Shutting down and abandoning module WorkspaceMenuStructure (70)
[2015.08.02-04.01.13:485][556]LogModuleManager: Shutting down and abandoning module MessageLog (69)
[2015.08.02-04.01.13:485][556]LogModuleManager: Shutting down and abandoning module Sequencer (68)
[2015.08.02-04.01.13:485][556]LogModuleManager: Shutting down and abandoning module AssetTools (67)
[2015.08.02-04.01.13:485][556]LogModuleManager: Shutting down and abandoning module UMGEditor (66)
[2015.08.02-04.01.13:485][556]LogModuleManager: Shutting down and abandoning module UMG (65)
[2015.08.02-04.01.13:485][556]LogModuleManager: Shutting down and abandoning module Slate (64)
[2015.08.02-04.01.13:485][556]LogModuleManager: Shutting down and abandoning module EditorStyle (63)
[2015.08.02-04.01.13:490][556]LogModuleManager: Shutting down and abandoning module SessionServices (62)
[2015.08.02-04.01.13:490][556]LogModuleManager: Shutting down and abandoning module SourceCodeAccess (61)
[2015.08.02-04.01.13:490][556]LogModuleManager: Shutting down and abandoning module HeadMountedDisplay (60)
[2015.08.02-04.01.13:490][556]LogModuleManager: Shutting down and abandoning module XAudio2 (59)
[2015.08.02-04.01.13:490][556]LogModuleManager: Shutting down and abandoning module Networking (57)
[2015.08.02-04.01.13:490][556]LogModuleManager: Shutting down and abandoning module Core (56)
[2015.08.02-04.01.13:490][556]LogModuleManager: Shutting down and abandoning module KismetCompiler (55)
[2015.08.02-04.01.13:490][556]LogModuleManager: Shutting down and abandoning module PhysXFormats (54)
[2015.08.02-04.01.13:490][556]LogModuleManager: Shutting down and abandoning module MeshUtilities (53)
[2015.08.02-04.01.13:490][556]LogModuleManager: Shutting down and abandoning module DerivedDataCache (52)
[2015.08.02-04.01.13:549][556]LogDerivedDataCache: Shutdown
[2015.08.02-04.01.13:549][556]LogModuleManager: Shutting down and abandoning module ShaderFormatOpenGL (51)
[2015.08.02-04.01.13:549][556]LogModuleManager: Shutting down and abandoning module ShaderFormatD3D (50)
[2015.08.02-04.01.13:549][556]LogModuleManager: Shutting down and abandoning module MetalShaderFormat (49)
[2015.08.02-04.01.13:549][556]LogModuleManager: Shutting down and abandoning module TextureFormatUncompressed (48)
[2015.08.02-04.01.13:549][556]LogModuleManager: Shutting down and abandoning module TextureFormatPVR (47)
[2015.08.02-04.01.13:549][556]LogModuleManager: Shutting down and abandoning module TextureFormatIntelISPCTexComp (46)
[2015.08.02-04.01.13:549][556]LogModuleManager: Shutting down and abandoning module TextureFormatDXT (45)
[2015.08.02-04.01.13:549][556]LogModuleManager: Shutting down and abandoning module ImageWrapper (44)
[2015.08.02-04.01.13:549][556]LogModuleManager: Shutting down and abandoning module TextureFormatASTC (43)
[2015.08.02-04.01.13:549][556]LogModuleManager: Shutting down and abandoning module TextureFormatAndroid (42)
[2015.08.02-04.01.13:549][556]LogModuleManager: Shutting down and abandoning module AudioFormatOpus (41)
[2015.08.02-04.01.13:549][556]LogModuleManager: Shutting down and abandoning module AudioFormatOgg (40)
[2015.08.02-04.01.13:549][556]LogModuleManager: Shutting down and abandoning module AudioFormatADPCM (39)
[2015.08.02-04.01.13:549][556]LogModuleManager: Shutting down and abandoning module LinuxTargetPlatform (38)
[2015.08.02-04.01.13:549][556]LogModuleManager: Shutting down and abandoning module LinuxServerTargetPlatform (37)
[2015.08.02-04.01.13:549][556]LogModuleManager: Shutting down and abandoning module LinuxNoEditorTargetPlatform (36)
[2015.08.02-04.01.13:549][556]LogModuleManager: Shutting down and abandoning module Messaging (35)
[2015.08.02-04.01.13:549][556]LogModuleManager: Shutting down and abandoning module IOSTargetPlatform (34)
[2015.08.02-04.01.13:549][556]LogModuleManager: Shutting down and abandoning module HTML5TargetPlatform (33)
[2015.08.02-04.01.13:549][556]LogModuleManager: Shutting down and abandoning module Android_PVRTCTargetPlatform (32)
[2015.08.02-04.01.13:550][556]LogModuleManager: Shutting down and abandoning module Android_ETC2TargetPlatform (31)
[2015.08.02-04.01.13:550][556]LogModuleManager: Shutting down and abandoning module Android_ETC1TargetPlatform (30)
[2015.08.02-04.01.13:550][556]LogModuleManager: Shutting down and abandoning module Android_DXTTargetPlatform (29)
[2015.08.02-04.01.13:550][556]LogModuleManager: Shutting down and abandoning module Android_ATCTargetPlatform (28)
[2015.08.02-04.01.13:550][556]LogModuleManager: Shutting down and abandoning module Android_ASTCTargetPlatform (27)
[2015.08.02-04.01.13:550][556]LogModuleManager: Shutting down and abandoning module AndroidTargetPlatform (26)
[2015.08.02-04.01.13:550][556]LogModuleManager: Shutting down and abandoning module WindowsTargetPlatform (25)
[2015.08.02-04.01.13:550][556]LogModuleManager: Shutting down and abandoning module WindowsServerTargetPlatform (24)
[2015.08.02-04.01.13:550][556]LogModuleManager: Shutting down and abandoning module WindowsNoEditorTargetPlatform (23)
[2015.08.02-04.01.13:550][556]LogModuleManager: Shutting down and abandoning module WindowsClientTargetPlatform (22)
[2015.08.02-04.01.13:550][556]LogModuleManager: Shutting down and abandoning module DesktopTargetPlatform (21)
[2015.08.02-04.01.13:550][556]LogModuleManager: Shutting down and abandoning module TargetPlatform (20)
[2015.08.02-04.01.13:550][556]LogModuleManager: Shutting down and abandoning module InputCore (19)
[2015.08.02-04.01.13:550][556]LogModuleManager: Shutting down and abandoning module Settings (18)
[2015.08.02-04.01.13:550][556]LogModuleManager: Shutting down and abandoning module OnlineSubsystem (16)
[2015.08.02-04.01.13:550][556]LogModuleManager: Shutting down and abandoning module HTTP (15)
[2015.08.02-04.01.13:550][556]LogModuleManager: Shutting down and abandoning module ExampleDeviceProfileSelector (14)
[2015.08.02-04.01.13:550][556]LogModuleManager: Shutting down and abandoning module TextureCompressor (13)
[2015.08.02-04.01.13:550][556]LogModuleManager: Shutting down and abandoning module ShaderCore (12)
[2015.08.02-04.01.13:550][556]LogModuleManager: Shutting down and abandoning module Landscape (11)
[2015.08.02-04.01.13:550][556]LogModuleManager: Shutting down and abandoning module SlateRHIRenderer (10)
[2015.08.02-04.01.13:554][556]LogModuleManager: Shutting down and abandoning module OpenGLDrv (9)
[2015.08.02-04.01.13:554][556]LogModuleManager: Shutting down and abandoning module D3D11RHI (8)
[2015.08.02-04.01.13:554][556]LogModuleManager: Shutting down and abandoning module Renderer (7)
[2015.08.02-04.01.13:554][556]LogModuleManager: Shutting down and abandoning module Engine (6)
[2015.08.02-04.01.13:555][556]LogModuleManager: Shutting down and abandoning module CoreUObject (5)
[2015.08.02-04.01.13:555][556]LogModuleManager: Shutting down and abandoning module NetworkFile (4)
[2015.08.02-04.01.13:555][556]LogModuleManager: Shutting down and abandoning module StreamingFile (3)
[2015.08.02-04.01.13:555][556]LogModuleManager: Shutting down and abandoning module SandboxFile (2)
[2015.08.02-04.01.13:555][556]LogModuleManager: Shutting down and abandoning module PakFile (1)
[2015.08.02-04.01.13:555][556]LogExit: Exiting.
[2015.08.02-04.01.13:557][556]Log file closed, 08/02/15 00:01:13
