[2015.08.01-17.25.53:875][  0]Log file open, 08/01/15 19:25:53
[2015.08.01-17.25.53:875][  0]LogInit:Display: Running engine for game: game
[2015.08.01-17.25.53:875][  0]LogInit:Display: RandInit(1352084923) SRandInit(1352084923).
[2015.08.01-17.25.53:875][  0]LogTaskGraph: Started task graph with 4 named threads and 7 total threads.
[2015.08.01-17.25.53:875][  0]LogStats: Stats thread started
[2015.08.01-17.25.53:875][  0]LogInit: Version: 4.8.3-2634408+++depot+UE4-Releases+4.8
[2015.08.01-17.25.53:875][  0]LogInit: API Version: 2579680
[2015.08.01-17.25.53:875][  0]LogInit: Compiled (64-bit): Jul 27 2015 16:24:33
[2015.08.01-17.25.53:875][  0]LogInit: Compiled with Visual C++: 18.00.21005.01
[2015.08.01-17.25.53:875][  0]LogInit: Build Configuration: Development
[2015.08.01-17.25.53:875][  0]LogInit: Branch Name: ++depot+UE4-Releases+4.8
[2015.08.01-17.25.53:875][  0]LogInit: Command line: 
[2015.08.01-17.25.53:875][  0]LogInit: Base directory: C:/Program Files/Epic Games/4.8/Engine/Binaries/Win64/
[2015.08.01-17.25.53:875][  0]LogInit: Rocket: 1
[2015.08.01-17.25.53:896][  0]LogInit: Using libcurl 7.41.0
[2015.08.01-17.25.53:896][  0]LogInit:  - built for x86_64-pc-win32
[2015.08.01-17.25.53:896][  0]LogInit:  - supports SSL with WinSSL
[2015.08.01-17.25.53:896][  0]LogInit:  - other features:
[2015.08.01-17.25.53:896][  0]LogInit:      CURL_VERSION_SSL
[2015.08.01-17.25.53:896][  0]LogInit:      CURL_VERSION_IPV6
[2015.08.01-17.25.53:896][  0]LogInit:      CURL_VERSION_ASYNCHDNS
[2015.08.01-17.25.53:896][  0]LogInit:      CURL_VERSION_LARGEFILE
[2015.08.01-17.25.53:896][  0]LogInit:      CURL_VERSION_IDN
[2015.08.01-17.25.53:896][  0]LogInit:  CurlRequestOptions (configurable via config and command line):
[2015.08.01-17.25.53:896][  0]LogInit:  - bVerifyPeer = true  - Libcurl will verify peer certificate
[2015.08.01-17.25.53:896][  0]LogInit:  - bUseHttpProxy = false  - Libcurl will NOT use HTTP proxy
[2015.08.01-17.25.53:896][  0]LogInit:  - bDontReuseConnections = false  - Libcurl will reuse connections
[2015.08.01-17.25.53:896][  0]LogInit:  - CertBundlePath = nullptr  - Libcurl will use whatever was configured at build time.
[2015.08.01-17.25.53:918][  0]LogOnline:Warning: No default platform service specified for OnlineSubsystem
[2015.08.01-17.25.53:947][  0]LogInit: Presizing for 0 objects not considered by GC, pre-allocating 0 bytes.
[2015.08.01-17.25.53:963][  0]LogInit: Object subsystem initialized
[2015.08.01-17.25.53:966][  0]LogConsoleResponse:Warning: Skipping Unknown console variable: 'TranslucentSortAxis = (X=0.000000,Y=-1.000000,Z=0.000000)'
[2015.08.01-17.25.53:966][  0]LogConsoleResponse:Warning:   Found in ini file 'C:/Users/Tokala/Documents/Unreal Projects/Game/Saved/Config/Windows/Engine.ini', in section '[/Script/Engine.RendererSettings]'
[2015.08.01-17.25.53:966][  0]LogConsoleResponse:Warning: Skipping Unknown console variable: 'UIScaleRule = ShortestSide'
[2015.08.01-17.25.53:966][  0]LogConsoleResponse:Warning:   Found in ini file 'C:/Users/Tokala/Documents/Unreal Projects/Game/Saved/Config/Windows/Engine.ini', in section '[/Script/Engine.RendererSettings]'
[2015.08.01-17.25.53:966][  0]LogConsoleResponse:Warning: Skipping Unknown console variable: 'UIScaleCurve = (EditorCurveData=(Keys=),ExternalCurve=None)'
[2015.08.01-17.25.53:966][  0]LogConsoleResponse:Warning:   Found in ini file 'C:/Users/Tokala/Documents/Unreal Projects/Game/Saved/Config/Windows/Engine.ini', in section '[/Script/Engine.RendererSettings]'
[2015.08.01-17.25.53:967][  0]LogInit: Selected Device Profile: [Windows]
[2015.08.01-17.25.53:967][  0]LogInit: Applying CVar settings loaded from the selected device profile: [Windows]
[2015.08.01-17.25.54:006][  0]LogInit: Computer: TOKALA-OTHER-PC
[2015.08.01-17.25.54:006][  0]LogInit: User: Tokala
[2015.08.01-17.25.54:006][  0]LogInit: CPU Page size=4096, Cores=4
[2015.08.01-17.25.54:006][  0]LogInit: High frequency timer resolution =3.433857 MHz
[2015.08.01-17.25.54:006][  0]LogMemory: Memory total: Physical=16.0GB (16GB approx)
[2015.08.01-17.25.54:006][  0]LogMemory: Platform Memory Stats for Windows
[2015.08.01-17.25.54:007][  0]LogMemory: Process Physical Memory: 49.96 MB used, 49.96 MB peak
[2015.08.01-17.25.54:007][  0]LogMemory: Process Virtual Memory: 24.30 MB used, 24.30 MB peak
[2015.08.01-17.25.54:007][  0]LogMemory: Physical Memory: 9903.55 MB used, 16366.65 MB total
[2015.08.01-17.25.54:007][  0]LogMemory: Virtual Memory: 281.98 MB used, 8388608.00 MB total
[2015.08.01-17.25.54:059][  0]LogTextLocalizationManager: The requested culture ('en_US') has no localization data; parent culture's ('en') localization data will be used.
[2015.08.01-17.25.54:419][  0]LogTextLocalizationManager:Warning: Loaded localization resources contain conflicting entries for (Namespace:ContentBrowser, Key:ImportAssetToolTip):
Localization Resource: (C:/Program Files/Epic Games/4.8/Engine/Content/Localization/Editor/en/Editor.locres) Source String Hash: (-630476809) Localized String: (Import to {0}...)
Localization Resource: (C:/Program Files/Epic Games/4.8/Engine/Content/Localization/Editor/en/Editor.locres) Source String Hash: (1271782899) Localized String: (Imports an asset from file to this folder.)
[2015.08.01-17.25.55:245][  0]LogD3D11RHI: Found D3D11 adapter 0: AMD Radeon R9 200 Series (Feature Level 11_0)
[2015.08.01-17.25.55:245][  0]LogD3D11RHI: Adapter has 3054MB of dedicated video memory, 0MB of dedicated system memory, and 3840MB of shared system memory, 2 output[s]
[2015.08.01-17.25.55:246][  0]LogD3D11RHI: Chosen D3D11 Adapter Id = 0
[2015.08.01-17.25.55:263][  0]LogD3D11RHI: InitD3DDevice
[2015.08.01-17.25.55:263][  0]LogD3D11RHI: !Direct3DDevice
[2015.08.01-17.25.55:264][  0]LogRHI: Texture pool is 1361 MB (70% of 1945 MB)
[2015.08.01-17.25.55:271][  0]LogD3D11RHI: Async texture creation disabled: no driver support
[2015.08.01-17.25.55:285][  0]LogShaderCompilers:Display: Using Local Shader Compiler.
[2015.08.01-17.25.56:842][  0]LogTemp:Display: Loaded TP DesktopTargetPlatform
[2015.08.01-17.25.56:872][  0]LogTemp:Display: Loaded TP WindowsClientTargetPlatform
[2015.08.01-17.25.56:907][  0]LogTemp:Display: Loaded TP WindowsNoEditorTargetPlatform
[2015.08.01-17.25.56:940][  0]LogTemp:Display: Loaded TP WindowsServerTargetPlatform
[2015.08.01-17.25.56:991][  0]LogTemp:Display: Loaded TP WindowsTargetPlatform
[2015.08.01-17.25.57:017][  0]LogTemp:Display: Loaded TP AndroidTargetPlatform
[2015.08.01-17.25.57:044][  0]LogTemp:Display: Loaded TP Android_ASTCTargetPlatform
[2015.08.01-17.25.57:071][  0]LogTemp:Display: Loaded TP Android_ATCTargetPlatform
[2015.08.01-17.25.57:097][  0]LogTemp:Display: Loaded TP Android_DXTTargetPlatform
[2015.08.01-17.25.57:121][  0]LogTemp:Display: Loaded TP Android_ETC1TargetPlatform
[2015.08.01-17.25.57:144][  0]LogTemp:Display: Loaded TP Android_ETC2TargetPlatform
[2015.08.01-17.25.57:167][  0]LogTemp:Display: Loaded TP Android_PVRTCTargetPlatform
[2015.08.01-17.25.57:249][  0]LogTemp:Display: Loaded TP IOSTargetPlatform
[2015.08.01-17.25.57:271][  0]LogTemp:Display: Loaded TP LinuxNoEditorTargetPlatform
[2015.08.01-17.25.57:295][  0]LogTemp:Display: Loaded TP LinuxServerTargetPlatform
[2015.08.01-17.25.57:327][  0]LogTemp:Display: Loaded TP LinuxTargetPlatform
[2015.08.01-17.25.57:327][  0]LogTargetPlatformManager:Display: Building Assets For Windows
[2015.08.01-17.25.57:732][  0]LogDerivedDataCache:Display: Max Cache Size: 512 MB
[2015.08.01-17.25.57:848][  0]LogDerivedDataCache: Loaded boot cache 0.12s 53MB C:/Users/Tokala/AppData/Local/UnrealEngine/4.8/DerivedDataCache/Boot.ddc.
[2015.08.01-17.25.57:848][  0]LogDerivedDataCache:Display: Loaded Boot cache: C:/Users/Tokala/AppData/Local/UnrealEngine/4.8/DerivedDataCache/Boot.ddc
[2015.08.01-17.25.57:848][  0]LogDerivedDataCache: FDerivedDataBackendGraph:  Pak pak cache file ../../../../../../Users/Tokala/Documents/Unreal Projects/Game/DerivedDataCache/DDC.ddp not found, will not use a pak cache.
[2015.08.01-17.25.57:848][  0]LogDerivedDataCache: Unable to find inner node Pak for hierarchical cache Hierarchy.
[2015.08.01-17.25.57:849][  0]LogDerivedDataCache: FDerivedDataBackendGraph:  CompressedPak pak cache file ../../../../../../Users/Tokala/Documents/Unreal Projects/Game/DerivedDataCache/Compressed.ddp not found, will not use a pak cache.
[2015.08.01-17.25.57:849][  0]LogDerivedDataCache: Unable to find inner node CompressedPak for hierarchical cache Hierarchy.
[2015.08.01-17.25.58:111][  0]LogDerivedDataCache:Display: Pak cache opened for reading ../../../Engine/DerivedDataCache/Compressed.ddp.
[2015.08.01-17.25.58:123][  0]LogDerivedDataCache: Using Local data cache path C:/Users/Tokala/AppData/Local/UnrealEngine/Common/DerivedDataCache: Writable
[2015.08.01-17.25.58:545][  0]LogInit: Selected Device Profile: [Windows]
[2015.08.01-17.25.58:558][  0]ImportText (ComponentSweepMultiTests): Missing closing parenthesis: (RootShapeAsset="/Engine/BasicShapes/Cube.Cube",ShapeType="TriggerCapsule",HitResult=(Time=0.50,Location=(X=-100.000015,Y=0.0,Z=100.000015),ImpactPoint=(X=-50.0,Y=0.0,Z=50.0),Normal=(X=-1.0,Y=-0.0,Z=0.0),ImpactNormal=(X=0.0,Y=0.0,Z=1.0),TraceStart=(X=-200.0,Y=0.0,Z=200.0),TraceEnd=(X=0.0,Y=0.0,Z=0.0))
[2015.08.01-17.25.58:559][  0]ImportText (LineTraceSingleByChannelTests): Missing closing parenthesis: (RootShapeAsset="/Engine/BasicShapes/Cube.Cube",HitResult=(Time=0.50,Location=(X=-100.000015,Y=0.0,Z=100.000015),ImpactPoint=(X=-50.0,Y=0.0,Z=50.0),Normal=(X=-1.0,Y=-0.0,Z=0.0),ImpactNormal=(X=0.0,Y=0.0,Z=1.0),TraceStart=(X=-200.0,Y=0.0,Z=200.0),TraceEnd=(X=0.0,Y=0.0,Z=0.0))
[2015.08.01-17.25.58:604][  0]LogMeshUtilities: No automatic mesh reduction module available
[2015.08.01-17.25.58:604][  0]LogMeshUtilities: No automatic mesh merging module available
[2015.08.01-17.25.59:412][  0]LogInit: WinSock: version 1.1 (2.2), MaxSocks=32767, MaxUdp=65467
[2015.08.01-17.26.01:146][  0]UdpMessaging: Initializing bridge on interface 0.0.0.0:0 to multicast group 230.0.0.1:6666.
[2015.08.01-17.26.01:760][  0]SourceControl: Info Source control is disabled
[2015.08.01-17.26.01:771][  0]SourceControl: Info Source control is disabled
[2015.08.01-17.26.01:787][  0]SourceControl: Info Source control is disabled
[2015.08.01-17.26.01:804][  0]SourceControl: Info Source control is disabled
[2015.08.01-17.26.02:255][  0]LogObj: 26273 objects as part of root set at end of initial load.
[2015.08.01-17.26.02:255][  0]LogUObjectAllocator: 5409248 out of 0 bytes used by permanent object pool.
[2015.08.01-17.26.02:393][  0]LogEngine: Initializing Engine...
[2015.08.01-17.26.02:398][  0]LogHMD: Can't find Oculus library dev build: is proper Runtime installed? Version: 0.6.0.0
[2015.08.01-17.26.02:419][  0]LogHMD:Warning: SteamVR failed to initialize.  Error: 108
[2015.08.01-17.26.02:711][  0]LogAIModule: Creating AISystem for world NewWorld
[2015.08.01-17.26.02:827][  0]LogInit: XAudio2 using 'Main Line 1 (Virtual Audio Cable)' : 2 channels at 48 kHz using 16 bits per sample (channel mask 0x3)
[2015.08.01-17.26.02:835][  0]LogInit: FAudioDevice initialized.
[2015.08.01-17.26.02:893][  0]LogDerivedDataCache: Saved boot cache 0.06s 53MB C:/Users/Tokala/AppData/Local/UnrealEngine/4.8/DerivedDataCache/Boot.ddc.
[2015.08.01-17.26.02:908][  0]LogInit: Texture streaming: Disabled
[2015.08.01-17.26.02:950][  0]LogAnalytics: Creating configured Analytics provider AnalyticsET
[2015.08.01-17.26.02:950][  0]LogAnalytics: [UEEditor.Rocket.Release] APIServer = http://et2.epicgames.com/ET2/. AppVersion = 4.8.3-2634408+++depot+UE4-Releases+4.8
[2015.08.01-17.26.02:950][  0]LogAnalytics: [UEEditor.Rocket.Release] SetUserId 65de31594905b462db7181a8aa4b7a14|f5b1aae818df46afbd515a2ebd6af19b|a0e22b3b-da03-459e-827f-7f7c36f8cd2d
[2015.08.01-17.26.02:950][  0]LogAnalytics: [UEEditor.Rocket.Release] AnalyticsET::StartSession
[2015.08.01-17.26.02:995][  0]LogInit: Transaction tracking system initialized
[2015.08.01-17.26.03:210][  0]BlueprintLog: New page: Editor Load
[2015.08.01-17.26.03:260][  0]LogAssetRegistry: FAssetRegistry took 0.0096 seconds to start up
[2015.08.01-17.26.03:260][  0]LogDirectoryWatcher:Warning: Failed to begin reading directory changes for ../../../Engine/Plugins/Experimental/CharacterAI/Content/. Error: 0
[2015.08.01-17.26.04:421][  0]LogConsoleManager:Warning: Console variable 'r.VSync' wasn't set ('GameSetting' has a lower priority than 'SystemSettingsIni')
[2015.08.01-17.26.04:421][  0]LogConsoleResponse:Display: 
[2015.08.01-17.26.04:695][  0]LogCook:Display: Done creating registry. It took  0.00s.
[2015.08.01-17.26.05:079][  0]SourceControl: Info Source control is disabled
[2015.08.01-17.26.05:079][  0]Cmd: MAP LOAD FILE="../../../Engine/Content/Maps/Templates/Template_Default.umap" TEMPLATE=1 SHOWPROGRESS=1 FEATURELEVEL=3
[2015.08.01-17.26.05:080][  0]LightingResults: New page: Lighting Build
[2015.08.01-17.26.05:104][  0]MapCheck: New page: Map Check
[2015.08.01-17.26.05:104][  0]LightingResults: New page: Lighting Build
[2015.08.01-17.26.05:741][  0]LogParticles: Destroying 0 GPU particle simulations for FXSystem 0x0000000015A74F40
[2015.08.01-17.26.05:950][  0]LogAIModule: Creating AISystem for world Untitled_1
[2015.08.01-17.26.05:962][  0]LogEditorServer: Finished looking for orphan Actors (0.000 secs)
[2015.08.01-17.26.06:014][  0]Cmd: MAP CHECKDEP NOCLEARLOG
[2015.08.01-17.26.06:064][  0]MapCheck: Info Map check complete: 0 Error(s), 0 Warning(s), took 49.873ms to complete.
[2015.08.01-17.26.06:064][  0]LogFileHelpers: Loading map 'Template_Default' took 0.985
[2015.08.01-17.26.09:570][  0]LogCollectionManager: Loaded 0 collections in 0.003767 seconds
[2015.08.01-17.26.09:667][  0]LogContentBrowser: Native class hierarchy populated in 0.0682 seconds. Added 1792 classes and 301 folders.
[2015.08.01-17.26.11:748][  0]LogContentBrowser: Native class hierarchy updated for 'WidgetCarousel' in 0.0008 seconds. Added 0 classes and 0 folders.
[2015.08.01-17.26.13:380][  0]LogContentBrowser: Native class hierarchy updated for 'AddContentDialog' in 0.0006 seconds. Added 0 classes and 0 folders.
[2015.08.01-17.26.13:643][  0]LogContentBrowser: Native class hierarchy updated for 'SceneOutliner' in 0.0006 seconds. Added 1 classes and 2 folders.
[2015.08.01-17.26.16:297][  0]LogCrashTracker: Crashtracker disabled due to settings.
[2015.08.01-17.26.16:542][  0]LogD3D11RHI: InitD3DDevice
[2015.08.01-17.26.16:700][  0]LogD3D11RHI: InitD3DDevice
[2015.08.01-17.26.17:330][  0]LogLoad: Full Startup: 26.71 seconds (BP compile: 0.25 seconds)
[2015.08.01-17.26.19:582][  0]LogContentStreaming: Texture pool size is 0.000000MB
[2015.08.01-17.26.19:661][  0]LogContentStreaming: Texture pool size now 1000 MB
[2015.08.01-17.26.20:951][  0]LogRenderer: Reallocating scene render targets to support 1208x576 (Frame:2).
[2015.08.01-17.26.23:342][  7]LogD3D11RHI: InitD3DDevice
[2015.08.01-17.26.28:126][254]LogAssetRegistry: Asset discovery search completed in 24.8775 seconds
[2015.08.01-17.26.39:474][235]LogD3D11RHI: InitD3DDevice
[2015.08.01-17.26.39:616][245]LogD3D11RHI: InitD3DDevice
[2015.08.01-17.26.40:432][325]LogD3D11RHI: InitD3DDevice
[2015.08.01-17.26.41:838][454]LogD3D11RHI: InitD3DDevice
[2015.08.01-17.27.07:493][454]Cmd: MAP LOAD FILE="../../../Engine/Content/Maps/Templates/Template_Default.umap" TEMPLATE=1 SHOWPROGRESS=1 FEATURELEVEL=3
[2015.08.01-17.27.07:516][454]LogD3D11RHI: InitD3DDevice
[2015.08.01-17.27.07:546][454]LightingResults: New page: Lighting Build
[2015.08.01-17.27.07:586][454]LoadErrors: New page: Loading map: Template_Default.umap
[2015.08.01-17.27.07:587][454]MapCheck: New page: Map Check
[2015.08.01-17.27.07:587][454]LightingResults: New page: Lighting Build
[2015.08.01-17.27.07:611][454]LogParticles: Destroying 0 GPU particle simulations for FXSystem 0x0000000012342020
[2015.08.01-17.27.07:788][454]LogAIModule: Creating AISystem for world Untitled_2
[2015.08.01-17.27.07:873][454]LogEditorServer: Finished looking for orphan Actors (0.000 secs)
[2015.08.01-17.27.07:898][454]Cmd: MAP CHECKDEP NOCLEARLOG
[2015.08.01-17.27.07:951][454]MapCheck: Info Map check complete: 0 Error(s), 0 Warning(s), took 53.154ms to complete.
[2015.08.01-17.27.07:951][454]LogFileHelpers: Loading map 'Template_Default' took 0.460
[2015.08.01-17.27.58:831][532]LogD3D11RHI: InitD3DDevice
[2015.08.01-17.28.00:633][699]LogD3D11RHI: InitD3DDevice
[2015.08.01-17.28.08:941][505]LogEditorViewport: Clicking on Actor (LMB): StaticMeshActor (Floor)
[2015.08.01-17.28.09:879][505]LogEditorViewport: Clicking on Actor (context menu): StaticMeshActor (Floor)
[2015.08.01-17.28.09:962][505]LogD3D11RHI: InitD3DDevice
[2015.08.01-17.28.11:949][600]LogEditorViewport: Clicking on Actor (context menu): StaticMeshActor (Floor)
[2015.08.01-17.28.11:980][600]LogD3D11RHI: InitD3DDevice
[2015.08.01-17.28.14:745][789]LogEditorViewport: Clicking on Actor (LMB): BP_Sky_Sphere_C (Sky Sphere)
[2015.08.01-17.28.15:799][854]LogEditorViewport: Clicking on Actor (LMB): StaticMeshActor (Floor)
[2015.08.01-17.28.43:975][789]LogPlayLevel: PIE:  No blueprints needed recompiling
[2015.08.01-17.28.44:159][789]PIE: New page: PIE session: Untitled_2 (Aug 1, 2015, 9:28:43 PM)
[2015.08.01-17.28.44:159][789]LogPlayLevel: Creating play world package: /Temp/UEDPIE_0_Untitled_2
[2015.08.01-17.28.44:162][789]LogPlayLevel: PIE: StaticDuplicateObject took: (0.003271s)
[2015.08.01-17.28.44:181][789]LogAIModule: Creating AISystem for world Untitled_2
[2015.08.01-17.28.44:182][789]LogPlayLevel: PIE: World Init took: (0.001961s)
[2015.08.01-17.28.44:182][789]LogPlayLevel: PIE: Created PIE world by copying editor world from /Temp/Untitled_2.Untitled_2 to /Temp/UEDPIE_0_Untitled_2.Untitled_2 (0.023118s)
[2015.08.01-17.28.44:333][789]LogInit: XAudio2 using 'Main Line 1 (Virtual Audio Cable)' : 2 channels at 48 kHz using 16 bits per sample (channel mask 0x3)
[2015.08.01-17.28.44:339][789]LogInit: FAudioDevice initialized.
[2015.08.01-17.28.44:441][789]LogWorld: Game class is 'GameMode'
[2015.08.01-17.28.44:495][789]LogWorld: Bringing World /Temp/UEDPIE_0_Untitled_2.Untitled_2 up for play (max tick rate 0) at 2015.08.01-19.28.44
[2015.08.01-17.28.44:495][789]LogActor:Warning: GameSession /Temp/UEDPIE_0_Untitled_2.Untitled_2:PersistentLevel.GameSession_0 has natively added scene component(s), but none of them were set as the actor's RootComponent - picking one arbitrarily
[2015.08.01-17.28.44:507][789]LogActor:Warning: GameNetworkManager /Temp/UEDPIE_0_Untitled_2.Untitled_2:PersistentLevel.GameNetworkManager_0 has natively added scene component(s), but none of them were set as the actor's RootComponent - picking one arbitrarily
[2015.08.01-17.28.44:507][789]LogWorld: Bringing up level for play took: 0.014405
[2015.08.01-17.28.44:691][789]PIE: Info Play in editor start time for /Temp/UEDPIE_0_Untitled_2 1.284
[2015.08.01-17.28.59:989][186]LogParticles: Destroying 0 GPU particle simulations for FXSystem 0x000000001A995300
[2015.08.01-17.29.02:758][386]LogPlayLevel: PIE:  No blueprints needed recompiling
[2015.08.01-17.29.02:759][386]PIE: New page: PIE session: Untitled_2 (Aug 1, 2015, 9:29:02 PM)
[2015.08.01-17.29.02:759][386]LogPlayLevel: Creating play world package: /Temp/UEDPIE_0_Untitled_2
[2015.08.01-17.29.02:763][386]LogPlayLevel: PIE: StaticDuplicateObject took: (0.003927s)
[2015.08.01-17.29.02:765][386]LogAIModule: Creating AISystem for world Untitled_2
[2015.08.01-17.29.02:765][386]LogPlayLevel: PIE: World Init took: (0.002221s)
[2015.08.01-17.29.02:766][386]LogPlayLevel: PIE: Created PIE world by copying editor world from /Temp/Untitled_2.Untitled_2 to /Temp/UEDPIE_0_Untitled_2.Untitled_2 (0.006432s)
[2015.08.01-17.29.02:935][386]LogInit: XAudio2 using 'Main Line 1 (Virtual Audio Cable)' : 2 channels at 48 kHz using 16 bits per sample (channel mask 0x3)
[2015.08.01-17.29.02:946][386]LogInit: FAudioDevice initialized.
[2015.08.01-17.29.02:990][386]LogWorld: Game class is 'GameMode'
[2015.08.01-17.29.02:997][386]LogWorld: Bringing World /Temp/UEDPIE_0_Untitled_2.Untitled_2 up for play (max tick rate 0) at 2015.08.01-19.29.02
[2015.08.01-17.29.02:997][386]LogActor:Warning: GameSession /Temp/UEDPIE_0_Untitled_2.Untitled_2:PersistentLevel.GameSession_1 has natively added scene component(s), but none of them were set as the actor's RootComponent - picking one arbitrarily
[2015.08.01-17.29.02:998][386]LogActor:Warning: GameNetworkManager /Temp/UEDPIE_0_Untitled_2.Untitled_2:PersistentLevel.GameNetworkManager_1 has natively added scene component(s), but none of them were set as the actor's RootComponent - picking one arbitrarily
[2015.08.01-17.29.02:998][386]LogWorld: Bringing up level for play took: 0.003825
[2015.08.01-17.29.03:001][386]PIE: Info Play in editor start time for /Temp/UEDPIE_0_Untitled_2 -0.406
[2015.08.01-17.29.08:127][828]LogParticles: Destroying 0 GPU particle simulations for FXSystem 0x000000001E485800
[2015.08.01-17.29.15:854][388]LogD3D11RHI: InitD3DDevice
[2015.08.01-17.46.34:485][831]LogMaterial: Missing cached shader map for material Material_0, compiling. 
[2015.08.01-17.46.34:544][831]LogStaticMesh: Building static mesh lightpost...
[2015.08.01-17.46.34:572][831]LogD3D11RHI: InitD3DDevice
[2015.08.01-17.46.34:760][831]LogStaticMesh: Built static mesh [0.216416.2s] /Game/lightpost.lightpost
[2015.08.01-17.46.34:901][831]LogD3D11RHI: InitD3DDevice
[2015.08.01-17.46.34:962][831]LogActorFactory: Actor Factory created lightpost
[2015.08.01-17.46.35:821][888]LogActorFactory: Actor Factory created lightpost
[2015.08.01-17.50.36:126][858]LogD3D11RHI: InitD3DDevice
[2015.08.01-17.50.36:215][858]LogLinker:Warning: Asset '../../../Engine/Content/Tutorial/Basics/FeaturePacks.uasset' has been saved with empty engine version. The asset will be loaded but may be incompatible.
[2015.08.01-17.50.36:997][858]LogLinker:Warning: Asset '../../../Engine/Content/Tutorial/Mobile/InstallingiTunesTutorial.uasset' has been saved with empty engine version. The asset will be loaded but may be incompatible.
[2015.08.01-17.50.37:022][858]LogLinker:Warning: Asset '../../../Engine/Content/Tutorial/Mobile/SettingUpAndroidTutorial.uasset' has been saved with empty engine version. The asset will be loaded but may be incompatible.
[2015.08.01-17.55.54:602][916]LogD3D11RHI: InitD3DDevice
[2015.08.01-17.56.03:266][942]LogD3D11RHI: InitD3DDevice
[2015.08.01-17.56.03:643][942]Cmd: OBJ SAVEPACKAGE PACKAGE="/Temp/Untitled_2" FILE="../../../../../../Users/Tokala/Documents/Unreal Projects/Game/Saved/Autosaves/Temp/Untitled_2_Auto1.umap" SILENT=true AUTOSAVING=true KEEPDIRTY=false
[2015.08.01-17.56.03:755][942]LogSavePackage: Save=65.797440ms
[2015.08.01-17.56.03:755][942]LogSavePackage: Moving '../../../../../../Users/Tokala/Documents/Unreal Projects/Game/Saved/Untitled_2_Auto13A6853344376BB725B1845AC8ABF0B20.tmp' to '../../../../../../Users/Tokala/Documents/Unreal Projects/Game/Saved/Autosaves/Temp/Untitled_2_Auto1.umap'
[2015.08.01-17.56.03:758][942]LogFileHelpers: Editor autosave (incl. sublevels) for '/Temp/Untitled_2' took 0.270
[2015.08.01-17.56.03:759][942]LogFileHelpers: Editor autosave (incl. sublevels) for all levels took 0.270
[2015.08.01-18.14.02:889][714]LogEditorViewport: Clicking on Actor (LMB): StaticMeshActor (lightpost)
[2015.08.01-18.14.35:812][142]Cmd: DUPLICATE
[2015.08.01-18.14.35:812][142]Cmd: ACTOR DUPLICATE
[2015.08.01-18.14.38:313][370]LogD3D11RHI: InitD3DDevice
[2015.08.01-18.14.38:389][370]LogD3D11RHI: InitD3DDevice
[2015.08.01-18.14.47:424][963]Cmd: TRANSACTION UNDO
[2015.08.01-18.14.47:424][963]LogEditorTransaction: Undo Duplicate Actors
[2015.08.01-18.14.47:463][963]LogD3D11RHI: InitD3DDevice
[2015.08.01-18.15.51:240][582]LogD3D11RHI: InitD3DDevice
[2015.08.01-18.16.41:660][434]LogD3D11RHI: InitD3DDevice
[2015.08.01-18.16.50:659][461]LogD3D11RHI: InitD3DDevice
[2015.08.01-18.16.50:826][461]Cmd: OBJ SAVEPACKAGE PACKAGE="/Temp/Untitled_2" FILE="../../../../../../Users/Tokala/Documents/Unreal Projects/Game/Saved/Autosaves/Temp/Untitled_2_Auto2.umap" SILENT=true AUTOSAVING=true KEEPDIRTY=false
[2015.08.01-18.16.50:858][461]LogSavePackage: Save=31.555479ms
[2015.08.01-18.16.50:858][461]LogSavePackage: Moving '../../../../../../Users/Tokala/Documents/Unreal Projects/Game/Saved/Untitled_2_Auto2F093C1B9481E4BF971FC489A214FC618.tmp' to '../../../../../../Users/Tokala/Documents/Unreal Projects/Game/Saved/Autosaves/Temp/Untitled_2_Auto2.umap'
[2015.08.01-18.16.50:860][461]LogFileHelpers: Editor autosave (incl. sublevels) for '/Temp/Untitled_2' took 0.066
[2015.08.01-18.16.50:860][461]LogFileHelpers: Editor autosave (incl. sublevels) for all levels took 0.066
[2015.08.01-18.21.03:721][485]LogD3D11RHI: InitD3DDevice
[2015.08.01-18.21.54:970][801]LogD3D11RHI: InitD3DDevice
[2015.08.01-18.22.29:352][356]LogD3D11RHI: InitD3DDevice
[2015.08.01-18.22.31:571][585]LogEditorViewport: Clicking on Actor (LMB): StaticMeshActor (Floor)
[2015.08.01-18.22.48:670][332]LogEditorViewport: Clicking on Actor (LMB): StaticMeshActor (lightpost)
[2015.08.01-18.23.15:439][976]LogUObjectGlobals:Warning: Guid is in use by ArrowComponent /Temp/Untitled_2.Untitled_2:PersistentLevel.LightSource.ArrowComponent0 and ArrowComponent /Game/map.map:PersistentLevel.LightSource.ArrowComponent0, which should never happen in the editor but could happen at runtime with duplicate level loading or PIE
[2015.08.01-18.23.15:439][976]LogUObjectGlobals:Warning: Guid is in use by ArrowComponent /Temp/Untitled_2.Untitled_2:PersistentLevel.PlayerStart.Arrow and ArrowComponent /Game/map.map:PersistentLevel.PlayerStart.Arrow, which should never happen in the editor but could happen at runtime with duplicate level loading or PIE
[2015.08.01-18.23.15:439][976]LogUObjectGlobals:Warning: Guid is in use by BillboardComponent /Temp/Untitled_2.Untitled_2:PersistentLevel.PlayerStart.Sprite and BillboardComponent /Game/map.map:PersistentLevel.PlayerStart.Sprite, which should never happen in the editor but could happen at runtime with duplicate level loading or PIE
[2015.08.01-18.23.15:439][976]LogUObjectGlobals:Warning: Guid is in use by BillboardComponent /Temp/Untitled_2.Untitled_2:PersistentLevel.PlayerStart.Sprite2 and BillboardComponent /Game/map.map:PersistentLevel.PlayerStart.Sprite2, which should never happen in the editor but could happen at runtime with duplicate level loading or PIE
[2015.08.01-18.23.15:439][976]LogUObjectGlobals:Warning: Guid is in use by BillboardComponent /Temp/Untitled_2.Untitled_2:PersistentLevel.SkyLight_1.Sprite and BillboardComponent /Game/map.map:PersistentLevel.SkyLight_1.Sprite, which should never happen in the editor but could happen at runtime with duplicate level loading or PIE
[2015.08.01-18.23.15:440][976]LogUObjectGlobals:Warning: Guid is in use by CapsuleComponent /Temp/Untitled_2.Untitled_2:PersistentLevel.PlayerStart.CollisionCapsule and CapsuleComponent /Game/map.map:PersistentLevel.PlayerStart.CollisionCapsule, which should never happen in the editor but could happen at runtime with duplicate level loading or PIE
[2015.08.01-18.23.15:440][976]LogUObjectGlobals:Warning: Guid is in use by DirectionalLightComponent /Temp/Untitled_2.Untitled_2:PersistentLevel.LightSource.LightComponent0 and DirectionalLightComponent /Game/map.map:PersistentLevel.LightSource.LightComponent0, which should never happen in the editor but could happen at runtime with duplicate level loading or PIE
[2015.08.01-18.23.15:440][976]LogUObjectGlobals:Warning: Guid is in use by SkyLightComponent /Temp/Untitled_2.Untitled_2:PersistentLevel.SkyLight_1.SkyLightComponent0 and SkyLightComponent /Game/map.map:PersistentLevel.SkyLight_1.SkyLightComponent0, which should never happen in the editor but could happen at runtime with duplicate level loading or PIE
[2015.08.01-18.23.15:451][976]LogAIModule: Creating AISystem for world map
[2015.08.01-18.23.15:533][976]LogD3D11RHI: InitD3DDevice
[2015.08.01-18.23.17:518][976]LogD3D11RHI: InitD3DDevice
[2015.08.01-18.23.17:633][976]LogD3D11RHI: InitD3DDevice
[2015.08.01-18.23.17:679][976]LogD3D11RHI: InitD3DDevice
[2015.08.01-18.23.25:463][555]LogD3D11RHI: InitD3DDevice
[2015.08.01-18.23.25:496][555]LogUObjectGlobals:Warning: Guid is in use by ArrowComponent /Temp/Untitled_2.Untitled_2:PersistentLevel.LightSource.ArrowComponent0 and ArrowComponent /Game/Untitled.Untitled:PersistentLevel.LightSource.ArrowComponent0, which should never happen in the editor but could happen at runtime with duplicate level loading or PIE
[2015.08.01-18.23.25:497][555]LogUObjectGlobals:Warning: Guid is in use by ArrowComponent /Temp/Untitled_2.Untitled_2:PersistentLevel.PlayerStart.Arrow and ArrowComponent /Game/Untitled.Untitled:PersistentLevel.PlayerStart.Arrow, which should never happen in the editor but could happen at runtime with duplicate level loading or PIE
[2015.08.01-18.23.25:497][555]LogUObjectGlobals:Warning: Guid is in use by BillboardComponent /Temp/Untitled_2.Untitled_2:PersistentLevel.PlayerStart.Sprite and BillboardComponent /Game/Untitled.Untitled:PersistentLevel.PlayerStart.Sprite, which should never happen in the editor but could happen at runtime with duplicate level loading or PIE
[2015.08.01-18.23.25:497][555]LogUObjectGlobals:Warning: Guid is in use by BillboardComponent /Temp/Untitled_2.Untitled_2:PersistentLevel.PlayerStart.Sprite2 and BillboardComponent /Game/Untitled.Untitled:PersistentLevel.PlayerStart.Sprite2, which should never happen in the editor but could happen at runtime with duplicate level loading or PIE
[2015.08.01-18.23.25:497][555]LogUObjectGlobals:Warning: Guid is in use by BillboardComponent /Temp/Untitled_2.Untitled_2:PersistentLevel.SkyLight_1.Sprite and BillboardComponent /Game/Untitled.Untitled:PersistentLevel.SkyLight_1.Sprite, which should never happen in the editor but could happen at runtime with duplicate level loading or PIE
[2015.08.01-18.23.25:497][555]LogUObjectGlobals:Warning: Guid is in use by CapsuleComponent /Temp/Untitled_2.Untitled_2:PersistentLevel.PlayerStart.CollisionCapsule and CapsuleComponent /Game/Untitled.Untitled:PersistentLevel.PlayerStart.CollisionCapsule, which should never happen in the editor but could happen at runtime with duplicate level loading or PIE
[2015.08.01-18.23.25:497][555]LogUObjectGlobals:Warning: Guid is in use by DirectionalLightComponent /Temp/Untitled_2.Untitled_2:PersistentLevel.LightSource.LightComponent0 and DirectionalLightComponent /Game/Untitled.Untitled:PersistentLevel.LightSource.LightComponent0, which should never happen in the editor but could happen at runtime with duplicate level loading or PIE
[2015.08.01-18.23.25:497][555]LogUObjectGlobals:Warning: Guid is in use by SkyLightComponent /Temp/Untitled_2.Untitled_2:PersistentLevel.SkyLight_1.SkyLightComponent0 and SkyLightComponent /Game/Untitled.Untitled:PersistentLevel.SkyLight_1.SkyLightComponent0, which should never happen in the editor but could happen at runtime with duplicate level loading or PIE
[2015.08.01-18.23.25:499][555]LogAIModule: Creating AISystem for world Untitled
[2015.08.01-18.23.25:607][555]LogD3D11RHI: InitD3DDevice
[2015.08.01-18.29.18:918][424]LogD3D11RHI: InitD3DDevice
[2015.08.01-18.29.20:917][518]LogD3D11RHI: InitD3DDevice
[2015.08.01-18.29.21:151][526]LogD3D11RHI: InitD3DDevice
[2015.08.01-18.29.21:223][527]LogD3D11RHI: InitD3DDevice
[2015.08.01-18.29.21:832][557]LogD3D11RHI: InitD3DDevice
[2015.08.01-18.29.25:683][802]LogD3D11RHI: InitD3DDevice
[2015.08.01-18.29.26:158][825]LogD3D11RHI: InitD3DDevice
[2015.08.01-18.29.28:909][  7]LogD3D11RHI: InitD3DDevice
[2015.08.01-18.29.31:546][168]LogD3D11RHI: InitD3DDevice
[2015.08.01-18.29.31:736][172]LogD3D11RHI: InitD3DDevice
[2015.08.01-18.29.32:236][201]LogD3D11RHI: InitD3DDevice
[2015.08.01-18.29.33:391][272]LogD3D11RHI: InitD3DDevice
[2015.08.01-18.29.36:696][469]LogD3D11RHI: InitD3DDevice
[2015.08.01-18.29.37:772][526]LogD3D11RHI: InitD3DDevice
[2015.08.01-18.30.36:745][720]LogD3D11RHI: InitD3DDevice
[2015.08.01-18.30.38:459][815]LogD3D11RHI: InitD3DDevice
[2015.08.01-18.30.58:151][130]LogD3D11RHI: InitD3DDevice
[2015.08.01-18.31.05:255][567]Cmd: DELETE
[2015.08.01-18.31.05:255][567]Cmd: ACTOR DELETE
[2015.08.01-18.31.05:256][567]LogEditorActor: Deleted Actor: Character
[2015.08.01-18.31.05:290][567]LogEditorActor: Deleted 1 Actors (0.035 secs)
[2015.08.01-18.31.11:968][129]LogD3D11RHI: InitD3DDevice
[2015.08.01-18.31.20:152][696]Cmd: DELETE
[2015.08.01-18.31.20:152][696]Cmd: ACTOR DELETE
[2015.08.01-18.31.20:152][696]LogEditorActor: Deleted Actor: Actor
[2015.08.01-18.31.20:185][696]LogEditorActor: Deleted 1 Actors (0.033 secs)
[2015.08.01-18.32.05:063][ 48]LogD3D11RHI: InitD3DDevice
[2015.08.01-18.32.40:502][445]LogD3D11RHI: InitD3DDevice
[2015.08.01-18.32.49:498][472]LogD3D11RHI: InitD3DDevice
[2015.08.01-18.32.49:677][472]Cmd: OBJ SAVEPACKAGE PACKAGE="/Temp/Untitled_2" FILE="../../../../../../Users/Tokala/Documents/Unreal Projects/Game/Saved/Autosaves/Temp/Untitled_2_Auto3.umap" SILENT=true AUTOSAVING=true KEEPDIRTY=false
[2015.08.01-18.32.49:710][472]LogSavePackage: Save=32.715981ms
[2015.08.01-18.32.49:710][472]LogSavePackage: Moving '../../../../../../Users/Tokala/Documents/Unreal Projects/Game/Saved/Untitled_2_Auto335E2F97B4A6F13536502D5958FAEB7FF.tmp' to '../../../../../../Users/Tokala/Documents/Unreal Projects/Game/Saved/Autosaves/Temp/Untitled_2_Auto3.umap'
[2015.08.01-18.32.49:715][472]LogFileHelpers: Editor autosave (incl. sublevels) for '/Temp/Untitled_2' took 0.069
[2015.08.01-18.32.49:715][472]LogFileHelpers: Editor autosave (incl. sublevels) for all levels took 0.069
[2015.08.01-18.34.40:376][902]LogD3D11RHI: InitD3DDevice
[2015.08.01-18.34.40:398][902]LogActorFactory: Actor Factory created Cube
[2015.08.01-18.34.40:861][924]LogActorFactory: Actor Factory created Cube
[2015.08.01-18.34.44:803][199]Cmd: DELETE
[2015.08.01-18.34.44:803][199]Cmd: ACTOR DELETE
[2015.08.01-18.34.44:804][199]LogEditorActor: Deleted Actor: StaticMeshActor
[2015.08.01-18.34.44:832][199]LogEditorActor: Deleted 1 Actors (0.028 secs)
[2015.08.01-18.35.05:224][633]LogEditorViewport: Clicking on Actor (LMB): StaticMeshActor (Floor)
[2015.08.01-18.35.08:968][891]LogEditorViewport: Clicking on Actor (LMB): StaticMeshActor (lightpost)
[2015.08.01-18.35.41:919][172]LogD3D11RHI: InitD3DDevice
[2015.08.01-18.35.45:192][357]LogD3D11RHI: InitD3DDevice
[2015.08.01-18.36.11:287][814]LogD3D11RHI: InitD3DDevice
[2015.08.01-18.36.12:412][859]LogD3D11RHI: InitD3DDevice
[2015.08.01-18.36.46:373][604]LogD3D11RHI: InitD3DDevice
[2015.08.01-18.36.46:517][604]LogD3D11RHI: InitD3DDevice
[2015.08.01-18.36.51:730][604]LogFactory: FactoryCreateBinary: StaticMesh with FbxFactory (0 0 C:\Users\Tokala\Downloads\lightpost.obj)
[2015.08.01-18.36.52:133][604]LogD3D11RHI: InitD3DDevice
[2015.08.01-18.37.00:988][604]LogFbx: Loading FBX Scene from C:\Users\Tokala\Downloads\lightpost.obj
[2015.08.01-18.37.01:004][604]LogFbx: FBX Scene Loaded Succesfully
[2015.08.01-18.37.01:010][604]LogUObjectGlobals:Warning: Failed to find object 'MaterialInterface /Game/None.None'
[2015.08.01-18.37.01:056][604]LogMaterial: Missing cached shader map for material Material_1, compiling. 
[2015.08.01-18.37.01:066][604]LogFbx:Warning: Triangulating static mesh default
[2015.08.01-18.37.01:283][604]LogStaticMesh: Building static mesh lightpost...
[2015.08.01-18.37.01:305][604]LogStaticMesh: Built static mesh [0.021931.2s] /Game/lightpost.lightpost
[2015.08.01-18.37.01:322][604]LogStaticMesh:Warning: lightpost has degenerate tangent bases which will result in incorrect shading. 
[2015.08.01-18.37.01:372][604]FBXImport:Warning: Warning Warning: No smoothing group information was found in this FBX scene.  Please make sure to enable the 'Export Smoothing Groups' option in the FBX Exporter plug-in before exporting the file.  Even for tools that don't support smoothing groups, the FBX Exporter will generate appropriate smoothing data at export-time so that correct vertex normals can be inferred while importing. 
[2015.08.01-18.37.01:372][604]FBXImport:Warning: Warning lightpost has degenerate tangent bases which will result in incorrect shading.  
[2015.08.01-18.37.01:440][604]LogD3D11RHI: InitD3DDevice
[2015.08.01-18.37.16:752][481]LogEditorViewport: Clicking on Actor (LMB): StaticMeshActor (lightpost)
[2015.08.01-18.37.17:432][529]Cmd: DELETE
[2015.08.01-18.37.17:432][529]Cmd: ACTOR DELETE
[2015.08.01-18.37.17:433][529]LogEditorActor: Deleted Actor: StaticMeshActor
[2015.08.01-18.37.17:466][529]LogEditorActor: Deleted 1 Actors (0.034 secs)
[2015.08.01-18.37.18:671][609]LogD3D11RHI: InitD3DDevice
[2015.08.01-18.37.18:728][609]LogActorFactory: Actor Factory created lightpost
[2015.08.01-18.37.20:021][702]LogActorFactory: Actor Factory created lightpost
[2015.08.01-18.38.32:824][457]LogD3D11RHI: InitD3DDevice
[2015.08.01-18.38.43:386][172]LogD3D11RHI: InitD3DDevice
[2015.08.01-18.38.50:411][631]LogD3D11RHI: InitD3DDevice
[2015.08.01-18.38.53:363][838]LogD3D11RHI: InitD3DDevice
[2015.08.01-18.38.59:125][213]LogD3D11RHI: InitD3DDevice
[2015.08.01-18.39.00:897][323]LogD3D11RHI: InitD3DDevice
[2015.08.01-18.39.03:404][488]LogEditorViewport: Clicking on Actor (LMB): StaticMeshActor (Floor)
[2015.08.01-18.39.04:527][561]LogEditorViewport: Clicking on Actor (LMB): StaticMeshActor (lightpost)
[2015.08.01-18.40.44:615][991]LogD3D11RHI: InitD3DDevice
[2015.08.01-18.40.44:631][991]LogFactory: FactoryCreateBinary: StaticMesh with FbxFactory (0 0 C:\Users\Tokala\Downloads\lightpost (1).obj)
[2015.08.01-18.40.44:692][991]LogD3D11RHI: InitD3DDevice
[2015.08.01-18.40.46:124][991]LogFbx: Loading FBX Scene from C:\Users\Tokala\Downloads\lightpost (1).obj
[2015.08.01-18.40.46:131][991]LogFbx: FBX Scene Loaded Succesfully
[2015.08.01-18.40.46:146][991]LogUObjectGlobals:Warning: Failed to find object 'MaterialInterface /Game/None.None'
[2015.08.01-18.40.46:150][991]LogMaterial: Missing cached shader map for material Material_2, compiling. 
[2015.08.01-18.40.46:160][991]LogFbx:Warning: Triangulating static mesh default
[2015.08.01-18.40.46:310][991]LogStaticMesh: Building static mesh lightpost__1_...
[2015.08.01-18.40.46:325][991]LogStaticMesh: Built static mesh [0.015364.2s] /Game/lightpost__1_.lightpost__1_
[2015.08.01-18.40.46:330][991]LogStaticMesh:Warning: lightpost__1_ has degenerate tangent bases which will result in incorrect shading. 
[2015.08.01-18.40.46:339][991]FBXImport:Warning: Warning Warning: No smoothing group information was found in this FBX scene.  Please make sure to enable the 'Export Smoothing Groups' option in the FBX Exporter plug-in before exporting the file.  Even for tools that don't support smoothing groups, the FBX Exporter will generate appropriate smoothing data at export-time so that correct vertex normals can be inferred while importing. 
[2015.08.01-18.40.46:339][991]FBXImport:Warning: Warning lightpost__1_ has degenerate tangent bases which will result in incorrect shading.  
[2015.08.01-18.40.46:444][991]LogD3D11RHI: InitD3DDevice
[2015.08.01-18.40.50:796][201]LogD3D11RHI: InitD3DDevice
[2015.08.01-18.40.50:813][201]LogActorFactory: Actor Factory created lightpost__1_
[2015.08.01-18.40.52:166][273]LogActorFactory: Actor Factory created lightpost__1_
[2015.08.01-18.41.36:092][137]LogD3D11RHI: InitD3DDevice
[2015.08.01-18.42.10:955][357]LogD3D11RHI: InitD3DDevice
[2015.08.01-18.42.49:143][922]LogEditorViewport: Clicking on Actor (LMB): StaticMeshActor (lightpost)
[2015.08.01-18.42.50:147][984]Cmd: DELETE
[2015.08.01-18.42.50:147][984]Cmd: ACTOR DELETE
[2015.08.01-18.42.50:148][984]LogEditorActor: Deleted Actor: StaticMeshActor
[2015.08.01-18.42.50:180][984]LogEditorActor: Deleted 1 Actors (0.033 secs)
[2015.08.01-18.42.52:503][126]LogD3D11RHI: InitD3DDevice
[2015.08.01-18.42.59:742][567]LogD3D11RHI: InitD3DDevice
[2015.08.01-18.43.05:942][ 99]LogD3D11RHI: InitD3DDevice
[2015.08.01-18.43.09:332][338]LogD3D11RHI: InitD3DDevice
[2015.08.01-18.43.12:508][338]LogD3D11RHI: InitD3DDevice
[2015.08.01-18.43.15:801][445]LogD3D11RHI: InitD3DDevice
[2015.08.01-18.43.21:721][853]LogD3D11RHI: InitD3DDevice
[2015.08.01-18.43.21:816][853]LogD3D11RHI: InitD3DDevice
[2015.08.01-18.43.21:885][853]LogD3D11RHI: InitD3DDevice
[2015.08.01-18.43.21:933][853]Cmd: OBJ SAVEPACKAGE PACKAGE="/Game/lightpost" FILE="../../../../../../Users/Tokala/Documents/Unreal Projects/Game/Content/lightpost.uasset" SILENT=true
[2015.08.01-18.43.21:969][853]LogSavePackage: Save=35.585930ms
[2015.08.01-18.43.21:969][853]LogSavePackage: Moving '../../../../../../Users/Tokala/Documents/Unreal Projects/Game/Saved/lightpost698D62FC4D11214E0116CAB62DB21F28.tmp' to '../../../../../../Users/Tokala/Documents/Unreal Projects/Game/Content/lightpost.uasset'
[2015.08.01-18.43.22:016][853]LogD3D11RHI: InitD3DDevice
[2015.08.01-18.43.37:813][ 15]LogD3D11RHI: InitD3DDevice
[2015.08.01-18.43.46:817][ 42]LogD3D11RHI: InitD3DDevice
[2015.08.01-18.43.47:000][ 42]Cmd: OBJ SAVEPACKAGE PACKAGE="/Temp/Untitled_2" FILE="../../../../../../Users/Tokala/Documents/Unreal Projects/Game/Saved/Autosaves/Temp/Untitled_2_Auto4.umap" SILENT=true AUTOSAVING=true KEEPDIRTY=false
[2015.08.01-18.43.47:033][ 42]LogSavePackage: Save=32.219162ms
[2015.08.01-18.43.47:033][ 42]LogSavePackage: Moving '../../../../../../Users/Tokala/Documents/Unreal Projects/Game/Saved/Untitled_2_Auto4573B4C2B46F157489B4E90ABC8D58D1E.tmp' to '../../../../../../Users/Tokala/Documents/Unreal Projects/Game/Saved/Autosaves/Temp/Untitled_2_Auto4.umap'
[2015.08.01-18.43.47:040][ 42]LogFileHelpers: Editor autosave (incl. sublevels) for '/Temp/Untitled_2' took 0.077
[2015.08.01-18.43.47:040][ 42]LogFileHelpers: Editor autosave (incl. sublevels) for all levels took 0.077
[2015.08.01-18.43.47:044][ 42]OBJ SavePackage: Generating thumbnails for [3] asset(s) in package [/Game/None] ([3] browsable assets)...
[2015.08.01-18.43.47:071][ 42]OBJ SavePackage:     Rendered thumbnail for [Material /Game/None.Material_2]
[2015.08.01-18.43.47:099][ 42]OBJ SavePackage:     Rendered thumbnail for [Material /Game/None.Material_1]
[2015.08.01-18.43.47:121][ 42]OBJ SavePackage:     Rendered thumbnail for [Material /Game/None.Material_0]
[2015.08.01-18.43.47:121][ 42]OBJ SavePackage: Finished generating thumbnails for package [/Game/None]
[2015.08.01-18.43.47:121][ 42]Cmd: OBJ SAVEPACKAGE PACKAGE="/Game/None" FILE="../../../../../../Users/Tokala/Documents/Unreal Projects/Game/Saved/Autosaves/Game/None_Auto4.uasset" SILENT=false AUTOSAVING=true
[2015.08.01-18.43.47:158][ 42]LogSavePackage: Save=34.271957ms
[2015.08.01-18.43.47:158][ 42]LogSavePackage: Moving '../../../../../../Users/Tokala/Documents/Unreal Projects/Game/Saved/None_Auto4BA4576BC4AC6C5C6C6594BB5295B9611.tmp' to '../../../../../../Users/Tokala/Documents/Unreal Projects/Game/Saved/Autosaves/Game/None_Auto4.uasset'
[2015.08.01-18.43.47:161][ 42]Cmd: OBJ SAVEPACKAGE PACKAGE="/Game/lightpost__1_" FILE="../../../../../../Users/Tokala/Documents/Unreal Projects/Game/Saved/Autosaves/Game/lightpost__1__Auto4.uasset" SILENT=false AUTOSAVING=true
[2015.08.01-18.43.47:164][ 42]LogSavePackage: Save=1.414444ms
[2015.08.01-18.43.47:164][ 42]LogSavePackage: Moving '../../../../../../Users/Tokala/Documents/Unreal Projects/Game/Saved/lightpost__1__Auto413FFD242448459BE764A27ABF270770B.tmp' to '../../../../../../Users/Tokala/Documents/Unreal Projects/Game/Saved/Autosaves/Game/lightpost__1__Auto4.uasset'
[2015.08.01-18.43.47:164][ 42]LogFileHelpers: Auto-saving content packages took 0.123
[2015.08.01-18.48.18:495][581]LogEditorViewport: Clicking on Actor (LMB): StaticMeshActor (lightpost__1_)
[2015.08.01-18.49.02:427][425]LogD3D11RHI: InitD3DDevice
[2015.08.01-18.49.15:120][232]LogD3D11RHI: InitD3DDevice
[2015.08.01-18.49.23:511][350]LogD3D11RHI: InitD3DDevice
[2015.08.01-18.49.24:599][350]LogD3D11RHI: InitD3DDevice
[2015.08.01-18.52.38:891][339]LogD3D11RHI: InitD3DDevice
[2015.08.01-18.52.41:207][478]LogD3D11RHI: InitD3DDevice
[2015.08.01-18.53.22:837][478]LogD3D11RHI: InitD3DDevice
[2015.08.01-18.53.22:868][478]Cmd: OBJ SAVEPACKAGE PACKAGE="/Game/Maps/Noob_land_01" FILE="../../../../../../Users/Tokala/Documents/Unreal Projects/Game/Content/Maps/Noob_land_01.umap" SILENT=true AUTOSAVING=false KEEPDIRTY=false
[2015.08.01-18.53.22:933][478]LogSavePackage: Save=33.875900ms
[2015.08.01-18.53.22:933][478]LogSavePackage: Moving '../../../../../../Users/Tokala/Documents/Unreal Projects/Game/Saved/Noob_land_01B206FC4E48EE32D1E64F339FC65B77F7.tmp' to '../../../../../../Users/Tokala/Documents/Unreal Projects/Game/Content/Maps/Noob_land_01.umap'
[2015.08.01-18.53.22:989][478]LogFileHelpers: Saving map 'Noob_land_01' took 0.239
[2015.08.01-18.57.28:280][820]LogD3D11RHI: InitD3DDevice
[2015.08.01-18.57.29:175][864]LogD3D11RHI: InitD3DDevice
[2015.08.01-18.57.30:682][941]LogD3D11RHI: InitD3DDevice
[2015.08.01-18.57.31:454][981]LogD3D11RHI: InitD3DDevice
[2015.08.01-18.57.32:917][ 53]LogD3D11RHI: InitD3DDevice
[2015.08.01-18.57.34:813][155]LogD3D11RHI: InitD3DDevice
[2015.08.01-18.57.36:081][227]LogD3D11RHI: InitD3DDevice
[2015.08.01-18.57.48:683][ 40]LogD3D11RHI: InitD3DDevice
[2015.08.01-18.57.57:891][615]LogD3D11RHI: InitD3DDevice
[2015.08.01-18.58.04:558][ 69]LogD3D11RHI: InitD3DDevice
[2015.08.01-18.58.40:014][370]SourceControl:Error: Error Failed to enable Git source control. You need to initialize the project as a Git repository first.
[2015.08.01-18.58.40:049][370]LogD3D11RHI: InitD3DDevice
[2015.08.01-18.59.11:001][294]SourceControl:Error: Error Failed to enable Git source control. You need to initialize the project as a Git repository first.
[2015.08.01-18.59.11:028][294]LogD3D11RHI: InitD3DDevice
[2015.08.01-18.59.14:485][470]SourceControl: Info Source control is disabled
[2015.08.01-18.59.29:154][366]LogD3D11RHI: InitD3DDevice
[2015.08.01-18.59.32:124][528]LogD3D11RHI: InitD3DDevice
[2015.08.01-18.59.33:850][528]LogD3D11RHI: InitD3DDevice
[2015.08.01-18.59.33:939][528]LogD3D11RHI: InitD3DDevice
[2015.08.01-18.59.34:021][528]LogD3D11RHI: InitD3DDevice
[2015.08.01-19.02.21:065][137]LogD3D11RHI: InitD3DDevice
[2015.08.01-19.02.30:233][137]LogD3D11RHI: InitD3DDevice
[2015.08.01-19.02.30:274][137]Cmd: OBJ SAVEPACKAGE PACKAGE="/Game/lightpost" FILE="../../../../../../Users/Tokala/Documents/Unreal Projects/Game/Content/lightpost.uasset" SILENT=true
[2015.08.01-19.02.30:288][137]LogSavePackage: Save=10.931149ms
[2015.08.01-19.02.30:288][137]LogSavePackage: Moving '../../../../../../Users/Tokala/Documents/Unreal Projects/Game/Saved/lightpostFC0007E24210D79D719577A54E5C3FCE.tmp' to '../../../../../../Users/Tokala/Documents/Unreal Projects/Game/Content/lightpost.uasset'
[2015.08.01-19.02.30:797][138]Cmd: QUIT_EDITOR
[2015.08.01-19.02.31:227][138]LogExit: Preparing to exit.
[2015.08.01-19.02.31:641][138]LogExit: Editor shut down
[2015.08.01-19.02.31:642][138]LogExit: Transaction tracking system shut down
[2015.08.01-19.02.31:643][138]LogParticles: Destroying 0 GPU particle simulations for FXSystem 0x000000001F806DE0
[2015.08.01-19.02.31:643][138]LogParticles: Destroying 0 GPU particle simulations for FXSystem 0x00000000103B0B80
[2015.08.01-19.02.31:643][138]LogParticles: Destroying 0 GPU particle simulations for FXSystem 0x000000000FD931A0
[2015.08.01-19.02.31:643][138]LogParticles: Destroying 0 GPU particle simulations for FXSystem 0x000000000FD92340
[2015.08.01-19.02.31:643][138]LogParticles: Destroying 0 GPU particle simulations for FXSystem 0x000000002692CEA0
[2015.08.01-19.02.31:829][138]LogExit: Object subsystem successfully closed.
[2015.08.01-19.02.31:843][138]LogD3D11RHI: Shutdown
[2015.08.01-19.02.31:843][138]LogD3D11RHI: CleanupD3DDevice
[2015.08.01-19.02.31:906][138]LogD3D11RHI: ~FD3D11DynamicRHI
[2015.08.01-19.02.31:933][138]LogModuleManager: Shutting down and abandoning module NewLevelDialog (189)
[2015.08.01-19.02.31:933][138]LogModuleManager: Shutting down and abandoning module CrashTracker (188)
[2015.08.01-19.02.31:933][138]LogModuleManager: Shutting down and abandoning module SceneOutliner (187)
[2015.08.01-19.02.31:933][138]LogModuleManager: Shutting down and abandoning module SuperSearch (186)
[2015.08.01-19.02.31:933][138]LogModuleManager: Shutting down and abandoning module WidgetCarousel (185)
[2015.08.01-19.02.31:933][138]LogModuleManager: Shutting down and abandoning module AddContentDialog (184)
[2015.08.01-19.02.31:952][138]LogModuleManager: Shutting down and abandoning module EditorWidgets (183)
[2015.08.01-19.02.31:952][138]LogModuleManager: Shutting down and abandoning module CollectionManager (182)
[2015.08.01-19.02.31:952][138]LogModuleManager: Shutting down and abandoning module StatsViewer (181)
[2015.08.01-19.02.31:952][138]LogModuleManager: Shutting down and abandoning module FoliageEdit (180)
[2015.08.01-19.02.31:952][138]LogModuleManager: Shutting down and abandoning module LandscapeEditor (179)
[2015.08.01-19.02.31:952][138]LogModuleManager: Shutting down and abandoning module ActorPickerMode (178)
[2015.08.01-19.02.31:952][138]LogModuleManager: Shutting down and abandoning module GeometryMode (177)
[2015.08.01-19.02.31:952][138]LogModuleManager: Shutting down and abandoning module TextureAlignMode (176)
[2015.08.01-19.02.31:952][138]LogModuleManager: Shutting down and abandoning module BspMode (175)
[2015.08.01-19.02.31:952][138]LogModuleManager: Shutting down and abandoning module PlacementMode (174)
[2015.08.01-19.02.31:952][138]LogModuleManager: Shutting down and abandoning module AutomationWorker (173)
[2015.08.01-19.02.31:952][138]LogModuleManager: Shutting down and abandoning module CharacterAI (172)
[2015.08.01-19.02.31:952][138]LogModuleManager: Shutting down and abandoning module SmartSnapping (171)
[2015.08.01-19.02.31:952][138]LogModuleManager: Shutting down and abandoning module ViewportSnapping (170)
[2015.08.01-19.02.31:952][138]LogModuleManager: Shutting down and abandoning module LogVisualizer (169)
[2015.08.01-19.02.31:953][138]LogModuleManager: Shutting down and abandoning module GameProjectGeneration (168)
[2015.08.01-19.02.31:953][138]LogModuleManager: Shutting down and abandoning module IntroTutorials (167)
[2015.08.01-19.02.31:953][138]LogModuleManager: Shutting down and abandoning module EditorLiveStreaming (166)
[2015.08.01-19.02.31:953][138]LogModuleManager: Shutting down and abandoning module IOSPlatformEditor (165)
[2015.08.01-19.02.31:953][138]LogModuleManager: Shutting down and abandoning module HTML5PlatformEditor (164)
[2015.08.01-19.02.31:953][138]LogModuleManager: Shutting down and abandoning module AndroidDeviceDetection (163)
[2015.08.01-19.02.32:549][138]LogModuleManager: Shutting down and abandoning module AndroidPlatformEditor (162)
[2015.08.01-19.02.32:549][138]LogModuleManager: Shutting down and abandoning module IOSRuntimeSettings (161)
[2015.08.01-19.02.32:549][138]LogModuleManager: Shutting down and abandoning module AndroidRuntimeSettings (160)
[2015.08.01-19.02.32:549][138]LogModuleManager: Shutting down and abandoning module MergeActors (159)
[2015.08.01-19.02.32:549][138]LogModuleManager: Shutting down and abandoning module SizeMap (158)
[2015.08.01-19.02.32:549][138]LogModuleManager: Shutting down and abandoning module TreeMap (157)
[2015.08.01-19.02.32:549][138]LogModuleManager: Shutting down and abandoning module ReferenceViewer (156)
[2015.08.01-19.02.32:549][138]LogModuleManager: Shutting down and abandoning module LocalizationDashboard (155)
[2015.08.01-19.02.32:549][138]LogModuleManager: Shutting down and abandoning module HardwareTargeting (154)
[2015.08.01-19.02.32:549][138]LogModuleManager: Shutting down and abandoning module DeviceProfileEditor (153)
[2015.08.01-19.02.32:549][138]LogModuleManager: Shutting down and abandoning module UndoHistory (152)
[2015.08.01-19.02.32:549][138]LogModuleManager: Shutting down and abandoning module GameplayTagsEditor (151)
[2015.08.01-19.02.32:549][138]LogModuleManager: Shutting down and abandoning module UserFeedback (150)
[2015.08.01-19.02.32:549][138]LogModuleManager: Shutting down and abandoning module XmlParser (149)
[2015.08.01-19.02.32:549][138]LogModuleManager: Shutting down and abandoning module Blutility (148)
[2015.08.01-19.02.32:549][138]LogModuleManager: Shutting down and abandoning module ProjectTargetPlatformEditor (147)
[2015.08.01-19.02.32:549][138]LogModuleManager: Shutting down and abandoning module ProjectSettingsViewer (146)
[2015.08.01-19.02.32:549][138]LogModuleManager: Shutting down and abandoning module InputBindingEditor (145)
[2015.08.01-19.02.32:549][138]LogModuleManager: Shutting down and abandoning module EditorSettingsViewer (144)
[2015.08.01-19.02.32:549][138]LogModuleManager: Shutting down and abandoning module SettingsEditor (143)
[2015.08.01-19.02.32:549][138]LogModuleManager: Shutting down and abandoning module ProjectLauncher (142)
[2015.08.01-19.02.32:549][138]LogModuleManager: Shutting down and abandoning module SessionFrontend (141)
[2015.08.01-19.02.32:549][138]LogModuleManager: Shutting down and abandoning module ProfilerClient (140)
[2015.08.01-19.02.32:550][138]LogModuleManager: Shutting down and abandoning module TargetDeviceServices (139)
[2015.08.01-19.02.32:550][138]LogModuleManager: Shutting down and abandoning module DeviceManager (138)
[2015.08.01-19.02.32:550][138]LogModuleManager: Shutting down and abandoning module AutomationController (137)
[2015.08.01-19.02.32:550][138]LogModuleManager: Shutting down and abandoning module AutomationWindow (136)
[2015.08.01-19.02.32:550][138]LogModuleManager: Shutting down and abandoning module Layers (135)
[2015.08.01-19.02.32:550][138]LogModuleManager: Shutting down and abandoning module ComponentVisualizers (134)
[2015.08.01-19.02.32:550][138]LogModuleManager: Shutting down and abandoning module DetailCustomizations (133)
[2015.08.01-19.02.32:550][138]LogModuleManager: Shutting down and abandoning module PackagesDialog (132)
[2015.08.01-19.02.32:550][138]LogModuleManager: Shutting down and abandoning module AssetRegistry (131)
[2015.08.01-19.02.32:631][138]LogModuleManager: Shutting down and abandoning module Persona (130)
[2015.08.01-19.02.32:631][138]LogModuleManager: Shutting down and abandoning module Kismet (129)
[2015.08.01-19.02.32:631][138]LogModuleManager: Shutting down and abandoning module GraphEditor (128)
[2015.08.01-19.02.32:631][138]LogModuleManager: Shutting down and abandoning module ClassViewer (127)
[2015.08.01-19.02.32:631][138]LogModuleManager: Shutting down and abandoning module Toolbox (126)
[2015.08.01-19.02.32:631][138]LogModuleManager: Shutting down and abandoning module ModuleUI (125)
[2015.08.01-19.02.32:631][138]LogModuleManager: Shutting down and abandoning module MovieSceneTools (124)
[2015.08.01-19.02.32:631][138]LogModuleManager: Shutting down and abandoning module OutputLog (123)
[2015.08.01-19.02.32:631][138]LogModuleManager: Shutting down and abandoning module GammaUI (122)
[2015.08.01-19.02.32:631][138]LogModuleManager: Shutting down and abandoning module Documentation (121)
[2015.08.01-19.02.32:631][138]LogModuleManager: Shutting down and abandoning module GameLiveStreaming (120)
[2015.08.01-19.02.32:631][138]LogModuleManager: Shutting down and abandoning module StreamingPauseRendering (119)
[2015.08.01-19.02.32:631][138]LogModuleManager: Shutting down and abandoning module AnalyticsET (118)
[2015.08.01-19.02.32:631][138]LogModuleManager: Shutting down and abandoning module Analytics (117)
[2015.08.01-19.02.32:631][138]LogModuleManager: Shutting down and abandoning module AITestSuite (116)
[2015.08.01-19.02.32:631][138]LogModuleManager: Shutting down and abandoning module GameplayDebugger (115)
[2015.08.01-19.02.32:631][138]LogModuleManager: Shutting down and abandoning module AIModule (114)
[2015.08.01-19.02.32:631][138]LogModuleManager: Shutting down and abandoning module ProfilerService (113)
[2015.08.01-19.02.32:764][138]LogModuleManager: Shutting down and abandoning module TaskGraph (112)
[2015.08.01-19.02.32:764][138]LogModuleManager: Shutting down and abandoning module SlateRemote (111)
[2015.08.01-19.02.32:764][138]LogModuleManager: Shutting down and abandoning module SteamVRController (110)
[2015.08.01-19.02.32:764][138]LogModuleManager: Shutting down and abandoning module SteamVR (109)
[2015.08.01-19.02.32:764][138]LogModuleManager: Shutting down and abandoning module ProceduralMeshComponent (108)
[2015.08.01-19.02.32:764][138]LogModuleManager: Shutting down and abandoning module OculusRift (107)
[2015.08.01-19.02.32:764][138]LogModuleManager: Shutting down and abandoning module LeapMotionController (106)
[2015.08.01-19.02.32:793][138]LogModuleManager: Shutting down and abandoning module CustomMeshComponent (105)
[2015.08.01-19.02.32:793][138]LogModuleManager: Shutting down and abandoning module CableComponent (104)
[2015.08.01-19.02.32:793][138]LogModuleManager: Shutting down and abandoning module MessagingDebugger (103)
[2015.08.01-19.02.32:793][138]LogModuleManager: Shutting down and abandoning module MediaPlayerEditor (102)
[2015.08.01-19.02.32:793][138]LogModuleManager: Shutting down and abandoning module SpeedTreeImporter (101)
[2015.08.01-19.02.32:793][138]LogModuleManager: Shutting down and abandoning module PluginBrowser (100)
[2015.08.01-19.02.32:793][138]LogModuleManager: Shutting down and abandoning module EpicSurvey (99)
[2015.08.01-19.02.32:793][138]LogModuleManager: Shutting down and abandoning module DesktopPlatform (98)
[2015.08.01-19.02.32:793][138]LogModuleManager: Shutting down and abandoning module VisualStudioSourceCodeAccess (97)
[2015.08.01-19.02.32:793][138]LogModuleManager: Shutting down and abandoning module UObjectPlugin (96)
[2015.08.01-19.02.32:793][138]LogModuleManager: Shutting down and abandoning module SubversionSourceControl (95)
[2015.08.01-19.02.32:793][138]LogModuleManager: Shutting down and abandoning module PerforceSourceControl (94)
[2015.08.01-19.02.32:793][138]LogModuleManager: Shutting down and abandoning module SourceControl (93)
[2015.08.01-19.02.32:793][138]LogModuleManager: Shutting down and abandoning module GitSourceControl (92)
[2015.08.01-19.02.32:793][138]LogModuleManager: Shutting down and abandoning module BlankPlugin (91)
[2015.08.01-19.02.32:793][138]LogModuleManager: Shutting down and abandoning module PaperTiledImporter (90)
[2015.08.01-19.02.32:793][138]LogModuleManager: Shutting down and abandoning module PaperSpriteSheetImporter (89)
[2015.08.01-19.02.32:793][138]LogModuleManager: Shutting down and abandoning module MeshPaint (88)
[2015.08.01-19.02.32:793][138]LogModuleManager: Shutting down and abandoning module SlateReflector (87)
[2015.08.01-19.02.32:793][138]LogModuleManager: Shutting down and abandoning module DirectoryWatcher (86)
[2015.08.01-19.02.32:794][138]LogModuleManager: Shutting down and abandoning module HotReload (85)
[2015.08.01-19.02.32:794][138]LogModuleManager: Shutting down and abandoning module MainFrame (84)
[2015.08.01-19.02.32:794][138]LogModuleManager: Shutting down and abandoning module LevelEditor (83)
[2015.08.01-19.02.32:795][138]LogModuleManager: Shutting down and abandoning module ContentBrowser (82)
[2015.08.01-19.02.32:795][138]LogModuleManager: Shutting down and abandoning module Paper2DEditor (81)
[2015.08.01-19.02.32:795][138]LogModuleManager: Shutting down and abandoning module UdpMessaging (80)
[2015.08.01-19.02.32:895][138]LogModuleManager: Shutting down and abandoning module Paper2D (79)
[2015.08.01-19.02.32:895][138]LogModuleManager: Shutting down and abandoning module WindowsMoviePlayer (78)
[2015.08.01-19.02.32:898][138]LogModuleManager: Shutting down and abandoning module Media (77)
[2015.08.01-19.02.32:898][138]LogModuleManager: Shutting down and abandoning module WmfMedia (76)
[2015.08.01-19.02.32:899][138]LogModuleManager: Shutting down and abandoning module OnlineBlueprintSupport (75)
[2015.08.01-19.02.32:899][138]LogModuleManager: Shutting down and abandoning module PropertyEditor (74)
[2015.08.01-19.02.32:899][138]LogModuleManager: Shutting down and abandoning module BehaviorTreeEditor (73)
[2015.08.01-19.02.32:899][138]LogModuleManager: Shutting down and abandoning module FunctionalTesting (72)
[2015.08.01-19.02.32:899][138]LogModuleManager: Shutting down and abandoning module CollisionAnalyzer (71)
[2015.08.01-19.02.32:899][138]LogModuleManager: Shutting down and abandoning module WorkspaceMenuStructure (70)
[2015.08.01-19.02.32:899][138]LogModuleManager: Shutting down and abandoning module MessageLog (69)
[2015.08.01-19.02.32:899][138]LogModuleManager: Shutting down and abandoning module Sequencer (68)
[2015.08.01-19.02.32:899][138]LogModuleManager: Shutting down and abandoning module AssetTools (67)
[2015.08.01-19.02.32:899][138]LogModuleManager: Shutting down and abandoning module UMGEditor (66)
[2015.08.01-19.02.32:899][138]LogModuleManager: Shutting down and abandoning module UMG (65)
[2015.08.01-19.02.32:899][138]LogModuleManager: Shutting down and abandoning module Slate (64)
[2015.08.01-19.02.32:899][138]LogModuleManager: Shutting down and abandoning module EditorStyle (63)
[2015.08.01-19.02.32:902][138]LogModuleManager: Shutting down and abandoning module SessionServices (62)
[2015.08.01-19.02.32:902][138]LogModuleManager: Shutting down and abandoning module SourceCodeAccess (61)
[2015.08.01-19.02.32:902][138]LogModuleManager: Shutting down and abandoning module HeadMountedDisplay (60)
[2015.08.01-19.02.32:902][138]LogModuleManager: Shutting down and abandoning module XAudio2 (59)
[2015.08.01-19.02.32:902][138]LogModuleManager: Shutting down and abandoning module Networking (57)
[2015.08.01-19.02.32:902][138]LogModuleManager: Shutting down and abandoning module Core (56)
[2015.08.01-19.02.32:902][138]LogModuleManager: Shutting down and abandoning module KismetCompiler (55)
[2015.08.01-19.02.32:902][138]LogModuleManager: Shutting down and abandoning module PhysXFormats (54)
[2015.08.01-19.02.32:902][138]LogModuleManager: Shutting down and abandoning module MeshUtilities (53)
[2015.08.01-19.02.32:902][138]LogModuleManager: Shutting down and abandoning module DerivedDataCache (52)
[2015.08.01-19.02.32:937][138]LogDerivedDataCache: Shutdown
[2015.08.01-19.02.32:937][138]LogModuleManager: Shutting down and abandoning module ShaderFormatOpenGL (51)
[2015.08.01-19.02.32:937][138]LogModuleManager: Shutting down and abandoning module ShaderFormatD3D (50)
[2015.08.01-19.02.32:937][138]LogModuleManager: Shutting down and abandoning module MetalShaderFormat (49)
[2015.08.01-19.02.32:937][138]LogModuleManager: Shutting down and abandoning module TextureFormatUncompressed (48)
[2015.08.01-19.02.32:937][138]LogModuleManager: Shutting down and abandoning module TextureFormatPVR (47)
[2015.08.01-19.02.32:937][138]LogModuleManager: Shutting down and abandoning module TextureFormatIntelISPCTexComp (46)
[2015.08.01-19.02.32:937][138]LogModuleManager: Shutting down and abandoning module TextureFormatDXT (45)
[2015.08.01-19.02.32:937][138]LogModuleManager: Shutting down and abandoning module ImageWrapper (44)
[2015.08.01-19.02.32:937][138]LogModuleManager: Shutting down and abandoning module TextureFormatASTC (43)
[2015.08.01-19.02.32:937][138]LogModuleManager: Shutting down and abandoning module TextureFormatAndroid (42)
[2015.08.01-19.02.32:937][138]LogModuleManager: Shutting down and abandoning module AudioFormatOpus (41)
[2015.08.01-19.02.32:937][138]LogModuleManager: Shutting down and abandoning module AudioFormatOgg (40)
[2015.08.01-19.02.32:937][138]LogModuleManager: Shutting down and abandoning module AudioFormatADPCM (39)
[2015.08.01-19.02.32:937][138]LogModuleManager: Shutting down and abandoning module LinuxTargetPlatform (38)
[2015.08.01-19.02.32:937][138]LogModuleManager: Shutting down and abandoning module LinuxServerTargetPlatform (37)
[2015.08.01-19.02.32:937][138]LogModuleManager: Shutting down and abandoning module LinuxNoEditorTargetPlatform (36)
[2015.08.01-19.02.32:937][138]LogModuleManager: Shutting down and abandoning module Messaging (35)
[2015.08.01-19.02.32:937][138]LogModuleManager: Shutting down and abandoning module IOSTargetPlatform (34)
[2015.08.01-19.02.32:937][138]LogModuleManager: Shutting down and abandoning module HTML5TargetPlatform (33)
[2015.08.01-19.02.32:937][138]LogModuleManager: Shutting down and abandoning module Android_PVRTCTargetPlatform (32)
[2015.08.01-19.02.32:937][138]LogModuleManager: Shutting down and abandoning module Android_ETC2TargetPlatform (31)
[2015.08.01-19.02.32:937][138]LogModuleManager: Shutting down and abandoning module Android_ETC1TargetPlatform (30)
[2015.08.01-19.02.32:937][138]LogModuleManager: Shutting down and abandoning module Android_DXTTargetPlatform (29)
[2015.08.01-19.02.32:937][138]LogModuleManager: Shutting down and abandoning module Android_ATCTargetPlatform (28)
[2015.08.01-19.02.32:937][138]LogModuleManager: Shutting down and abandoning module Android_ASTCTargetPlatform (27)
[2015.08.01-19.02.32:937][138]LogModuleManager: Shutting down and abandoning module AndroidTargetPlatform (26)
[2015.08.01-19.02.32:937][138]LogModuleManager: Shutting down and abandoning module WindowsTargetPlatform (25)
[2015.08.01-19.02.32:937][138]LogModuleManager: Shutting down and abandoning module WindowsServerTargetPlatform (24)
[2015.08.01-19.02.32:937][138]LogModuleManager: Shutting down and abandoning module WindowsNoEditorTargetPlatform (23)
[2015.08.01-19.02.32:937][138]LogModuleManager: Shutting down and abandoning module WindowsClientTargetPlatform (22)
[2015.08.01-19.02.32:937][138]LogModuleManager: Shutting down and abandoning module DesktopTargetPlatform (21)
[2015.08.01-19.02.32:937][138]LogModuleManager: Shutting down and abandoning module TargetPlatform (20)
[2015.08.01-19.02.32:937][138]LogModuleManager: Shutting down and abandoning module InputCore (19)
[2015.08.01-19.02.32:937][138]LogModuleManager: Shutting down and abandoning module Settings (18)
[2015.08.01-19.02.32:937][138]LogModuleManager: Shutting down and abandoning module OnlineSubsystem (16)
[2015.08.01-19.02.32:937][138]LogModuleManager: Shutting down and abandoning module HTTP (15)
[2015.08.01-19.02.32:937][138]LogModuleManager: Shutting down and abandoning module ExampleDeviceProfileSelector (14)
[2015.08.01-19.02.32:937][138]LogModuleManager: Shutting down and abandoning module TextureCompressor (13)
[2015.08.01-19.02.32:938][138]LogModuleManager: Shutting down and abandoning module ShaderCore (12)
[2015.08.01-19.02.32:938][138]LogModuleManager: Shutting down and abandoning module Landscape (11)
[2015.08.01-19.02.32:938][138]LogModuleManager: Shutting down and abandoning module SlateRHIRenderer (10)
[2015.08.01-19.02.32:944][138]LogModuleManager: Shutting down and abandoning module OpenGLDrv (9)
[2015.08.01-19.02.32:944][138]LogModuleManager: Shutting down and abandoning module D3D11RHI (8)
[2015.08.01-19.02.32:944][138]LogModuleManager: Shutting down and abandoning module Renderer (7)
[2015.08.01-19.02.32:944][138]LogModuleManager: Shutting down and abandoning module Engine (6)
[2015.08.01-19.02.32:944][138]LogModuleManager: Shutting down and abandoning module CoreUObject (5)
[2015.08.01-19.02.32:944][138]LogModuleManager: Shutting down and abandoning module NetworkFile (4)
[2015.08.01-19.02.32:944][138]LogModuleManager: Shutting down and abandoning module StreamingFile (3)
[2015.08.01-19.02.32:944][138]LogModuleManager: Shutting down and abandoning module SandboxFile (2)
[2015.08.01-19.02.32:944][138]LogModuleManager: Shutting down and abandoning module PakFile (1)
[2015.08.01-19.02.32:944][138]LogExit: Exiting.
[2015.08.01-19.02.32:959][138]Log file closed, 08/01/15 21:02:32
