[2015.08.04-14.05.52:795][  0]Log file open, 08/04/15 16:05:52
[2015.08.04-14.05.52:795][  0]LogInit:Display: Running engine for game: game
[2015.08.04-14.05.52:795][  0]LogInit:Display: RandInit(-346451792) SRandInit(-346451791).
[2015.08.04-14.05.52:795][  0]LogTaskGraph: Started task graph with 4 named threads and 7 total threads.
[2015.08.04-14.05.52:795][  0]LogStats: Stats thread started
[2015.08.04-14.05.52:795][  0]LogInit: Version: 4.8.3-2634408+++depot+UE4-Releases+4.8
[2015.08.04-14.05.52:795][  0]LogInit: API Version: 2579680
[2015.08.04-14.05.52:795][  0]LogInit: Compiled (64-bit): Jul 27 2015 16:24:33
[2015.08.04-14.05.52:795][  0]LogInit: Compiled with Visual C++: 18.00.21005.01
[2015.08.04-14.05.52:795][  0]LogInit: Build Configuration: Development
[2015.08.04-14.05.52:795][  0]LogInit: Branch Name: ++depot+UE4-Releases+4.8
[2015.08.04-14.05.52:795][  0]LogInit: Command line:  
[2015.08.04-14.05.52:795][  0]LogInit: Base directory: C:/Program Files/Epic Games/4.8/Engine/Binaries/Win64/
[2015.08.04-14.05.52:795][  0]LogInit: Rocket: 1
[2015.08.04-14.05.52:814][  0]LogInit: Using libcurl 7.41.0
[2015.08.04-14.05.52:814][  0]LogInit:  - built for x86_64-pc-win32
[2015.08.04-14.05.52:814][  0]LogInit:  - supports SSL with WinSSL
[2015.08.04-14.05.52:814][  0]LogInit:  - other features:
[2015.08.04-14.05.52:814][  0]LogInit:      CURL_VERSION_SSL
[2015.08.04-14.05.52:814][  0]LogInit:      CURL_VERSION_IPV6
[2015.08.04-14.05.52:814][  0]LogInit:      CURL_VERSION_ASYNCHDNS
[2015.08.04-14.05.52:814][  0]LogInit:      CURL_VERSION_LARGEFILE
[2015.08.04-14.05.52:814][  0]LogInit:      CURL_VERSION_IDN
[2015.08.04-14.05.52:814][  0]LogInit:  CurlRequestOptions (configurable via config and command line):
[2015.08.04-14.05.52:814][  0]LogInit:  - bVerifyPeer = true  - Libcurl will verify peer certificate
[2015.08.04-14.05.52:814][  0]LogInit:  - bUseHttpProxy = false  - Libcurl will NOT use HTTP proxy
[2015.08.04-14.05.52:814][  0]LogInit:  - bDontReuseConnections = false  - Libcurl will reuse connections
[2015.08.04-14.05.52:814][  0]LogInit:  - CertBundlePath = nullptr  - Libcurl will use whatever was configured at build time.
[2015.08.04-14.05.52:828][  0]LogOnline:Warning: No default platform service specified for OnlineSubsystem
[2015.08.04-14.05.52:846][  0]LogInit: Presizing for 0 objects not considered by GC, pre-allocating 0 bytes.
[2015.08.04-14.05.52:855][  0]LogInit: Object subsystem initialized
[2015.08.04-14.05.52:856][  0]LogConsoleResponse:Warning: Skipping Unknown console variable: 'TranslucentSortAxis = (X=0.000000,Y=-1.000000,Z=0.000000)'
[2015.08.04-14.05.52:856][  0]LogConsoleResponse:Warning:   Found in ini file 'C:/Users/Tokala/Documents/Unreal Projects/Game/Saved/Config/Windows/Engine.ini', in section '[/Script/Engine.RendererSettings]'
[2015.08.04-14.05.52:856][  0]LogConsoleResponse:Warning: Skipping Unknown console variable: 'UIScaleRule = ShortestSide'
[2015.08.04-14.05.52:856][  0]LogConsoleResponse:Warning:   Found in ini file 'C:/Users/Tokala/Documents/Unreal Projects/Game/Saved/Config/Windows/Engine.ini', in section '[/Script/Engine.RendererSettings]'
[2015.08.04-14.05.52:856][  0]LogConsoleResponse:Warning: Skipping Unknown console variable: 'UIScaleCurve = (EditorCurveData=(Keys=),ExternalCurve=None)'
[2015.08.04-14.05.52:856][  0]LogConsoleResponse:Warning:   Found in ini file 'C:/Users/Tokala/Documents/Unreal Projects/Game/Saved/Config/Windows/Engine.ini', in section '[/Script/Engine.RendererSettings]'
[2015.08.04-14.05.52:857][  0]LogInit: Selected Device Profile: [Windows]
[2015.08.04-14.05.52:857][  0]LogInit: Applying CVar settings loaded from the selected device profile: [Windows]
[2015.08.04-14.05.52:864][  0]LogInit: Computer: TOKALA-OTHER-PC
[2015.08.04-14.05.52:864][  0]LogInit: User: Tokala
[2015.08.04-14.05.52:864][  0]LogInit: CPU Page size=4096, Cores=4
[2015.08.04-14.05.52:864][  0]LogInit: High frequency timer resolution =3.433857 MHz
[2015.08.04-14.05.52:864][  0]LogMemory: Memory total: Physical=16.0GB (16GB approx)
[2015.08.04-14.05.52:864][  0]LogMemory: Platform Memory Stats for Windows
[2015.08.04-14.05.52:864][  0]LogMemory: Process Physical Memory: 50.64 MB used, 50.64 MB peak
[2015.08.04-14.05.52:864][  0]LogMemory: Process Virtual Memory: 23.19 MB used, 24.02 MB peak
[2015.08.04-14.05.52:864][  0]LogMemory: Physical Memory: 8045.23 MB used, 16366.65 MB total
[2015.08.04-14.05.52:864][  0]LogMemory: Virtual Memory: 280.98 MB used, 8388608.00 MB total
[2015.08.04-14.05.52:913][  0]LogTextLocalizationManager: The requested culture ('en_US') has no localization data; parent culture's ('en') localization data will be used.
[2015.08.04-14.05.53:162][  0]LogTextLocalizationManager:Warning: Loaded localization resources contain conflicting entries for (Namespace:ContentBrowser, Key:ImportAssetToolTip):
Localization Resource: (C:/Program Files/Epic Games/4.8/Engine/Content/Localization/Editor/en/Editor.locres) Source String Hash: (-630476809) Localized String: (Import to {0}...)
Localization Resource: (C:/Program Files/Epic Games/4.8/Engine/Content/Localization/Editor/en/Editor.locres) Source String Hash: (1271782899) Localized String: (Imports an asset from file to this folder.)
[2015.08.04-14.05.53:705][  0]LogD3D11RHI: Found D3D11 adapter 0: AMD Radeon R9 200 Series (Feature Level 11_0)
[2015.08.04-14.05.53:706][  0]LogD3D11RHI: Adapter has 3054MB of dedicated video memory, 0MB of dedicated system memory, and 3840MB of shared system memory, 2 output[s]
[2015.08.04-14.05.53:706][  0]LogD3D11RHI: Chosen D3D11 Adapter Id = 0
[2015.08.04-14.05.53:715][  0]LogD3D11RHI: InitD3DDevice
[2015.08.04-14.05.53:716][  0]LogD3D11RHI: !Direct3DDevice
[2015.08.04-14.05.53:716][  0]LogRHI: Texture pool is 1361 MB (70% of 1945 MB)
[2015.08.04-14.05.53:721][  0]LogD3D11RHI: Async texture creation disabled: no driver support
[2015.08.04-14.05.53:732][  0]LogShaderCompilers:Display: Using Local Shader Compiler.
[2015.08.04-14.05.54:729][  0]LogTemp:Display: Loaded TP DesktopTargetPlatform
[2015.08.04-14.05.54:747][  0]LogTemp:Display: Loaded TP WindowsClientTargetPlatform
[2015.08.04-14.05.54:766][  0]LogTemp:Display: Loaded TP WindowsNoEditorTargetPlatform
[2015.08.04-14.05.54:784][  0]LogTemp:Display: Loaded TP WindowsServerTargetPlatform
[2015.08.04-14.05.54:805][  0]LogTemp:Display: Loaded TP WindowsTargetPlatform
[2015.08.04-14.05.54:821][  0]LogTemp:Display: Loaded TP AndroidTargetPlatform
[2015.08.04-14.05.54:838][  0]LogTemp:Display: Loaded TP Android_ASTCTargetPlatform
[2015.08.04-14.05.54:855][  0]LogTemp:Display: Loaded TP Android_ATCTargetPlatform
[2015.08.04-14.05.54:872][  0]LogTemp:Display: Loaded TP Android_DXTTargetPlatform
[2015.08.04-14.05.54:889][  0]LogTemp:Display: Loaded TP Android_ETC1TargetPlatform
[2015.08.04-14.05.54:907][  0]LogTemp:Display: Loaded TP Android_ETC2TargetPlatform
[2015.08.04-14.05.54:928][  0]LogTemp:Display: Loaded TP Android_PVRTCTargetPlatform
[2015.08.04-14.05.54:991][  0]LogTemp:Display: Loaded TP IOSTargetPlatform
[2015.08.04-14.05.55:007][  0]LogTemp:Display: Loaded TP LinuxNoEditorTargetPlatform
[2015.08.04-14.05.55:028][  0]LogTemp:Display: Loaded TP LinuxServerTargetPlatform
[2015.08.04-14.05.55:048][  0]LogTemp:Display: Loaded TP LinuxTargetPlatform
[2015.08.04-14.05.55:048][  0]LogTargetPlatformManager:Display: Building Assets For Windows
[2015.08.04-14.05.55:308][  0]LogDerivedDataCache:Display: Max Cache Size: 512 MB
[2015.08.04-14.05.55:392][  0]LogDerivedDataCache: Loaded boot cache 0.08s 53MB C:/Users/Tokala/AppData/Local/UnrealEngine/4.8/DerivedDataCache/Boot.ddc.
[2015.08.04-14.05.55:392][  0]LogDerivedDataCache:Display: Loaded Boot cache: C:/Users/Tokala/AppData/Local/UnrealEngine/4.8/DerivedDataCache/Boot.ddc
[2015.08.04-14.05.55:392][  0]LogDerivedDataCache: FDerivedDataBackendGraph:  Pak pak cache file ../../../../../../Users/Tokala/Documents/Unreal Projects/Game/DerivedDataCache/DDC.ddp not found, will not use a pak cache.
[2015.08.04-14.05.55:392][  0]LogDerivedDataCache: Unable to find inner node Pak for hierarchical cache Hierarchy.
[2015.08.04-14.05.55:392][  0]LogDerivedDataCache: FDerivedDataBackendGraph:  CompressedPak pak cache file ../../../../../../Users/Tokala/Documents/Unreal Projects/Game/DerivedDataCache/Compressed.ddp not found, will not use a pak cache.
[2015.08.04-14.05.55:392][  0]LogDerivedDataCache: Unable to find inner node CompressedPak for hierarchical cache Hierarchy.
[2015.08.04-14.05.55:567][  0]LogDerivedDataCache:Display: Pak cache opened for reading ../../../Engine/DerivedDataCache/Compressed.ddp.
[2015.08.04-14.05.55:578][  0]LogDerivedDataCache: Using Local data cache path C:/Users/Tokala/AppData/Local/UnrealEngine/Common/DerivedDataCache: Writable
[2015.08.04-14.05.55:901][  0]LogInit: Selected Device Profile: [Windows]
[2015.08.04-14.05.55:911][  0]ImportText (ComponentSweepMultiTests): Missing closing parenthesis: (RootShapeAsset="/Engine/BasicShapes/Cube.Cube",ShapeType="TriggerCapsule",HitResult=(Time=0.50,Location=(X=-100.000015,Y=0.0,Z=100.000015),ImpactPoint=(X=-50.0,Y=0.0,Z=50.0),Normal=(X=-1.0,Y=-0.0,Z=0.0),ImpactNormal=(X=0.0,Y=0.0,Z=1.0),TraceStart=(X=-200.0,Y=0.0,Z=200.0),TraceEnd=(X=0.0,Y=0.0,Z=0.0))
[2015.08.04-14.05.55:912][  0]ImportText (LineTraceSingleByChannelTests): Missing closing parenthesis: (RootShapeAsset="/Engine/BasicShapes/Cube.Cube",HitResult=(Time=0.50,Location=(X=-100.000015,Y=0.0,Z=100.000015),ImpactPoint=(X=-50.0,Y=0.0,Z=50.0),Normal=(X=-1.0,Y=-0.0,Z=0.0),ImpactNormal=(X=0.0,Y=0.0,Z=1.0),TraceStart=(X=-200.0,Y=0.0,Z=200.0),TraceEnd=(X=0.0,Y=0.0,Z=0.0))
[2015.08.04-14.05.55:949][  0]LogMeshUtilities: No automatic mesh reduction module available
[2015.08.04-14.05.55:949][  0]LogMeshUtilities: No automatic mesh merging module available
[2015.08.04-14.05.56:512][  0]LogInit: WinSock: version 1.1 (2.2), MaxSocks=32767, MaxUdp=65467
[2015.08.04-14.05.57:793][  0]UdpMessaging: Initializing bridge on interface 0.0.0.0:0 to multicast group 230.0.0.1:6666.
[2015.08.04-14.05.58:243][  0]SourceControl: Info Source control is disabled
[2015.08.04-14.05.58:602][  0]LogObj: 26273 objects as part of root set at end of initial load.
[2015.08.04-14.05.58:602][  0]LogUObjectAllocator: 5409248 out of 0 bytes used by permanent object pool.
[2015.08.04-14.05.58:697][  0]LogEngine: Initializing Engine...
[2015.08.04-14.05.58:700][  0]LogHMD: Can't find Oculus library dev build: is proper Runtime installed? Version: 0.6.0.0
[2015.08.04-14.05.58:714][  0]LogHMD:Warning: SteamVR failed to initialize.  Error: 108
[2015.08.04-14.05.58:932][  0]LogAIModule: Creating AISystem for world NewWorld
[2015.08.04-14.05.59:025][  0]LogInit: XAudio2 using 'Main Line 1 (Virtual Audio Cable)' : 2 channels at 48 kHz using 16 bits per sample (channel mask 0x3)
[2015.08.04-14.05.59:036][  0]LogInit: FAudioDevice initialized.
[2015.08.04-14.05.59:157][  0]LogDerivedDataCache: Saved boot cache 0.12s 53MB C:/Users/Tokala/AppData/Local/UnrealEngine/4.8/DerivedDataCache/Boot.ddc.
[2015.08.04-14.05.59:168][  0]LogInit: Texture streaming: Disabled
[2015.08.04-14.05.59:198][  0]LogAnalytics: Creating configured Analytics provider AnalyticsET
[2015.08.04-14.05.59:198][  0]LogAnalytics: [UEEditor.Rocket.Release] APIServer = http://et2.epicgames.com/ET2/. AppVersion = 4.8.3-2634408+++depot+UE4-Releases+4.8
[2015.08.04-14.05.59:198][  0]LogAnalytics: [UEEditor.Rocket.Release] SetUserId 65de31594905b462db7181a8aa4b7a14|f5b1aae818df46afbd515a2ebd6af19b|a0e22b3b-da03-459e-827f-7f7c36f8cd2d
[2015.08.04-14.05.59:198][  0]LogAnalytics: [UEEditor.Rocket.Release] AnalyticsET::StartSession
[2015.08.04-14.05.59:232][  0]LogInit: Transaction tracking system initialized
[2015.08.04-14.05.59:398][  0]BlueprintLog: New page: Editor Load
[2015.08.04-14.05.59:440][  0]LogAssetRegistry: FAssetRegistry took 0.0096 seconds to start up
[2015.08.04-14.05.59:440][  0]LogDirectoryWatcher:Warning: Failed to begin reading directory changes for ../../../Engine/Plugins/Experimental/CharacterAI/Content/. Error: 0
[2015.08.04-14.06.00:571][  0]LogConsoleManager:Warning: Console variable 'r.VSync' wasn't set ('GameSetting' has a lower priority than 'SystemSettingsIni')
[2015.08.04-14.06.00:572][  0]LogConsoleResponse:Display: 
[2015.08.04-14.06.00:718][  0]LogCook:Display: Done creating registry. It took  0.00s.
[2015.08.04-14.06.01:013][  0]Cmd: MAP LOAD FILE="../../../Engine/Content/Maps/Templates/Template_Default.umap" TEMPLATE=1 SHOWPROGRESS=1 FEATURELEVEL=3
[2015.08.04-14.06.01:014][  0]LightingResults: New page: Lighting Build
[2015.08.04-14.06.01:034][  0]MapCheck: New page: Map Check
[2015.08.04-14.06.01:034][  0]LightingResults: New page: Lighting Build
[2015.08.04-14.06.01:049][  0]LogParticles: Destroying 0 GPU particle simulations for FXSystem 0x0000000015A58B80
[2015.08.04-14.06.01:674][  0]LogAIModule: Creating AISystem for world Untitled_1
[2015.08.04-14.06.01:682][  0]LogEditorServer: Finished looking for orphan Actors (0.000 secs)
[2015.08.04-14.06.01:724][  0]Cmd: MAP CHECKDEP NOCLEARLOG
[2015.08.04-14.06.01:770][  0]MapCheck: Info Map check complete: 0 Error(s), 0 Warning(s), took 45.774ms to complete.
[2015.08.04-14.06.01:770][  0]LogFileHelpers: Loading map 'Template_Default' took 0.757
[2015.08.04-14.06.02:004][  0]LogCollectionManager: Loaded 0 collections in 0.002419 seconds
[2015.08.04-14.06.02:016][  0]LogContentBrowser: Native class hierarchy populated in 0.0113 seconds. Added 1793 classes and 303 folders.
[2015.08.04-14.06.02:088][  0]LogContentBrowser: Native class hierarchy updated for 'WidgetCarousel' in 0.0004 seconds. Added 0 classes and 0 folders.
[2015.08.04-14.06.02:124][  0]LogContentBrowser: Native class hierarchy updated for 'AddContentDialog' in 0.0005 seconds. Added 0 classes and 0 folders.
[2015.08.04-14.06.02:196][  0]LogCrashTracker: Crashtracker disabled due to settings.
[2015.08.04-14.06.02:197][  0]LogD3D11RHI: InitD3DDevice
[2015.08.04-14.06.02:202][  0]LogUObjectGlobals:Warning: Failed to find object 'Class None.'
[2015.08.04-14.06.02:222][  0]LogLoad: Full Startup: 12.03 seconds (BP compile: 0.28 seconds)
[2015.08.04-14.06.02:313][  0]LogContentStreaming: Texture pool size is 0.000000MB
[2015.08.04-14.06.02:347][  0]LogContentStreaming: Texture pool size now 200 MB
[2015.08.04-14.06.02:498][  0]LogRenderer: Reallocating scene render targets to support 1456x928 (Frame:2).
[2015.08.04-14.06.02:900][  6]LogAssetRegistry: Asset discovery search completed in 3.4704 seconds
[2015.08.04-14.06.03:572][ 81]LogD3D11RHI: InitD3DDevice
[2015.08.04-14.06.05:334][280]LogD3D11RHI: InitD3DDevice
[2015.08.04-14.06.05:491][280]LogUObjectGlobals:Warning: Guid is in use by ArrowComponent /Temp/Untitled_1.Untitled_1:PersistentLevel.LightSource.ArrowComponent0 and ArrowComponent /Game/Maps/Noob_land_01.Noob_land_01:PersistentLevel.LightSource.ArrowComponent0, which should never happen in the editor but could happen at runtime with duplicate level loading or PIE
[2015.08.04-14.06.05:491][280]LogUObjectGlobals:Warning: Guid is in use by ArrowComponent /Temp/Untitled_1.Untitled_1:PersistentLevel.PlayerStart.Arrow and ArrowComponent /Game/Maps/Noob_land_01.Noob_land_01:PersistentLevel.PlayerStart.Arrow, which should never happen in the editor but could happen at runtime with duplicate level loading or PIE
[2015.08.04-14.06.05:491][280]LogUObjectGlobals:Warning: Guid is in use by BillboardComponent /Temp/Untitled_1.Untitled_1:PersistentLevel.PlayerStart.Sprite and BillboardComponent /Game/Maps/Noob_land_01.Noob_land_01:PersistentLevel.PlayerStart.Sprite, which should never happen in the editor but could happen at runtime with duplicate level loading or PIE
[2015.08.04-14.06.05:491][280]LogUObjectGlobals:Warning: Guid is in use by BillboardComponent /Temp/Untitled_1.Untitled_1:PersistentLevel.PlayerStart.Sprite2 and BillboardComponent /Game/Maps/Noob_land_01.Noob_land_01:PersistentLevel.PlayerStart.Sprite2, which should never happen in the editor but could happen at runtime with duplicate level loading or PIE
[2015.08.04-14.06.05:491][280]LogUObjectGlobals:Warning: Guid is in use by BillboardComponent /Temp/Untitled_1.Untitled_1:PersistentLevel.SkyLight_1.Sprite and BillboardComponent /Game/Maps/Noob_land_01.Noob_land_01:PersistentLevel.SkyLight_1.Sprite, which should never happen in the editor but could happen at runtime with duplicate level loading or PIE
[2015.08.04-14.06.05:491][280]LogUObjectGlobals:Warning: Guid is in use by CapsuleComponent /Temp/Untitled_1.Untitled_1:PersistentLevel.PlayerStart.CollisionCapsule and CapsuleComponent /Game/Maps/Noob_land_01.Noob_land_01:PersistentLevel.PlayerStart.CollisionCapsule, which should never happen in the editor but could happen at runtime with duplicate level loading or PIE
[2015.08.04-14.06.05:491][280]LogUObjectGlobals:Warning: Guid is in use by DirectionalLightComponent /Temp/Untitled_1.Untitled_1:PersistentLevel.LightSource.LightComponent0 and DirectionalLightComponent /Game/Maps/Noob_land_01.Noob_land_01:PersistentLevel.LightSource.LightComponent0, which should never happen in the editor but could happen at runtime with duplicate level loading or PIE
[2015.08.04-14.06.05:497][280]LogUObjectGlobals:Warning: Guid is in use by SkyLightComponent /Temp/Untitled_1.Untitled_1:PersistentLevel.SkyLight_1.SkyLightComponent0 and SkyLightComponent /Game/Maps/Noob_land_01.Noob_land_01:PersistentLevel.SkyLight_1.SkyLightComponent0, which should never happen in the editor but could happen at runtime with duplicate level loading or PIE
[2015.08.04-14.06.05:527][280]LogMaterial: Missing cached shader map for material Material_0, compiling. 
[2015.08.04-14.06.05:599][280]LogAIModule: Creating AISystem for world Noob_land_01
[2015.08.04-14.06.05:704][280]Cmd: MAP LOAD FILE="../../../../../../Users/Tokala/Documents/Unreal Projects/Game/Content/Maps/Noob_land_01.umap" TEMPLATE=0 SHOWPROGRESS=1 FEATURELEVEL=3
[2015.08.04-14.06.05:705][280]LightingResults: New page: Lighting Build
[2015.08.04-14.06.05:738][280]LoadErrors: New page: Loading map: Noob_land_01.umap
[2015.08.04-14.06.05:739][280]MapCheck: New page: Map Check
[2015.08.04-14.06.05:739][280]LightingResults: New page: Lighting Build
[2015.08.04-14.06.05:753][280]LogParticles: Destroying 0 GPU particle simulations for FXSystem 0x000000000E7E2160
[2015.08.04-14.06.05:892][280]LogAIModule: Creating AISystem for world Noob_land_01
[2015.08.04-14.06.05:973][280]LogEditorServer: Finished looking for orphan Actors (0.000 secs)
[2015.08.04-14.06.06:027][280]Cmd: MAP CHECKDEP NOCLEARLOG
[2015.08.04-14.06.06:087][280]MapCheck: Info Map check complete: 0 Error(s), 0 Warning(s), took 59.947ms to complete.
[2015.08.04-14.06.06:088][280]LogFileHelpers: Loading map 'Noob_land_01' took 0.386
[2015.08.04-14.06.06:105][281]Cmd: UpdateLandscapeEditorData -warnings
[2015.08.04-14.06.06:106][281]Cmd: UpdateLandscapeEditorData
[2015.08.04-14.06.54:744][806]LogD3D11RHI: InitD3DDevice
[2015.08.04-14.06.56:769][ 28]LogD3D11RHI: InitD3DDevice
[2015.08.04-14.06.57:687][124]LogD3D11RHI: InitD3DDevice
[2015.08.04-14.06.59:268][304]LogD3D11RHI: InitD3DDevice
[2015.08.04-14.06.59:331][305]LogD3D11RHI: InitD3DDevice
[2015.08.04-14.06.59:405][306]LogD3D11RHI: InitD3DDevice
[2015.08.04-14.06.59:580][315]LogD3D11RHI: InitD3DDevice
[2015.08.04-14.07.08:580][339]LogStaticMesh: Building static mesh RoadMesh...
[2015.08.04-14.07.08:600][339]LogD3D11RHI: InitD3DDevice
[2015.08.04-14.07.08:667][339]LogStaticMesh: Built static mesh [0.086430.2s] /Game/street_decor/RoadMesh.RoadMesh
[2015.08.04-14.07.08:761][339]LogD3D11RHI: InitD3DDevice
[2015.08.04-14.08.11:956][977]LogEditorViewport: Clicking on Actor (LMB): RoadGen_C (RoadGen)
[2015.08.04-14.08.37:327][788]LogEditorViewport: Clicking on Actor (LMB): RoadGen_C (RoadGen)
[2015.08.04-14.09.11:338][727]Cmd: MODE GRID=1
[2015.08.04-14.09.14:831][133]LogD3D11RHI: InitD3DDevice
[2015.08.04-14.09.34:289][383]LogD3D11RHI: InitD3DDevice
[2015.08.04-14.09.52:690][447]LogD3D11RHI: InitD3DDevice
[2015.08.04-14.10.15:891][135]LogD3D11RHI: InitD3DDevice
[2015.08.04-14.10.22:377][899]LogD3D11RHI: InitD3DDevice
[2015.08.04-14.10.33:901][183]LogEditorViewport: Clicking on Actor (LMB): RoadGen_C (RoadGen)
[2015.08.04-14.11.45:651][662]LogEditorViewport: Clicking on Actor (LMB): RoadGen_C (RoadGen)
[2015.08.04-14.12.06:958][ 95]Cmd: TRANSACTION UNDO
[2015.08.04-14.12.06:958][ 95]LogEditorTransaction: Undo Delete Spline Point
[2015.08.04-14.12.06:981][ 95]LogD3D11RHI: InitD3DDevice
[2015.08.04-14.14.58:485][961]LogD3D11RHI: InitD3DDevice
[2015.08.04-14.15.56:196][163]LogD3D11RHI: InitD3DDevice
[2015.08.04-14.16.05:500][475]LogD3D11RHI: InitD3DDevice
[2015.08.04-14.16.05:910][475]LogSavePackage: Save=128.375473ms
[2015.08.04-14.16.05:910][475]LogSavePackage: Moving '../../../../../../Users/Tokala/Documents/Unreal Projects/Game/Saved/Noob_land_01_Auto17A4FD801416E77AD453DB0B513ACA097.tmp' to '../../../../../../Users/Tokala/Documents/Unreal Projects/Game/Saved/Autosaves/Game/Maps/Noob_land_01_Auto1.umap'
[2015.08.04-14.16.05:913][475]LogFileHelpers: Editor autosave (incl. sublevels) for '/Game/Maps/Noob_land_01' took 0.279
[2015.08.04-14.16.05:913][475]LogFileHelpers: Editor autosave (incl. sublevels) for all levels took 0.279
[2015.08.04-14.17.18:048][725]LogEditorViewport: Clicking on Actor (LMB): RoadGen_C (RoadGen)
[2015.08.04-14.17.20:227][980]LogEditorViewport: Clicking on Actor (LMB): RoadGen_C (RoadGen)
[2015.08.04-14.17.48:487][283]Cmd: TRANSACTION UNDO
[2015.08.04-14.17.48:487][283]LogEditorTransaction: Undo Rotate Actors
[2015.08.04-14.17.48:510][283]LogD3D11RHI: InitD3DDevice
[2015.08.04-14.18.49:480][692]LogEditorViewport: Clicking on Actor (LMB): RoadGen_C (RoadGen)
[2015.08.04-14.19.17:894][896]LogEditorViewport: Clicking on Actor (LMB): RoadGen_C (RoadGen)
[2015.08.04-14.19.41:667][480]LogEditorViewport: Clicking on Actor (LMB): RoadGen_C (RoadGen)
[2015.08.04-14.19.42:487][574]LogEditorViewport: Clicking on Actor (LMB): Landscape (Landscape1)
[2015.08.04-14.19.45:880][920]LogEditorViewport: Clicking on Actor (LMB): RoadGen_C (RoadGen)
[2015.08.04-14.19.46:726][974]LogEditorViewport: Clicking on Actor (LMB): Landscape (Landscape1)
[2015.08.04-14.19.47:542][ 64]LogEditorViewport: Clicking on Actor (LMB): RoadGen_C (RoadGen)
[2015.08.04-14.19.57:566][250]LogEditorViewport: Clicking on Actor (LMB): Landscape (Landscape1)
[2015.08.04-14.19.58:406][344]LogEditorViewport: Clicking on Actor (LMB): RoadGen_C (RoadGen)
[2015.08.04-14.20.05:275][136]LogEditorViewport: Clicking on Actor (LMB): Landscape (Landscape1)
[2015.08.04-14.20.06:714][256]LogEditorViewport: Clicking on Actor (LMB): RoadGen_C (RoadGen)
[2015.08.04-14.26.26:026][641]LogD3D11RHI: InitD3DDevice
[2015.08.04-14.26.35:025][668]LogD3D11RHI: InitD3DDevice
[2015.08.04-14.26.35:370][668]LogSavePackage: Save=105.959564ms
[2015.08.04-14.26.35:370][668]LogSavePackage: Moving '../../../../../../Users/Tokala/Documents/Unreal Projects/Game/Saved/Noob_land_01_Auto24936F1EA4848D18BB7D348B2378E54CB.tmp' to '../../../../../../Users/Tokala/Documents/Unreal Projects/Game/Saved/Autosaves/Game/Maps/Noob_land_01_Auto2.umap'
[2015.08.04-14.26.35:373][668]LogFileHelpers: Editor autosave (incl. sublevels) for '/Game/Maps/Noob_land_01' took 0.202
[2015.08.04-14.26.35:373][668]LogFileHelpers: Editor autosave (incl. sublevels) for all levels took 0.202
[2015.08.04-14.26.53:747][727]LogEditorViewport: Clicking on Actor (LMB): Landscape (Landscape1)
[2015.08.04-14.26.54:773][843]LogEditorViewport: Clicking on Actor (LMB): RoadGen_C (RoadGen)
[2015.08.04-14.32.56:177][660]Cmd: TRANSACTION UNDO
[2015.08.04-14.32.56:177][660]LogEditorTransaction: Undo Move Actors
[2015.08.04-14.32.56:199][660]LogD3D11RHI: InitD3DDevice
[2015.08.04-14.32.57:238][759]Cmd: TRANSACTION UNDO
[2015.08.04-14.32.57:238][759]LogEditorTransaction: Undo Move Actors
[2015.08.04-14.35.11:283][808]Cmd: MODE ROTGRID=1
[2015.08.04-14.36.14:001][393]LogD3D11RHI: InitD3DDevice
[2015.08.04-14.36.32:814][355]LogEditorViewport: Clicking on Actor (LMB): RoadGen_C (RoadGen)
[2015.08.04-14.36.40:025][189]LogEditorViewport: Clicking on Actor (LMB): RoadGen_C (RoadGen2)
[2015.08.04-14.36.53:434][655]Cmd: TRANSACTION UNDO
[2015.08.04-14.36.53:434][655]LogEditorTransaction: Undo Move Actors
[2015.08.04-14.36.53:457][655]LogD3D11RHI: InitD3DDevice
[2015.08.04-14.36.53:894][676]Cmd: TRANSACTION UNDO
[2015.08.04-14.36.53:894][676]LogEditorTransaction: Undo Move Actors
[2015.08.04-14.36.54:234][712]Cmd: TRANSACTION UNDO
[2015.08.04-14.36.54:234][712]LogEditorTransaction: Undo Move Actors
[2015.08.04-14.36.54:527][746]Cmd: TRANSACTION UNDO
[2015.08.04-14.36.54:527][746]LogEditorTransaction: Undo Clicking on Actors
[2015.08.04-14.36.56:094][926]LogEditorViewport: Clicking on Actor (LMB): RoadGen_C (RoadGen2)
[2015.08.04-14.36.57:278][ 62]Cmd: TRANSACTION UNDO
[2015.08.04-14.36.57:278][ 62]LogEditorTransaction: Undo Clicking on Actors
[2015.08.04-14.36.58:012][146]LogEditorViewport: Clicking on Actor (LMB): RoadGen_C (RoadGen2)
[2015.08.04-14.37.28:373][732]LogD3D11RHI: InitD3DDevice
[2015.08.04-14.37.30:135][919]LogEditorViewport: Clicking on Actor (LMB): RoadGen_C (RoadGen)
[2015.08.04-14.38.25:151][185]LogEditorViewport: Clicking on Actor (LMB): RoadGen_C (RoadGen)
[2015.08.04-14.38.38:094][198]LogEditorViewport: Clicking on Actor (LMB): Landscape (Landscape1)
[2015.08.04-14.38.38:938][289]LogEditorViewport: Clicking on Actor (LMB): RoadGen_C (RoadGen)
[2015.08.04-14.39.10:827][293]LogD3D11RHI: InitD3DDevice
[2015.08.04-14.39.12:113][425]LogD3D11RHI: InitD3DDevice
[2015.08.04-14.39.27:432][954]LogEditorViewport: Clicking on Actor (LMB): Landscape (Landscape1)
[2015.08.04-14.39.28:146][ 24]LogEditorViewport: Clicking on Actor (LMB): RoadGen_C (RoadGen)
[2015.08.04-14.40.43:024][679]LogD3D11RHI: InitD3DDevice
[2015.08.04-14.40.43:340][679]LogSavePackage: Save=107.613396ms
[2015.08.04-14.40.43:340][679]LogSavePackage: Moving '../../../../../../Users/Tokala/Documents/Unreal Projects/Game/Saved/Noob_land_01_Auto35ED339FF43C3E13C0A38CD8B442D6A6C.tmp' to '../../../../../../Users/Tokala/Documents/Unreal Projects/Game/Saved/Autosaves/Game/Maps/Noob_land_01_Auto3.umap'
[2015.08.04-14.40.43:342][679]LogFileHelpers: Editor autosave (incl. sublevels) for '/Game/Maps/Noob_land_01' took 0.170
[2015.08.04-14.40.43:342][679]LogFileHelpers: Editor autosave (incl. sublevels) for all levels took 0.170
[2015.08.04-14.45.37:857][278]LogEditorViewport: Clicking on Actor (LMB): RoadGen_C (RoadGen)
[2015.08.04-14.45.40:363][532]Cmd: DELETE
[2015.08.04-14.45.40:363][532]Cmd: ACTOR DELETE
[2015.08.04-14.45.40:375][532]LogEditorActor: Deleted Actor: RoadGen_C
[2015.08.04-14.45.40:409][532]LogEditorActor: Deleted 1 Actors (0.035 secs)
[2015.08.04-14.45.41:760][693]LogEditorViewport: Clicking on Actor (LMB): RoadGen_C (RoadGen2)
[2015.08.04-14.45.42:464][767]Cmd: DELETE
[2015.08.04-14.45.42:464][767]Cmd: ACTOR DELETE
[2015.08.04-14.45.42:464][767]LogEditorActor: Deleted Actor: RoadGen_C
[2015.08.04-14.45.42:495][767]LogEditorActor: Deleted 1 Actors (0.032 secs)
[2015.08.04-14.45.53:043][970]LogD3D11RHI: InitD3DDevice
[2015.08.04-14.45.54:759][169]LogD3D11RHI: InitD3DDevice
[2015.08.04-14.45.54:796][169]LogD3D11RHI: InitD3DDevice
[2015.08.04-14.46.03:388][194]LogD3D11RHI: InitD3DDevice
[2015.08.04-14.46.11:618][138]LogD3D11RHI: InitD3DDevice
[2015.08.04-14.46.11:641][138]Cmd: OBJ SAVEPACKAGE PACKAGE="/Game/Maps/Noob_land_01" FILE="../../../../../../Users/Tokala/Documents/Unreal Projects/Game/Content/Maps/Noob_land_01.umap" SILENT=true AUTOSAVING=false KEEPDIRTY=false
[2015.08.04-14.46.11:785][138]LogSavePackage: Save=103.594879ms
[2015.08.04-14.46.11:785][138]LogSavePackage: Moving '../../../../../../Users/Tokala/Documents/Unreal Projects/Game/Saved/Noob_land_0199F30D334AED96551800C5BFDE648F42.tmp' to '../../../../../../Users/Tokala/Documents/Unreal Projects/Game/Content/Maps/Noob_land_01.umap'
[2015.08.04-14.46.19:186][969]Cmd: QUIT_EDITOR
[2015.08.04-14.46.19:470][969]LogExit: Preparing to exit.
[2015.08.04-14.46.20:042][969]LogExit: Editor shut down
[2015.08.04-14.46.20:043][969]LogExit: Transaction tracking system shut down
[2015.08.04-14.46.20:044][969]LogParticles: Destroying 0 GPU particle simulations for FXSystem 0x000000001E6579C0
[2015.08.04-14.46.20:044][969]LogParticles: Destroying 0 GPU particle simulations for FXSystem 0x000000000FE94F40
[2015.08.04-14.46.20:044][969]LogParticles: Destroying 0 GPU particle simulations for FXSystem 0x000000001DCA6340
[2015.08.04-14.46.20:044][969]LogParticles: Destroying 0 GPU particle simulations for FXSystem 0x000000000F3A40E0
[2015.08.04-14.46.20:044][969]LogParticles: Destroying 0 GPU particle simulations for FXSystem 0x00000000264BBCE0
[2015.08.04-14.46.20:201][969]LogExit: Object subsystem successfully closed.
[2015.08.04-14.46.20:213][969]LogD3D11RHI: Shutdown
[2015.08.04-14.46.20:213][969]LogD3D11RHI: CleanupD3DDevice
[2015.08.04-14.46.20:254][969]LogD3D11RHI: ~FD3D11DynamicRHI
[2015.08.04-14.46.20:273][969]LogModuleManager: Shutting down and abandoning module CrashTracker (188)
[2015.08.04-14.46.20:273][969]LogModuleManager: Shutting down and abandoning module SuperSearch (187)
[2015.08.04-14.46.20:273][969]LogModuleManager: Shutting down and abandoning module WidgetCarousel (186)
[2015.08.04-14.46.20:273][969]LogModuleManager: Shutting down and abandoning module AddContentDialog (185)
[2015.08.04-14.46.20:274][969]LogModuleManager: Shutting down and abandoning module EditorWidgets (184)
[2015.08.04-14.46.20:274][969]LogModuleManager: Shutting down and abandoning module CollectionManager (183)
[2015.08.04-14.46.20:274][969]LogModuleManager: Shutting down and abandoning module SceneOutliner (182)
[2015.08.04-14.46.20:274][969]LogModuleManager: Shutting down and abandoning module StatsViewer (181)
[2015.08.04-14.46.20:274][969]LogModuleManager: Shutting down and abandoning module FoliageEdit (180)
[2015.08.04-14.46.20:274][969]LogModuleManager: Shutting down and abandoning module LandscapeEditor (179)
[2015.08.04-14.46.20:274][969]LogModuleManager: Shutting down and abandoning module ActorPickerMode (178)
[2015.08.04-14.46.20:274][969]LogModuleManager: Shutting down and abandoning module GeometryMode (177)
[2015.08.04-14.46.20:274][969]LogModuleManager: Shutting down and abandoning module TextureAlignMode (176)
[2015.08.04-14.46.20:274][969]LogModuleManager: Shutting down and abandoning module BspMode (175)
[2015.08.04-14.46.20:274][969]LogModuleManager: Shutting down and abandoning module PlacementMode (174)
[2015.08.04-14.46.20:274][969]LogModuleManager: Shutting down and abandoning module AutomationWorker (173)
[2015.08.04-14.46.20:274][969]LogModuleManager: Shutting down and abandoning module CharacterAI (172)
[2015.08.04-14.46.20:274][969]LogModuleManager: Shutting down and abandoning module SmartSnapping (171)
[2015.08.04-14.46.20:274][969]LogModuleManager: Shutting down and abandoning module ViewportSnapping (170)
[2015.08.04-14.46.20:274][969]LogModuleManager: Shutting down and abandoning module LogVisualizer (169)
[2015.08.04-14.46.20:275][969]LogModuleManager: Shutting down and abandoning module GameProjectGeneration (168)
[2015.08.04-14.46.20:275][969]LogModuleManager: Shutting down and abandoning module IntroTutorials (167)
[2015.08.04-14.46.20:275][969]LogModuleManager: Shutting down and abandoning module EditorLiveStreaming (166)
[2015.08.04-14.46.20:275][969]LogModuleManager: Shutting down and abandoning module IOSPlatformEditor (165)
[2015.08.04-14.46.20:275][969]LogModuleManager: Shutting down and abandoning module HTML5PlatformEditor (164)
[2015.08.04-14.46.20:275][969]LogModuleManager: Shutting down and abandoning module AndroidDeviceDetection (163)
[2015.08.04-14.46.20:306][969]LogModuleManager: Shutting down and abandoning module AndroidPlatformEditor (162)
[2015.08.04-14.46.20:306][969]LogModuleManager: Shutting down and abandoning module IOSRuntimeSettings (161)
[2015.08.04-14.46.20:306][969]LogModuleManager: Shutting down and abandoning module AndroidRuntimeSettings (160)
[2015.08.04-14.46.20:306][969]LogModuleManager: Shutting down and abandoning module MergeActors (159)
[2015.08.04-14.46.20:306][969]LogModuleManager: Shutting down and abandoning module SizeMap (158)
[2015.08.04-14.46.20:306][969]LogModuleManager: Shutting down and abandoning module TreeMap (157)
[2015.08.04-14.46.20:306][969]LogModuleManager: Shutting down and abandoning module ReferenceViewer (156)
[2015.08.04-14.46.20:306][969]LogModuleManager: Shutting down and abandoning module LocalizationDashboard (155)
[2015.08.04-14.46.20:306][969]LogModuleManager: Shutting down and abandoning module HardwareTargeting (154)
[2015.08.04-14.46.20:306][969]LogModuleManager: Shutting down and abandoning module DeviceProfileEditor (153)
[2015.08.04-14.46.20:306][969]LogModuleManager: Shutting down and abandoning module UndoHistory (152)
[2015.08.04-14.46.20:306][969]LogModuleManager: Shutting down and abandoning module GameplayTagsEditor (151)
[2015.08.04-14.46.20:306][969]LogModuleManager: Shutting down and abandoning module UserFeedback (150)
[2015.08.04-14.46.20:306][969]LogModuleManager: Shutting down and abandoning module XmlParser (149)
[2015.08.04-14.46.20:306][969]LogModuleManager: Shutting down and abandoning module Blutility (148)
[2015.08.04-14.46.20:306][969]LogModuleManager: Shutting down and abandoning module ProjectTargetPlatformEditor (147)
[2015.08.04-14.46.20:306][969]LogModuleManager: Shutting down and abandoning module ProjectSettingsViewer (146)
[2015.08.04-14.46.20:306][969]LogModuleManager: Shutting down and abandoning module InputBindingEditor (145)
[2015.08.04-14.46.20:306][969]LogModuleManager: Shutting down and abandoning module EditorSettingsViewer (144)
[2015.08.04-14.46.20:306][969]LogModuleManager: Shutting down and abandoning module SettingsEditor (143)
[2015.08.04-14.46.20:306][969]LogModuleManager: Shutting down and abandoning module ProjectLauncher (142)
[2015.08.04-14.46.20:306][969]LogModuleManager: Shutting down and abandoning module SessionFrontend (141)
[2015.08.04-14.46.20:306][969]LogModuleManager: Shutting down and abandoning module ProfilerClient (140)
[2015.08.04-14.46.20:306][969]LogModuleManager: Shutting down and abandoning module TargetDeviceServices (139)
[2015.08.04-14.46.20:306][969]LogModuleManager: Shutting down and abandoning module DeviceManager (138)
[2015.08.04-14.46.20:306][969]LogModuleManager: Shutting down and abandoning module AutomationController (137)
[2015.08.04-14.46.20:306][969]LogModuleManager: Shutting down and abandoning module AutomationWindow (136)
[2015.08.04-14.46.20:306][969]LogModuleManager: Shutting down and abandoning module Layers (135)
[2015.08.04-14.46.20:306][969]LogModuleManager: Shutting down and abandoning module ComponentVisualizers (134)
[2015.08.04-14.46.20:306][969]LogModuleManager: Shutting down and abandoning module DetailCustomizations (133)
[2015.08.04-14.46.20:306][969]LogModuleManager: Shutting down and abandoning module PackagesDialog (132)
[2015.08.04-14.46.20:307][969]LogModuleManager: Shutting down and abandoning module AssetRegistry (131)
[2015.08.04-14.46.20:370][969]LogModuleManager: Shutting down and abandoning module Persona (130)
[2015.08.04-14.46.20:370][969]LogModuleManager: Shutting down and abandoning module Kismet (129)
[2015.08.04-14.46.20:370][969]LogModuleManager: Shutting down and abandoning module GraphEditor (128)
[2015.08.04-14.46.20:370][969]LogModuleManager: Shutting down and abandoning module ClassViewer (127)
[2015.08.04-14.46.20:370][969]LogModuleManager: Shutting down and abandoning module Toolbox (126)
[2015.08.04-14.46.20:370][969]LogModuleManager: Shutting down and abandoning module ModuleUI (125)
[2015.08.04-14.46.20:370][969]LogModuleManager: Shutting down and abandoning module MovieSceneTools (124)
[2015.08.04-14.46.20:370][969]LogModuleManager: Shutting down and abandoning module OutputLog (123)
[2015.08.04-14.46.20:370][969]LogModuleManager: Shutting down and abandoning module GammaUI (122)
[2015.08.04-14.46.20:370][969]LogModuleManager: Shutting down and abandoning module Documentation (121)
[2015.08.04-14.46.20:370][969]LogModuleManager: Shutting down and abandoning module GameLiveStreaming (120)
[2015.08.04-14.46.20:370][969]LogModuleManager: Shutting down and abandoning module StreamingPauseRendering (119)
[2015.08.04-14.46.20:370][969]LogModuleManager: Shutting down and abandoning module AnalyticsET (118)
[2015.08.04-14.46.20:370][969]LogModuleManager: Shutting down and abandoning module Analytics (117)
[2015.08.04-14.46.20:370][969]LogModuleManager: Shutting down and abandoning module AITestSuite (116)
[2015.08.04-14.46.20:370][969]LogModuleManager: Shutting down and abandoning module GameplayDebugger (115)
[2015.08.04-14.46.20:370][969]LogModuleManager: Shutting down and abandoning module AIModule (114)
[2015.08.04-14.46.20:370][969]LogModuleManager: Shutting down and abandoning module ProfilerService (113)
[2015.08.04-14.46.20:524][969]LogModuleManager: Shutting down and abandoning module TaskGraph (112)
[2015.08.04-14.46.20:524][969]LogModuleManager: Shutting down and abandoning module SlateRemote (111)
[2015.08.04-14.46.20:524][969]LogModuleManager: Shutting down and abandoning module SteamVRController (110)
[2015.08.04-14.46.20:524][969]LogModuleManager: Shutting down and abandoning module SteamVR (109)
[2015.08.04-14.46.20:524][969]LogModuleManager: Shutting down and abandoning module ProceduralMeshComponent (108)
[2015.08.04-14.46.20:524][969]LogModuleManager: Shutting down and abandoning module OculusRift (107)
[2015.08.04-14.46.20:524][969]LogModuleManager: Shutting down and abandoning module LeapMotionController (106)
[2015.08.04-14.46.20:551][969]LogModuleManager: Shutting down and abandoning module CustomMeshComponent (105)
[2015.08.04-14.46.20:552][969]LogModuleManager: Shutting down and abandoning module CableComponent (104)
[2015.08.04-14.46.20:552][969]LogModuleManager: Shutting down and abandoning module MessagingDebugger (103)
[2015.08.04-14.46.20:552][969]LogModuleManager: Shutting down and abandoning module MediaPlayerEditor (102)
[2015.08.04-14.46.20:552][969]LogModuleManager: Shutting down and abandoning module SpeedTreeImporter (101)
[2015.08.04-14.46.20:552][969]LogModuleManager: Shutting down and abandoning module PluginBrowser (100)
[2015.08.04-14.46.20:552][969]LogModuleManager: Shutting down and abandoning module EpicSurvey (99)
[2015.08.04-14.46.20:552][969]LogModuleManager: Shutting down and abandoning module DesktopPlatform (98)
[2015.08.04-14.46.20:552][969]LogModuleManager: Shutting down and abandoning module VisualStudioSourceCodeAccess (97)
[2015.08.04-14.46.20:552][969]LogModuleManager: Shutting down and abandoning module UObjectPlugin (96)
[2015.08.04-14.46.20:552][969]LogModuleManager: Shutting down and abandoning module SubversionSourceControl (95)
[2015.08.04-14.46.20:552][969]LogModuleManager: Shutting down and abandoning module PerforceSourceControl (94)
[2015.08.04-14.46.20:552][969]LogModuleManager: Shutting down and abandoning module SourceControl (93)
[2015.08.04-14.46.20:552][969]LogModuleManager: Shutting down and abandoning module GitSourceControl (92)
[2015.08.04-14.46.20:552][969]LogModuleManager: Shutting down and abandoning module BlankPlugin (91)
[2015.08.04-14.46.20:552][969]LogModuleManager: Shutting down and abandoning module PaperTiledImporter (90)
[2015.08.04-14.46.20:552][969]LogModuleManager: Shutting down and abandoning module PaperSpriteSheetImporter (89)
[2015.08.04-14.46.20:552][969]LogModuleManager: Shutting down and abandoning module MeshPaint (88)
[2015.08.04-14.46.20:552][969]LogModuleManager: Shutting down and abandoning module SlateReflector (87)
[2015.08.04-14.46.20:552][969]LogModuleManager: Shutting down and abandoning module DirectoryWatcher (86)
[2015.08.04-14.46.20:552][969]LogModuleManager: Shutting down and abandoning module HotReload (85)
[2015.08.04-14.46.20:552][969]LogModuleManager: Shutting down and abandoning module MainFrame (84)
[2015.08.04-14.46.20:552][969]LogModuleManager: Shutting down and abandoning module LevelEditor (83)
[2015.08.04-14.46.20:553][969]LogModuleManager: Shutting down and abandoning module ContentBrowser (82)
[2015.08.04-14.46.20:554][969]LogModuleManager: Shutting down and abandoning module Paper2DEditor (81)
[2015.08.04-14.46.20:554][969]LogModuleManager: Shutting down and abandoning module UdpMessaging (80)
[2015.08.04-14.46.20:654][969]LogModuleManager: Shutting down and abandoning module Paper2D (79)
[2015.08.04-14.46.20:654][969]LogModuleManager: Shutting down and abandoning module WindowsMoviePlayer (78)
[2015.08.04-14.46.20:658][969]LogModuleManager: Shutting down and abandoning module Media (77)
[2015.08.04-14.46.20:658][969]LogModuleManager: Shutting down and abandoning module WmfMedia (76)
[2015.08.04-14.46.20:658][969]LogModuleManager: Shutting down and abandoning module OnlineBlueprintSupport (75)
[2015.08.04-14.46.20:658][969]LogModuleManager: Shutting down and abandoning module PropertyEditor (74)
[2015.08.04-14.46.20:658][969]LogModuleManager: Shutting down and abandoning module BehaviorTreeEditor (73)
[2015.08.04-14.46.20:658][969]LogModuleManager: Shutting down and abandoning module FunctionalTesting (72)
[2015.08.04-14.46.20:658][969]LogModuleManager: Shutting down and abandoning module CollisionAnalyzer (71)
[2015.08.04-14.46.20:658][969]LogModuleManager: Shutting down and abandoning module WorkspaceMenuStructure (70)
[2015.08.04-14.46.20:658][969]LogModuleManager: Shutting down and abandoning module MessageLog (69)
[2015.08.04-14.46.20:658][969]LogModuleManager: Shutting down and abandoning module Sequencer (68)
[2015.08.04-14.46.20:658][969]LogModuleManager: Shutting down and abandoning module AssetTools (67)
[2015.08.04-14.46.20:658][969]LogModuleManager: Shutting down and abandoning module UMGEditor (66)
[2015.08.04-14.46.20:658][969]LogModuleManager: Shutting down and abandoning module UMG (65)
[2015.08.04-14.46.20:658][969]LogModuleManager: Shutting down and abandoning module Slate (64)
[2015.08.04-14.46.20:658][969]LogModuleManager: Shutting down and abandoning module EditorStyle (63)
[2015.08.04-14.46.20:661][969]LogModuleManager: Shutting down and abandoning module SessionServices (62)
[2015.08.04-14.46.20:661][969]LogModuleManager: Shutting down and abandoning module SourceCodeAccess (61)
[2015.08.04-14.46.20:661][969]LogModuleManager: Shutting down and abandoning module HeadMountedDisplay (60)
[2015.08.04-14.46.20:661][969]LogModuleManager: Shutting down and abandoning module XAudio2 (59)
[2015.08.04-14.46.20:661][969]LogModuleManager: Shutting down and abandoning module Networking (57)
[2015.08.04-14.46.20:661][969]LogModuleManager: Shutting down and abandoning module Core (56)
[2015.08.04-14.46.20:661][969]LogModuleManager: Shutting down and abandoning module KismetCompiler (55)
[2015.08.04-14.46.20:661][969]LogModuleManager: Shutting down and abandoning module PhysXFormats (54)
[2015.08.04-14.46.20:661][969]LogModuleManager: Shutting down and abandoning module MeshUtilities (53)
[2015.08.04-14.46.20:661][969]LogModuleManager: Shutting down and abandoning module DerivedDataCache (52)
[2015.08.04-14.46.20:724][969]LogDerivedDataCache: Shutdown
[2015.08.04-14.46.20:724][969]LogModuleManager: Shutting down and abandoning module ShaderFormatOpenGL (51)
[2015.08.04-14.46.20:724][969]LogModuleManager: Shutting down and abandoning module ShaderFormatD3D (50)
[2015.08.04-14.46.20:724][969]LogModuleManager: Shutting down and abandoning module MetalShaderFormat (49)
[2015.08.04-14.46.20:724][969]LogModuleManager: Shutting down and abandoning module TextureFormatUncompressed (48)
[2015.08.04-14.46.20:724][969]LogModuleManager: Shutting down and abandoning module TextureFormatPVR (47)
[2015.08.04-14.46.20:724][969]LogModuleManager: Shutting down and abandoning module TextureFormatIntelISPCTexComp (46)
[2015.08.04-14.46.20:724][969]LogModuleManager: Shutting down and abandoning module TextureFormatDXT (45)
[2015.08.04-14.46.20:724][969]LogModuleManager: Shutting down and abandoning module ImageWrapper (44)
[2015.08.04-14.46.20:724][969]LogModuleManager: Shutting down and abandoning module TextureFormatASTC (43)
[2015.08.04-14.46.20:724][969]LogModuleManager: Shutting down and abandoning module TextureFormatAndroid (42)
[2015.08.04-14.46.20:724][969]LogModuleManager: Shutting down and abandoning module AudioFormatOpus (41)
[2015.08.04-14.46.20:724][969]LogModuleManager: Shutting down and abandoning module AudioFormatOgg (40)
[2015.08.04-14.46.20:724][969]LogModuleManager: Shutting down and abandoning module AudioFormatADPCM (39)
[2015.08.04-14.46.20:724][969]LogModuleManager: Shutting down and abandoning module LinuxTargetPlatform (38)
[2015.08.04-14.46.20:724][969]LogModuleManager: Shutting down and abandoning module LinuxServerTargetPlatform (37)
[2015.08.04-14.46.20:724][969]LogModuleManager: Shutting down and abandoning module LinuxNoEditorTargetPlatform (36)
[2015.08.04-14.46.20:724][969]LogModuleManager: Shutting down and abandoning module Messaging (35)
[2015.08.04-14.46.20:724][969]LogModuleManager: Shutting down and abandoning module IOSTargetPlatform (34)
[2015.08.04-14.46.20:724][969]LogModuleManager: Shutting down and abandoning module HTML5TargetPlatform (33)
[2015.08.04-14.46.20:724][969]LogModuleManager: Shutting down and abandoning module Android_PVRTCTargetPlatform (32)
[2015.08.04-14.46.20:724][969]LogModuleManager: Shutting down and abandoning module Android_ETC2TargetPlatform (31)
[2015.08.04-14.46.20:724][969]LogModuleManager: Shutting down and abandoning module Android_ETC1TargetPlatform (30)
[2015.08.04-14.46.20:724][969]LogModuleManager: Shutting down and abandoning module Android_DXTTargetPlatform (29)
[2015.08.04-14.46.20:724][969]LogModuleManager: Shutting down and abandoning module Android_ATCTargetPlatform (28)
[2015.08.04-14.46.20:724][969]LogModuleManager: Shutting down and abandoning module Android_ASTCTargetPlatform (27)
[2015.08.04-14.46.20:724][969]LogModuleManager: Shutting down and abandoning module AndroidTargetPlatform (26)
[2015.08.04-14.46.20:724][969]LogModuleManager: Shutting down and abandoning module WindowsTargetPlatform (25)
[2015.08.04-14.46.20:724][969]LogModuleManager: Shutting down and abandoning module WindowsServerTargetPlatform (24)
[2015.08.04-14.46.20:724][969]LogModuleManager: Shutting down and abandoning module WindowsNoEditorTargetPlatform (23)
[2015.08.04-14.46.20:724][969]LogModuleManager: Shutting down and abandoning module WindowsClientTargetPlatform (22)
[2015.08.04-14.46.20:724][969]LogModuleManager: Shutting down and abandoning module DesktopTargetPlatform (21)
[2015.08.04-14.46.20:724][969]LogModuleManager: Shutting down and abandoning module TargetPlatform (20)
[2015.08.04-14.46.20:724][969]LogModuleManager: Shutting down and abandoning module InputCore (19)
[2015.08.04-14.46.20:724][969]LogModuleManager: Shutting down and abandoning module Settings (18)
[2015.08.04-14.46.20:724][969]LogModuleManager: Shutting down and abandoning module OnlineSubsystem (16)
[2015.08.04-14.46.20:724][969]LogModuleManager: Shutting down and abandoning module HTTP (15)
[2015.08.04-14.46.20:725][969]LogModuleManager: Shutting down and abandoning module ExampleDeviceProfileSelector (14)
[2015.08.04-14.46.20:725][969]LogModuleManager: Shutting down and abandoning module TextureCompressor (13)
[2015.08.04-14.46.20:725][969]LogModuleManager: Shutting down and abandoning module ShaderCore (12)
[2015.08.04-14.46.20:725][969]LogModuleManager: Shutting down and abandoning module Landscape (11)
[2015.08.04-14.46.20:725][969]LogModuleManager: Shutting down and abandoning module SlateRHIRenderer (10)
[2015.08.04-14.46.20:727][969]LogModuleManager: Shutting down and abandoning module OpenGLDrv (9)
[2015.08.04-14.46.20:727][969]LogModuleManager: Shutting down and abandoning module D3D11RHI (8)
[2015.08.04-14.46.20:727][969]LogModuleManager: Shutting down and abandoning module Renderer (7)
[2015.08.04-14.46.20:727][969]LogModuleManager: Shutting down and abandoning module Engine (6)
[2015.08.04-14.46.20:727][969]LogModuleManager: Shutting down and abandoning module CoreUObject (5)
[2015.08.04-14.46.20:727][969]LogModuleManager: Shutting down and abandoning module NetworkFile (4)
[2015.08.04-14.46.20:727][969]LogModuleManager: Shutting down and abandoning module StreamingFile (3)
[2015.08.04-14.46.20:727][969]LogModuleManager: Shutting down and abandoning module SandboxFile (2)
[2015.08.04-14.46.20:727][969]LogModuleManager: Shutting down and abandoning module PakFile (1)
[2015.08.04-14.46.20:728][969]LogExit: Exiting.
[2015.08.04-14.46.20:729][969]Log file closed, 08/04/15 16:46:20
