[2015.08.04-14.00.23:232][  0]Log file open, 08/04/15 16:00:23
[2015.08.04-14.00.23:232][  0]LogInit:Display: Running engine for game: game
[2015.08.04-14.00.23:232][  0]LogInit:Display: RandInit(-1495373719) SRandInit(-1495373719).
[2015.08.04-14.00.23:232][  0]LogTaskGraph: Started task graph with 4 named threads and 7 total threads.
[2015.08.04-14.00.23:232][  0]LogStats: Stats thread started
[2015.08.04-14.00.23:232][  0]LogInit: Version: 4.8.3-2634408+++depot+UE4-Releases+4.8
[2015.08.04-14.00.23:232][  0]LogInit: API Version: 2579680
[2015.08.04-14.00.23:232][  0]LogInit: Compiled (64-bit): Jul 27 2015 16:24:33
[2015.08.04-14.00.23:232][  0]LogInit: Compiled with Visual C++: 18.00.21005.01
[2015.08.04-14.00.23:232][  0]LogInit: Build Configuration: Development
[2015.08.04-14.00.23:232][  0]LogInit: Branch Name: ++depot+UE4-Releases+4.8
[2015.08.04-14.00.23:232][  0]LogInit: Command line:  
[2015.08.04-14.00.23:232][  0]LogInit: Base directory: C:/Program Files/Epic Games/4.8/Engine/Binaries/Win64/
[2015.08.04-14.00.23:232][  0]LogInit: Rocket: 1
[2015.08.04-14.00.23:356][  0]LogInit: Using libcurl 7.41.0
[2015.08.04-14.00.23:356][  0]LogInit:  - built for x86_64-pc-win32
[2015.08.04-14.00.23:356][  0]LogInit:  - supports SSL with WinSSL
[2015.08.04-14.00.23:356][  0]LogInit:  - other features:
[2015.08.04-14.00.23:356][  0]LogInit:      CURL_VERSION_SSL
[2015.08.04-14.00.23:356][  0]LogInit:      CURL_VERSION_IPV6
[2015.08.04-14.00.23:356][  0]LogInit:      CURL_VERSION_ASYNCHDNS
[2015.08.04-14.00.23:356][  0]LogInit:      CURL_VERSION_LARGEFILE
[2015.08.04-14.00.23:356][  0]LogInit:      CURL_VERSION_IDN
[2015.08.04-14.00.23:374][  0]LogInit:  CurlRequestOptions (configurable via config and command line):
[2015.08.04-14.00.23:375][  0]LogInit:  - bVerifyPeer = true  - Libcurl will verify peer certificate
[2015.08.04-14.00.23:375][  0]LogInit:  - bUseHttpProxy = false  - Libcurl will NOT use HTTP proxy
[2015.08.04-14.00.23:375][  0]LogInit:  - bDontReuseConnections = false  - Libcurl will reuse connections
[2015.08.04-14.00.23:375][  0]LogInit:  - CertBundlePath = nullptr  - Libcurl will use whatever was configured at build time.
[2015.08.04-14.00.23:422][  0]LogOnline:Warning: No default platform service specified for OnlineSubsystem
[2015.08.04-14.00.23:746][  0]LogInit: Presizing for 0 objects not considered by GC, pre-allocating 0 bytes.
[2015.08.04-14.00.24:029][  0]LogInit: Object subsystem initialized
[2015.08.04-14.00.24:182][  0]LogConsoleResponse:Warning: Skipping Unknown console variable: 'TranslucentSortAxis = (X=0.000000,Y=-1.000000,Z=0.000000)'
[2015.08.04-14.00.24:182][  0]LogConsoleResponse:Warning:   Found in ini file 'C:/Users/Tokala/Documents/Unreal Projects/Game/Saved/Config/Windows/Engine.ini', in section '[/Script/Engine.RendererSettings]'
[2015.08.04-14.00.24:182][  0]LogConsoleResponse:Warning: Skipping Unknown console variable: 'UIScaleRule = ShortestSide'
[2015.08.04-14.00.24:182][  0]LogConsoleResponse:Warning:   Found in ini file 'C:/Users/Tokala/Documents/Unreal Projects/Game/Saved/Config/Windows/Engine.ini', in section '[/Script/Engine.RendererSettings]'
[2015.08.04-14.00.24:182][  0]LogConsoleResponse:Warning: Skipping Unknown console variable: 'UIScaleCurve = (EditorCurveData=(Keys=),ExternalCurve=None)'
[2015.08.04-14.00.24:182][  0]LogConsoleResponse:Warning:   Found in ini file 'C:/Users/Tokala/Documents/Unreal Projects/Game/Saved/Config/Windows/Engine.ini', in section '[/Script/Engine.RendererSettings]'
[2015.08.04-14.00.24:368][  0]LogInit: Selected Device Profile: [Windows]
[2015.08.04-14.00.24:368][  0]LogInit: Applying CVar settings loaded from the selected device profile: [Windows]
[2015.08.04-14.00.24:547][  0]LogInit: Computer: TOKALA-OTHER-PC
[2015.08.04-14.00.24:547][  0]LogInit: User: Tokala
[2015.08.04-14.00.24:547][  0]LogInit: CPU Page size=4096, Cores=4
[2015.08.04-14.00.24:547][  0]LogInit: High frequency timer resolution =3.433857 MHz
[2015.08.04-14.00.24:547][  0]LogMemory: Memory total: Physical=16.0GB (16GB approx)
[2015.08.04-14.00.24:547][  0]LogMemory: Platform Memory Stats for Windows
[2015.08.04-14.00.24:547][  0]LogMemory: Process Physical Memory: 50.57 MB used, 50.57 MB peak
[2015.08.04-14.00.24:547][  0]LogMemory: Process Virtual Memory: 23.20 MB used, 24.03 MB peak
[2015.08.04-14.00.24:547][  0]LogMemory: Physical Memory: 7979.19 MB used, 16366.65 MB total
[2015.08.04-14.00.24:547][  0]LogMemory: Virtual Memory: 280.98 MB used, 8388608.00 MB total
[2015.08.04-14.00.26:690][  0]LogTextLocalizationManager: The requested culture ('en_US') has no localization data; parent culture's ('en') localization data will be used.
[2015.08.04-14.00.27:213][  0]LogTextLocalizationManager:Warning: Loaded localization resources contain conflicting entries for (Namespace:ContentBrowser, Key:ImportAssetToolTip):
Localization Resource: (C:/Program Files/Epic Games/4.8/Engine/Content/Localization/Editor/en/Editor.locres) Source String Hash: (-630476809) Localized String: (Import to {0}...)
Localization Resource: (C:/Program Files/Epic Games/4.8/Engine/Content/Localization/Editor/en/Editor.locres) Source String Hash: (1271782899) Localized String: (Imports an asset from file to this folder.)
[2015.08.04-14.00.28:569][  0]LogD3D11RHI: Found D3D11 adapter 0: AMD Radeon R9 200 Series (Feature Level 11_0)
[2015.08.04-14.00.28:569][  0]LogD3D11RHI: Adapter has 3054MB of dedicated video memory, 0MB of dedicated system memory, and 3840MB of shared system memory, 2 output[s]
[2015.08.04-14.00.28:570][  0]LogD3D11RHI: Chosen D3D11 Adapter Id = 0
[2015.08.04-14.00.28:579][  0]LogD3D11RHI: InitD3DDevice
[2015.08.04-14.00.28:579][  0]LogD3D11RHI: !Direct3DDevice
[2015.08.04-14.00.28:580][  0]LogRHI: Texture pool is 1361 MB (70% of 1945 MB)
[2015.08.04-14.00.28:625][  0]LogD3D11RHI: Async texture creation disabled: no driver support
[2015.08.04-14.00.29:133][  0]LogShaderCompilers:Display: Using Local Shader Compiler.
[2015.08.04-14.00.33:995][  0]LogTemp:Display: Loaded TP DesktopTargetPlatform
[2015.08.04-14.00.34:014][  0]LogTemp:Display: Loaded TP WindowsClientTargetPlatform
[2015.08.04-14.00.34:034][  0]LogTemp:Display: Loaded TP WindowsNoEditorTargetPlatform
[2015.08.04-14.00.34:054][  0]LogTemp:Display: Loaded TP WindowsServerTargetPlatform
[2015.08.04-14.00.34:094][  0]LogTemp:Display: Loaded TP WindowsTargetPlatform
[2015.08.04-14.00.34:126][  0]LogTemp:Display: Loaded TP AndroidTargetPlatform
[2015.08.04-14.00.34:144][  0]LogTemp:Display: Loaded TP Android_ASTCTargetPlatform
[2015.08.04-14.00.34:163][  0]LogTemp:Display: Loaded TP Android_ATCTargetPlatform
[2015.08.04-14.00.34:183][  0]LogTemp:Display: Loaded TP Android_DXTTargetPlatform
[2015.08.04-14.00.34:202][  0]LogTemp:Display: Loaded TP Android_ETC1TargetPlatform
[2015.08.04-14.00.34:220][  0]LogTemp:Display: Loaded TP Android_ETC2TargetPlatform
[2015.08.04-14.00.34:238][  0]LogTemp:Display: Loaded TP Android_PVRTCTargetPlatform
[2015.08.04-14.00.34:394][  0]LogTemp:Display: Loaded TP IOSTargetPlatform
[2015.08.04-14.00.34:413][  0]LogTemp:Display: Loaded TP LinuxNoEditorTargetPlatform
[2015.08.04-14.00.34:430][  0]LogTemp:Display: Loaded TP LinuxServerTargetPlatform
[2015.08.04-14.00.34:452][  0]LogTemp:Display: Loaded TP LinuxTargetPlatform
[2015.08.04-14.00.34:452][  0]LogTargetPlatformManager:Display: Building Assets For Windows
[2015.08.04-14.00.35:433][  0]LogDerivedDataCache:Display: Max Cache Size: 512 MB
[2015.08.04-14.00.37:039][  0]LogDerivedDataCache: Loaded boot cache 1.59s 53MB C:/Users/Tokala/AppData/Local/UnrealEngine/4.8/DerivedDataCache/Boot.ddc.
[2015.08.04-14.00.37:039][  0]LogDerivedDataCache:Display: Loaded Boot cache: C:/Users/Tokala/AppData/Local/UnrealEngine/4.8/DerivedDataCache/Boot.ddc
[2015.08.04-14.00.37:039][  0]LogDerivedDataCache: FDerivedDataBackendGraph:  Pak pak cache file ../../../../../../Users/Tokala/Documents/Unreal Projects/Game/DerivedDataCache/DDC.ddp not found, will not use a pak cache.
[2015.08.04-14.00.37:039][  0]LogDerivedDataCache: Unable to find inner node Pak for hierarchical cache Hierarchy.
[2015.08.04-14.00.37:039][  0]LogDerivedDataCache: FDerivedDataBackendGraph:  CompressedPak pak cache file ../../../../../../Users/Tokala/Documents/Unreal Projects/Game/DerivedDataCache/Compressed.ddp not found, will not use a pak cache.
[2015.08.04-14.00.37:039][  0]LogDerivedDataCache: Unable to find inner node CompressedPak for hierarchical cache Hierarchy.
[2015.08.04-14.00.37:308][  0]LogDerivedDataCache:Display: Pak cache opened for reading ../../../Engine/DerivedDataCache/Compressed.ddp.
[2015.08.04-14.00.37:344][  0]LogDerivedDataCache: Using Local data cache path C:/Users/Tokala/AppData/Local/UnrealEngine/Common/DerivedDataCache: Writable
[2015.08.04-14.00.47:677][  0]LogInit: Selected Device Profile: [Windows]
[2015.08.04-14.00.47:978][  0]ImportText (ComponentSweepMultiTests): Missing closing parenthesis: (RootShapeAsset="/Engine/BasicShapes/Cube.Cube",ShapeType="TriggerCapsule",HitResult=(Time=0.50,Location=(X=-100.000015,Y=0.0,Z=100.000015),ImpactPoint=(X=-50.0,Y=0.0,Z=50.0),Normal=(X=-1.0,Y=-0.0,Z=0.0),ImpactNormal=(X=0.0,Y=0.0,Z=1.0),TraceStart=(X=-200.0,Y=0.0,Z=200.0),TraceEnd=(X=0.0,Y=0.0,Z=0.0))
[2015.08.04-14.00.47:978][  0]ImportText (LineTraceSingleByChannelTests): Missing closing parenthesis: (RootShapeAsset="/Engine/BasicShapes/Cube.Cube",HitResult=(Time=0.50,Location=(X=-100.000015,Y=0.0,Z=100.000015),ImpactPoint=(X=-50.0,Y=0.0,Z=50.0),Normal=(X=-1.0,Y=-0.0,Z=0.0),ImpactNormal=(X=0.0,Y=0.0,Z=1.0),TraceStart=(X=-200.0,Y=0.0,Z=200.0),TraceEnd=(X=0.0,Y=0.0,Z=0.0))
[2015.08.04-14.00.48:362][  0]LogMeshUtilities: No automatic mesh reduction module available
[2015.08.04-14.00.48:362][  0]LogMeshUtilities: No automatic mesh merging module available
[2015.08.04-14.00.54:217][  0]LogInit: WinSock: version 1.1 (2.2), MaxSocks=32767, MaxUdp=65467
[2015.08.04-14.01.21:725][  0]UdpMessaging: Initializing bridge on interface 0.0.0.0:0 to multicast group 230.0.0.1:6666.
[2015.08.04-14.01.25:219][  0]SourceControl: Info Source control is disabled
[2015.08.04-14.01.26:883][  0]LogObj: 26273 objects as part of root set at end of initial load.
[2015.08.04-14.01.26:883][  0]LogUObjectAllocator: 5409248 out of 0 bytes used by permanent object pool.
[2015.08.04-14.01.27:864][  0]LogEngine: Initializing Engine...
[2015.08.04-14.01.27:911][  0]LogHMD: Can't find Oculus library dev build: is proper Runtime installed? Version: 0.6.0.0
[2015.08.04-14.01.28:367][  0]LogHMD:Warning: SteamVR failed to initialize.  Error: 108
[2015.08.04-14.01.29:844][  0]LogAIModule: Creating AISystem for world NewWorld
[2015.08.04-14.01.30:190][  0]LogInit: XAudio2 using 'Main Line 1 (Virtual Audio Cable)' : 2 channels at 48 kHz using 16 bits per sample (channel mask 0x3)
[2015.08.04-14.01.30:220][  0]LogInit: FAudioDevice initialized.
[2015.08.04-14.01.30:272][  0]LogDerivedDataCache: Saved boot cache 0.05s 53MB C:/Users/Tokala/AppData/Local/UnrealEngine/4.8/DerivedDataCache/Boot.ddc.
[2015.08.04-14.01.30:283][  0]LogInit: Texture streaming: Disabled
[2015.08.04-14.01.30:348][  0]LogAnalytics: Creating configured Analytics provider AnalyticsET
[2015.08.04-14.01.30:349][  0]LogAnalytics: [UEEditor.Rocket.Release] APIServer = http://et2.epicgames.com/ET2/. AppVersion = 4.8.3-2634408+++depot+UE4-Releases+4.8
[2015.08.04-14.01.30:349][  0]LogAnalytics: [UEEditor.Rocket.Release] SetUserId 65de31594905b462db7181a8aa4b7a14|f5b1aae818df46afbd515a2ebd6af19b|a0e22b3b-da03-459e-827f-7f7c36f8cd2d
[2015.08.04-14.01.30:355][  0]LogAnalytics: [UEEditor.Rocket.Release] AnalyticsET::StartSession
[2015.08.04-14.01.30:694][  0]LogInit: Transaction tracking system initialized
[2015.08.04-14.01.31:815][  0]BlueprintLog: New page: Editor Load
[2015.08.04-14.01.32:013][  0]LogAssetRegistry: FAssetRegistry took 0.0295 seconds to start up
[2015.08.04-14.01.32:030][  0]LogDirectoryWatcher:Warning: Failed to begin reading directory changes for ../../../Engine/Plugins/Experimental/CharacterAI/Content/. Error: 0
[2015.08.04-14.01.40:255][  0]LogConsoleManager:Warning: Console variable 'r.VSync' wasn't set ('GameSetting' has a lower priority than 'SystemSettingsIni')
[2015.08.04-14.01.40:256][  0]LogConsoleResponse:Display: 
[2015.08.04-14.01.43:521][  0]LogCook:Display: Done creating registry. It took  0.00s.
[2015.08.04-14.01.46:016][  0]Cmd: MAP LOAD FILE="../../../Engine/Content/Maps/Templates/Template_Default.umap" TEMPLATE=1 SHOWPROGRESS=1 FEATURELEVEL=3
[2015.08.04-14.01.46:090][  0]LightingResults: New page: Lighting Build
[2015.08.04-14.01.46:504][  0]MapCheck: New page: Map Check
[2015.08.04-14.01.46:504][  0]LightingResults: New page: Lighting Build
[2015.08.04-14.01.46:953][  0]LogParticles: Destroying 0 GPU particle simulations for FXSystem 0x000000001AEA0B80
[2015.08.04-14.01.50:741][  0]LogAIModule: Creating AISystem for world Untitled_1
[2015.08.04-14.01.51:941][  0]LogEditorServer: Finished looking for orphan Actors (0.000 secs)
[2015.08.04-14.01.51:960][  0]Cmd: MAP CHECKDEP NOCLEARLOG
[2015.08.04-14.01.52:137][  0]MapCheck: Info Map check complete: 0 Error(s), 0 Warning(s), took 176.662ms to complete.
[2015.08.04-14.01.52:137][  0]LogFileHelpers: Loading map 'Template_Default' took 6.187
[2015.08.04-14.01.54:967][  0]LogCollectionManager: Loaded 0 collections in 0.003114 seconds
[2015.08.04-14.01.55:011][  0]LogContentBrowser: Native class hierarchy populated in 0.0435 seconds. Added 1793 classes and 303 folders.
[2015.08.04-14.01.55:496][  0]LogContentBrowser: Native class hierarchy updated for 'WidgetCarousel' in 0.0004 seconds. Added 0 classes and 0 folders.
[2015.08.04-14.01.56:084][  0]LogContentBrowser: Native class hierarchy updated for 'AddContentDialog' in 0.0004 seconds. Added 0 classes and 0 folders.
[2015.08.04-14.01.57:883][  0]LogCrashTracker: Crashtracker disabled due to settings.
[2015.08.04-14.01.57:973][  0]LogD3D11RHI: InitD3DDevice
[2015.08.04-14.01.58:008][  0]LogUObjectGlobals:Warning: Failed to find object 'Class None.'
[2015.08.04-14.01.58:090][  0]LogLoad: Full Startup: 109.03 seconds (BP compile: 1.38 seconds)
[2015.08.04-14.01.59:106][  0]LogContentStreaming: Texture pool size is 0.000000MB
[2015.08.04-14.01.59:273][  0]LogContentStreaming: Texture pool size now 200 MB
[2015.08.04-14.02.00:044][  0]LogRenderer: Reallocating scene render targets to support 1456x928 (Frame:2).
[2015.08.04-14.02.02:542][  7]LogAssetRegistry: Asset discovery search completed in 30.5434 seconds
[2015.08.04-14.02.11:267][148]LogD3D11RHI: InitD3DDevice
[2015.08.04-14.02.21:167][321]LogD3D11RHI: InitD3DDevice
[2015.08.04-14.02.21:569][321]LogUObjectGlobals:Warning: Guid is in use by ArrowComponent /Temp/Untitled_1.Untitled_1:PersistentLevel.LightSource.ArrowComponent0 and ArrowComponent /Game/Maps/Noob_land_01.Noob_land_01:PersistentLevel.LightSource.ArrowComponent0, which should never happen in the editor but could happen at runtime with duplicate level loading or PIE
[2015.08.04-14.02.21:569][321]LogUObjectGlobals:Warning: Guid is in use by ArrowComponent /Temp/Untitled_1.Untitled_1:PersistentLevel.PlayerStart.Arrow and ArrowComponent /Game/Maps/Noob_land_01.Noob_land_01:PersistentLevel.PlayerStart.Arrow, which should never happen in the editor but could happen at runtime with duplicate level loading or PIE
[2015.08.04-14.02.21:569][321]LogUObjectGlobals:Warning: Guid is in use by BillboardComponent /Temp/Untitled_1.Untitled_1:PersistentLevel.PlayerStart.Sprite and BillboardComponent /Game/Maps/Noob_land_01.Noob_land_01:PersistentLevel.PlayerStart.Sprite, which should never happen in the editor but could happen at runtime with duplicate level loading or PIE
[2015.08.04-14.02.21:569][321]LogUObjectGlobals:Warning: Guid is in use by BillboardComponent /Temp/Untitled_1.Untitled_1:PersistentLevel.PlayerStart.Sprite2 and BillboardComponent /Game/Maps/Noob_land_01.Noob_land_01:PersistentLevel.PlayerStart.Sprite2, which should never happen in the editor but could happen at runtime with duplicate level loading or PIE
[2015.08.04-14.02.21:569][321]LogUObjectGlobals:Warning: Guid is in use by BillboardComponent /Temp/Untitled_1.Untitled_1:PersistentLevel.SkyLight_1.Sprite and BillboardComponent /Game/Maps/Noob_land_01.Noob_land_01:PersistentLevel.SkyLight_1.Sprite, which should never happen in the editor but could happen at runtime with duplicate level loading or PIE
[2015.08.04-14.02.21:569][321]LogUObjectGlobals:Warning: Guid is in use by CapsuleComponent /Temp/Untitled_1.Untitled_1:PersistentLevel.PlayerStart.CollisionCapsule and CapsuleComponent /Game/Maps/Noob_land_01.Noob_land_01:PersistentLevel.PlayerStart.CollisionCapsule, which should never happen in the editor but could happen at runtime with duplicate level loading or PIE
[2015.08.04-14.02.21:570][321]LogUObjectGlobals:Warning: Guid is in use by DirectionalLightComponent /Temp/Untitled_1.Untitled_1:PersistentLevel.LightSource.LightComponent0 and DirectionalLightComponent /Game/Maps/Noob_land_01.Noob_land_01:PersistentLevel.LightSource.LightComponent0, which should never happen in the editor but could happen at runtime with duplicate level loading or PIE
[2015.08.04-14.02.21:801][321]LogUObjectGlobals:Warning: Guid is in use by SkyLightComponent /Temp/Untitled_1.Untitled_1:PersistentLevel.SkyLight_1.SkyLightComponent0 and SkyLightComponent /Game/Maps/Noob_land_01.Noob_land_01:PersistentLevel.SkyLight_1.SkyLightComponent0, which should never happen in the editor but could happen at runtime with duplicate level loading or PIE
[2015.08.04-14.02.24:033][321]LogMaterial: Missing cached shader map for material Material, compiling. 
[2015.08.04-14.02.24:182][321]LogAIModule: Creating AISystem for world Noob_land_01
[2015.08.04-14.02.24:482][321]Cmd: MAP LOAD FILE="../../../../../../Users/Tokala/Documents/Unreal Projects/Game/Content/Maps/Noob_land_01.umap" TEMPLATE=0 SHOWPROGRESS=1 FEATURELEVEL=3
[2015.08.04-14.02.24:482][321]LightingResults: New page: Lighting Build
[2015.08.04-14.02.24:517][321]LoadErrors: New page: Loading map: Noob_land_01.umap
[2015.08.04-14.02.24:535][321]MapCheck: New page: Map Check
[2015.08.04-14.02.24:535][321]LightingResults: New page: Lighting Build
[2015.08.04-14.02.24:618][321]LogParticles: Destroying 0 GPU particle simulations for FXSystem 0x000000000F049D00
[2015.08.04-14.02.24:876][321]LogAIModule: Creating AISystem for world Noob_land_01
[2015.08.04-14.02.31:450][321]LogEditorServer: Finished looking for orphan Actors (0.000 secs)
[2015.08.04-14.02.31:497][321]Cmd: MAP CHECKDEP NOCLEARLOG
[2015.08.04-14.02.31:548][321]MapCheck: Info Map check complete: 0 Error(s), 0 Warning(s), took 50.646ms to complete.
[2015.08.04-14.02.31:548][321]LogFileHelpers: Loading map 'Noob_land_01' took 7.067
[2015.08.04-14.02.31:682][322]Cmd: UpdateLandscapeEditorData -warnings
[2015.08.04-14.02.31:787][322]Cmd: UpdateLandscapeEditorData
[2015.08.04-14.05.29:796][441]Cmd: QUIT_EDITOR
[2015.08.04-14.05.30:168][441]LogExit: Preparing to exit.
[2015.08.04-14.05.30:927][441]LogExit: Editor shut down
[2015.08.04-14.05.30:927][441]LogExit: Transaction tracking system shut down
[2015.08.04-14.05.30:929][441]LogParticles: Destroying 0 GPU particle simulations for FXSystem 0x000000001F5CE660
[2015.08.04-14.05.30:929][441]LogParticles: Destroying 0 GPU particle simulations for FXSystem 0x000000000E9DACA0
[2015.08.04-14.05.30:929][441]LogParticles: Destroying 0 GPU particle simulations for FXSystem 0x00000000265C3380
[2015.08.04-14.05.31:560][441]LogParticles: Destroying 0 GPU particle simulations for FXSystem 0x000000001F5CD8A0
[2015.08.04-14.05.31:560][441]LogExit: Object subsystem successfully closed.
[2015.08.04-14.05.31:680][441]LogD3D11RHI: Shutdown
[2015.08.04-14.05.31:680][441]LogD3D11RHI: CleanupD3DDevice
[2015.08.04-14.05.31:747][441]LogD3D11RHI: ~FD3D11DynamicRHI
[2015.08.04-14.05.31:811][441]LogModuleManager: Shutting down and abandoning module CrashTracker (188)
[2015.08.04-14.05.31:811][441]LogModuleManager: Shutting down and abandoning module SuperSearch (187)
[2015.08.04-14.05.31:811][441]LogModuleManager: Shutting down and abandoning module WidgetCarousel (186)
[2015.08.04-14.05.31:811][441]LogModuleManager: Shutting down and abandoning module AddContentDialog (185)
[2015.08.04-14.05.31:830][441]LogModuleManager: Shutting down and abandoning module EditorWidgets (184)
[2015.08.04-14.05.31:830][441]LogModuleManager: Shutting down and abandoning module CollectionManager (183)
[2015.08.04-14.05.31:830][441]LogModuleManager: Shutting down and abandoning module SceneOutliner (182)
[2015.08.04-14.05.31:830][441]LogModuleManager: Shutting down and abandoning module StatsViewer (181)
[2015.08.04-14.05.31:830][441]LogModuleManager: Shutting down and abandoning module FoliageEdit (180)
[2015.08.04-14.05.31:830][441]LogModuleManager: Shutting down and abandoning module LandscapeEditor (179)
[2015.08.04-14.05.31:861][441]LogModuleManager: Shutting down and abandoning module ActorPickerMode (178)
[2015.08.04-14.05.31:861][441]LogModuleManager: Shutting down and abandoning module GeometryMode (177)
[2015.08.04-14.05.31:861][441]LogModuleManager: Shutting down and abandoning module TextureAlignMode (176)
[2015.08.04-14.05.31:861][441]LogModuleManager: Shutting down and abandoning module BspMode (175)
[2015.08.04-14.05.31:861][441]LogModuleManager: Shutting down and abandoning module PlacementMode (174)
[2015.08.04-14.05.31:861][441]LogModuleManager: Shutting down and abandoning module AutomationWorker (173)
[2015.08.04-14.05.31:861][441]LogModuleManager: Shutting down and abandoning module CharacterAI (172)
[2015.08.04-14.05.31:861][441]LogModuleManager: Shutting down and abandoning module SmartSnapping (171)
[2015.08.04-14.05.31:861][441]LogModuleManager: Shutting down and abandoning module ViewportSnapping (170)
[2015.08.04-14.05.31:861][441]LogModuleManager: Shutting down and abandoning module LogVisualizer (169)
[2015.08.04-14.05.31:861][441]LogModuleManager: Shutting down and abandoning module GameProjectGeneration (168)
[2015.08.04-14.05.31:869][441]LogModuleManager: Shutting down and abandoning module IntroTutorials (167)
[2015.08.04-14.05.31:887][441]LogModuleManager: Shutting down and abandoning module EditorLiveStreaming (166)
[2015.08.04-14.05.31:887][441]LogModuleManager: Shutting down and abandoning module IOSPlatformEditor (165)
[2015.08.04-14.05.31:887][441]LogModuleManager: Shutting down and abandoning module HTML5PlatformEditor (164)
[2015.08.04-14.05.31:887][441]LogModuleManager: Shutting down and abandoning module AndroidDeviceDetection (163)
[2015.08.04-14.05.32:368][441]LogModuleManager: Shutting down and abandoning module AndroidPlatformEditor (162)
[2015.08.04-14.05.32:368][441]LogModuleManager: Shutting down and abandoning module IOSRuntimeSettings (161)
[2015.08.04-14.05.32:368][441]LogModuleManager: Shutting down and abandoning module AndroidRuntimeSettings (160)
[2015.08.04-14.05.32:368][441]LogModuleManager: Shutting down and abandoning module MergeActors (159)
[2015.08.04-14.05.32:414][441]LogModuleManager: Shutting down and abandoning module SizeMap (158)
[2015.08.04-14.05.32:414][441]LogModuleManager: Shutting down and abandoning module TreeMap (157)
[2015.08.04-14.05.32:421][441]LogModuleManager: Shutting down and abandoning module ReferenceViewer (156)
[2015.08.04-14.05.32:421][441]LogModuleManager: Shutting down and abandoning module LocalizationDashboard (155)
[2015.08.04-14.05.32:421][441]LogModuleManager: Shutting down and abandoning module HardwareTargeting (154)
[2015.08.04-14.05.32:421][441]LogModuleManager: Shutting down and abandoning module DeviceProfileEditor (153)
[2015.08.04-14.05.32:421][441]LogModuleManager: Shutting down and abandoning module UndoHistory (152)
[2015.08.04-14.05.32:421][441]LogModuleManager: Shutting down and abandoning module GameplayTagsEditor (151)
[2015.08.04-14.05.32:421][441]LogModuleManager: Shutting down and abandoning module UserFeedback (150)
[2015.08.04-14.05.32:421][441]LogModuleManager: Shutting down and abandoning module XmlParser (149)
[2015.08.04-14.05.32:421][441]LogModuleManager: Shutting down and abandoning module Blutility (148)
[2015.08.04-14.05.32:421][441]LogModuleManager: Shutting down and abandoning module ProjectTargetPlatformEditor (147)
[2015.08.04-14.05.32:421][441]LogModuleManager: Shutting down and abandoning module ProjectSettingsViewer (146)
[2015.08.04-14.05.32:421][441]LogModuleManager: Shutting down and abandoning module InputBindingEditor (145)
[2015.08.04-14.05.32:421][441]LogModuleManager: Shutting down and abandoning module EditorSettingsViewer (144)
[2015.08.04-14.05.32:421][441]LogModuleManager: Shutting down and abandoning module SettingsEditor (143)
[2015.08.04-14.05.32:421][441]LogModuleManager: Shutting down and abandoning module ProjectLauncher (142)
[2015.08.04-14.05.32:421][441]LogModuleManager: Shutting down and abandoning module SessionFrontend (141)
[2015.08.04-14.05.32:421][441]LogModuleManager: Shutting down and abandoning module ProfilerClient (140)
[2015.08.04-14.05.32:430][441]LogModuleManager: Shutting down and abandoning module TargetDeviceServices (139)
[2015.08.04-14.05.32:430][441]LogModuleManager: Shutting down and abandoning module DeviceManager (138)
[2015.08.04-14.05.32:430][441]LogModuleManager: Shutting down and abandoning module AutomationController (137)
[2015.08.04-14.05.32:430][441]LogModuleManager: Shutting down and abandoning module AutomationWindow (136)
[2015.08.04-14.05.32:436][441]LogModuleManager: Shutting down and abandoning module Layers (135)
[2015.08.04-14.05.32:436][441]LogModuleManager: Shutting down and abandoning module ComponentVisualizers (134)
[2015.08.04-14.05.32:436][441]LogModuleManager: Shutting down and abandoning module DetailCustomizations (133)
[2015.08.04-14.05.32:436][441]LogModuleManager: Shutting down and abandoning module PackagesDialog (132)
[2015.08.04-14.05.32:442][441]LogModuleManager: Shutting down and abandoning module AssetRegistry (131)
[2015.08.04-14.05.32:563][441]LogModuleManager: Shutting down and abandoning module Persona (130)
[2015.08.04-14.05.32:581][441]LogModuleManager: Shutting down and abandoning module Kismet (129)
[2015.08.04-14.05.32:594][441]LogModuleManager: Shutting down and abandoning module GraphEditor (128)
[2015.08.04-14.05.32:645][441]LogModuleManager: Shutting down and abandoning module ClassViewer (127)
[2015.08.04-14.05.32:645][441]LogModuleManager: Shutting down and abandoning module Toolbox (126)
[2015.08.04-14.05.32:645][441]LogModuleManager: Shutting down and abandoning module ModuleUI (125)
[2015.08.04-14.05.32:665][441]LogModuleManager: Shutting down and abandoning module MovieSceneTools (124)
[2015.08.04-14.05.32:680][441]LogModuleManager: Shutting down and abandoning module OutputLog (123)
[2015.08.04-14.05.32:680][441]LogModuleManager: Shutting down and abandoning module GammaUI (122)
[2015.08.04-14.05.32:689][441]LogModuleManager: Shutting down and abandoning module Documentation (121)
[2015.08.04-14.05.32:689][441]LogModuleManager: Shutting down and abandoning module GameLiveStreaming (120)
[2015.08.04-14.05.32:689][441]LogModuleManager: Shutting down and abandoning module StreamingPauseRendering (119)
[2015.08.04-14.05.32:689][441]LogModuleManager: Shutting down and abandoning module AnalyticsET (118)
[2015.08.04-14.05.32:689][441]LogModuleManager: Shutting down and abandoning module Analytics (117)
[2015.08.04-14.05.32:689][441]LogModuleManager: Shutting down and abandoning module AITestSuite (116)
[2015.08.04-14.05.32:689][441]LogModuleManager: Shutting down and abandoning module GameplayDebugger (115)
[2015.08.04-14.05.32:689][441]LogModuleManager: Shutting down and abandoning module AIModule (114)
[2015.08.04-14.05.32:689][441]LogModuleManager: Shutting down and abandoning module ProfilerService (113)
[2015.08.04-14.05.32:879][441]LogModuleManager: Shutting down and abandoning module TaskGraph (112)
[2015.08.04-14.05.32:913][441]LogModuleManager: Shutting down and abandoning module SlateRemote (111)
[2015.08.04-14.05.32:913][441]LogModuleManager: Shutting down and abandoning module SteamVRController (110)
[2015.08.04-14.05.32:913][441]LogModuleManager: Shutting down and abandoning module SteamVR (109)
[2015.08.04-14.05.32:913][441]LogModuleManager: Shutting down and abandoning module ProceduralMeshComponent (108)
[2015.08.04-14.05.32:913][441]LogModuleManager: Shutting down and abandoning module OculusRift (107)
[2015.08.04-14.05.32:913][441]LogModuleManager: Shutting down and abandoning module LeapMotionController (106)
[2015.08.04-14.05.32:944][441]LogModuleManager: Shutting down and abandoning module CustomMeshComponent (105)
[2015.08.04-14.05.32:944][441]LogModuleManager: Shutting down and abandoning module CableComponent (104)
[2015.08.04-14.05.32:944][441]LogModuleManager: Shutting down and abandoning module MessagingDebugger (103)
[2015.08.04-14.05.32:972][441]LogModuleManager: Shutting down and abandoning module MediaPlayerEditor (102)
[2015.08.04-14.05.32:987][441]LogModuleManager: Shutting down and abandoning module SpeedTreeImporter (101)
[2015.08.04-14.05.32:987][441]LogModuleManager: Shutting down and abandoning module PluginBrowser (100)
[2015.08.04-14.05.32:988][441]LogModuleManager: Shutting down and abandoning module EpicSurvey (99)
[2015.08.04-14.05.32:988][441]LogModuleManager: Shutting down and abandoning module DesktopPlatform (98)
[2015.08.04-14.05.32:988][441]LogModuleManager: Shutting down and abandoning module VisualStudioSourceCodeAccess (97)
[2015.08.04-14.05.32:988][441]LogModuleManager: Shutting down and abandoning module UObjectPlugin (96)
[2015.08.04-14.05.32:988][441]LogModuleManager: Shutting down and abandoning module SubversionSourceControl (95)
[2015.08.04-14.05.32:988][441]LogModuleManager: Shutting down and abandoning module PerforceSourceControl (94)
[2015.08.04-14.05.33:003][441]LogModuleManager: Shutting down and abandoning module SourceControl (93)
[2015.08.04-14.05.33:021][441]LogModuleManager: Shutting down and abandoning module GitSourceControl (92)
[2015.08.04-14.05.33:021][441]LogModuleManager: Shutting down and abandoning module BlankPlugin (91)
[2015.08.04-14.05.33:021][441]LogModuleManager: Shutting down and abandoning module PaperTiledImporter (90)
[2015.08.04-14.05.33:021][441]LogModuleManager: Shutting down and abandoning module PaperSpriteSheetImporter (89)
[2015.08.04-14.05.33:021][441]LogModuleManager: Shutting down and abandoning module MeshPaint (88)
[2015.08.04-14.05.33:021][441]LogModuleManager: Shutting down and abandoning module SlateReflector (87)
[2015.08.04-14.05.33:035][441]LogModuleManager: Shutting down and abandoning module DirectoryWatcher (86)
[2015.08.04-14.05.33:036][441]LogModuleManager: Shutting down and abandoning module HotReload (85)
[2015.08.04-14.05.33:036][441]LogModuleManager: Shutting down and abandoning module MainFrame (84)
[2015.08.04-14.05.33:036][441]LogModuleManager: Shutting down and abandoning module LevelEditor (83)
[2015.08.04-14.05.33:060][441]LogModuleManager: Shutting down and abandoning module ContentBrowser (82)
[2015.08.04-14.05.33:060][441]LogModuleManager: Shutting down and abandoning module Paper2DEditor (81)
[2015.08.04-14.05.33:076][441]LogModuleManager: Shutting down and abandoning module UdpMessaging (80)
[2015.08.04-14.05.33:176][441]LogModuleManager: Shutting down and abandoning module Paper2D (79)
[2015.08.04-14.05.33:176][441]LogModuleManager: Shutting down and abandoning module WindowsMoviePlayer (78)
[2015.08.04-14.05.33:180][441]LogModuleManager: Shutting down and abandoning module Media (77)
[2015.08.04-14.05.33:180][441]LogModuleManager: Shutting down and abandoning module WmfMedia (76)
[2015.08.04-14.05.33:194][441]LogModuleManager: Shutting down and abandoning module OnlineBlueprintSupport (75)
[2015.08.04-14.05.33:194][441]LogModuleManager: Shutting down and abandoning module PropertyEditor (74)
[2015.08.04-14.05.33:194][441]LogModuleManager: Shutting down and abandoning module BehaviorTreeEditor (73)
[2015.08.04-14.05.33:215][441]LogModuleManager: Shutting down and abandoning module FunctionalTesting (72)
[2015.08.04-14.05.33:215][441]LogModuleManager: Shutting down and abandoning module CollisionAnalyzer (71)
[2015.08.04-14.05.33:232][441]LogModuleManager: Shutting down and abandoning module WorkspaceMenuStructure (70)
[2015.08.04-14.05.33:232][441]LogModuleManager: Shutting down and abandoning module MessageLog (69)
[2015.08.04-14.05.33:233][441]LogModuleManager: Shutting down and abandoning module Sequencer (68)
[2015.08.04-14.05.33:279][441]LogModuleManager: Shutting down and abandoning module AssetTools (67)
[2015.08.04-14.05.33:292][441]LogModuleManager: Shutting down and abandoning module UMGEditor (66)
[2015.08.04-14.05.33:353][441]LogModuleManager: Shutting down and abandoning module UMG (65)
[2015.08.04-14.05.33:409][441]LogModuleManager: Shutting down and abandoning module Slate (64)
[2015.08.04-14.05.33:409][441]LogModuleManager: Shutting down and abandoning module EditorStyle (63)
[2015.08.04-14.05.33:412][441]LogModuleManager: Shutting down and abandoning module SessionServices (62)
[2015.08.04-14.05.33:412][441]LogModuleManager: Shutting down and abandoning module SourceCodeAccess (61)
[2015.08.04-14.05.33:412][441]LogModuleManager: Shutting down and abandoning module HeadMountedDisplay (60)
[2015.08.04-14.05.33:412][441]LogModuleManager: Shutting down and abandoning module XAudio2 (59)
[2015.08.04-14.05.33:412][441]LogModuleManager: Shutting down and abandoning module Networking (57)
[2015.08.04-14.05.33:412][441]LogModuleManager: Shutting down and abandoning module Core (56)
[2015.08.04-14.05.33:412][441]LogModuleManager: Shutting down and abandoning module KismetCompiler (55)
[2015.08.04-14.05.33:412][441]LogModuleManager: Shutting down and abandoning module PhysXFormats (54)
[2015.08.04-14.05.33:412][441]LogModuleManager: Shutting down and abandoning module MeshUtilities (53)
[2015.08.04-14.05.33:428][441]LogModuleManager: Shutting down and abandoning module DerivedDataCache (52)
[2015.08.04-14.05.33:470][441]LogDerivedDataCache: Shutdown
[2015.08.04-14.05.33:470][441]LogModuleManager: Shutting down and abandoning module ShaderFormatOpenGL (51)
[2015.08.04-14.05.33:520][441]LogModuleManager: Shutting down and abandoning module ShaderFormatD3D (50)
[2015.08.04-14.05.33:520][441]LogModuleManager: Shutting down and abandoning module MetalShaderFormat (49)
[2015.08.04-14.05.33:556][441]LogModuleManager: Shutting down and abandoning module TextureFormatUncompressed (48)
[2015.08.04-14.05.33:556][441]LogModuleManager: Shutting down and abandoning module TextureFormatPVR (47)
[2015.08.04-14.05.33:556][441]LogModuleManager: Shutting down and abandoning module TextureFormatIntelISPCTexComp (46)
[2015.08.04-14.05.33:556][441]LogModuleManager: Shutting down and abandoning module TextureFormatDXT (45)
[2015.08.04-14.05.33:556][441]LogModuleManager: Shutting down and abandoning module ImageWrapper (44)
[2015.08.04-14.05.33:556][441]LogModuleManager: Shutting down and abandoning module TextureFormatASTC (43)
[2015.08.04-14.05.33:556][441]LogModuleManager: Shutting down and abandoning module TextureFormatAndroid (42)
[2015.08.04-14.05.33:556][441]LogModuleManager: Shutting down and abandoning module AudioFormatOpus (41)
[2015.08.04-14.05.33:556][441]LogModuleManager: Shutting down and abandoning module AudioFormatOgg (40)
[2015.08.04-14.05.33:556][441]LogModuleManager: Shutting down and abandoning module AudioFormatADPCM (39)
[2015.08.04-14.05.33:556][441]LogModuleManager: Shutting down and abandoning module LinuxTargetPlatform (38)
[2015.08.04-14.05.33:556][441]LogModuleManager: Shutting down and abandoning module LinuxServerTargetPlatform (37)
[2015.08.04-14.05.33:556][441]LogModuleManager: Shutting down and abandoning module LinuxNoEditorTargetPlatform (36)
[2015.08.04-14.05.33:556][441]LogModuleManager: Shutting down and abandoning module Messaging (35)
[2015.08.04-14.05.33:556][441]LogModuleManager: Shutting down and abandoning module IOSTargetPlatform (34)
[2015.08.04-14.05.33:556][441]LogModuleManager: Shutting down and abandoning module HTML5TargetPlatform (33)
[2015.08.04-14.05.33:556][441]LogModuleManager: Shutting down and abandoning module Android_PVRTCTargetPlatform (32)
[2015.08.04-14.05.33:556][441]LogModuleManager: Shutting down and abandoning module Android_ETC2TargetPlatform (31)
[2015.08.04-14.05.33:556][441]LogModuleManager: Shutting down and abandoning module Android_ETC1TargetPlatform (30)
[2015.08.04-14.05.33:556][441]LogModuleManager: Shutting down and abandoning module Android_DXTTargetPlatform (29)
[2015.08.04-14.05.33:556][441]LogModuleManager: Shutting down and abandoning module Android_ATCTargetPlatform (28)
[2015.08.04-14.05.33:556][441]LogModuleManager: Shutting down and abandoning module Android_ASTCTargetPlatform (27)
[2015.08.04-14.05.33:556][441]LogModuleManager: Shutting down and abandoning module AndroidTargetPlatform (26)
[2015.08.04-14.05.33:556][441]LogModuleManager: Shutting down and abandoning module WindowsTargetPlatform (25)
[2015.08.04-14.05.33:556][441]LogModuleManager: Shutting down and abandoning module WindowsServerTargetPlatform (24)
[2015.08.04-14.05.33:556][441]LogModuleManager: Shutting down and abandoning module WindowsNoEditorTargetPlatform (23)
[2015.08.04-14.05.33:556][441]LogModuleManager: Shutting down and abandoning module WindowsClientTargetPlatform (22)
[2015.08.04-14.05.33:556][441]LogModuleManager: Shutting down and abandoning module DesktopTargetPlatform (21)
[2015.08.04-14.05.33:556][441]LogModuleManager: Shutting down and abandoning module TargetPlatform (20)
[2015.08.04-14.05.33:556][441]LogModuleManager: Shutting down and abandoning module InputCore (19)
[2015.08.04-14.05.33:556][441]LogModuleManager: Shutting down and abandoning module Settings (18)
[2015.08.04-14.05.33:556][441]LogModuleManager: Shutting down and abandoning module OnlineSubsystem (16)
[2015.08.04-14.05.33:556][441]LogModuleManager: Shutting down and abandoning module HTTP (15)
[2015.08.04-14.05.33:556][441]LogModuleManager: Shutting down and abandoning module ExampleDeviceProfileSelector (14)
[2015.08.04-14.05.33:556][441]LogModuleManager: Shutting down and abandoning module TextureCompressor (13)
[2015.08.04-14.05.33:557][441]LogModuleManager: Shutting down and abandoning module ShaderCore (12)
[2015.08.04-14.05.33:557][441]LogModuleManager: Shutting down and abandoning module Landscape (11)
[2015.08.04-14.05.33:557][441]LogModuleManager: Shutting down and abandoning module SlateRHIRenderer (10)
[2015.08.04-14.05.33:559][441]LogModuleManager: Shutting down and abandoning module OpenGLDrv (9)
[2015.08.04-14.05.33:579][441]LogModuleManager: Shutting down and abandoning module D3D11RHI (8)
[2015.08.04-14.05.33:579][441]LogModuleManager: Shutting down and abandoning module Renderer (7)
[2015.08.04-14.05.33:579][441]LogModuleManager: Shutting down and abandoning module Engine (6)
[2015.08.04-14.05.33:579][441]LogModuleManager: Shutting down and abandoning module CoreUObject (5)
[2015.08.04-14.05.33:580][441]LogModuleManager: Shutting down and abandoning module NetworkFile (4)
[2015.08.04-14.05.33:580][441]LogModuleManager: Shutting down and abandoning module StreamingFile (3)
[2015.08.04-14.05.33:580][441]LogModuleManager: Shutting down and abandoning module SandboxFile (2)
[2015.08.04-14.05.33:580][441]LogModuleManager: Shutting down and abandoning module PakFile (1)
[2015.08.04-14.05.33:597][441]LogExit: Exiting.
[2015.08.04-14.05.33:599][441]Log file closed, 08/04/15 16:05:33
